[     145ms] [INFO] %cDownload the React DevTools for a better development experience: https://react.dev/link/react-devtools font-weight:bold @ http://localhost:3000/_next/static/chunks/0u09_next_dist_01acjgj._.js:2431
[     188ms] [LOG] [HMR] connected @ http://localhost:3000/_next/static/chunks/0u09_next_dist_01acjgj._.js:2431
[     347ms] [LOG] %c[Vercel Web Analytics]%c Debug mode is enabled by default in development. No requests will be sent to the server. color: rgb(120, 120, 120) color: inherit @ http://localhost:3000/_next/static/chunks/0u09_next_dist_01acjgj._.js:2431
[     347ms] [LOG] %c[Vercel Web Analytics]%c Running queued event color: rgb(120, 120, 120) color: inherit pageview {route: /, path: /} @ http://localhost:3000/_next/static/chunks/0u09_next_dist_01acjgj._.js:2431
[     347ms] [LOG] %c[Vercel Web Analytics]%c [view] http://localhost:3000/ color: rgb(120, 120, 120) color: inherit {o: http://localhost:3000/, sv: 0.1.3, sdkn: @vercel/analytics/next, sdkv: 1.6.1, ts: 1776172039831} /_vercel/insights/view @ http://localhost:3000/_next/static/chunks/0u09_next_dist_01acjgj._.js:2431
[     347ms] [LOG] %c[Vercel Speed Insights]%c Debug mode is enabled by default in development. No requests will be sent to the server. color: rgb(120, 120, 120) color: inherit @ http://localhost:3000/_next/static/chunks/0u09_next_dist_01acjgj._.js:2431
[   54830ms] [LOG] %c[Vercel Speed Insights]%c [vitals] color: rgb(120, 120, 120) color: inherit {speed: 4g, metrics: Array(5), scriptVersion: 0.1.3, sdkName: @vercel/speed-insights/next, sdkVersion: 2.0.0} /_vercel/speed-insights/vitals @ http://localhost:3000/_next/static/chunks/0u09_next_dist_01acjgj._.js:2431
[   54831ms] [LOG] %c[Vercel Speed Insights]%c [vitals] color: rgb(120, 120, 120) color: inherit {speed: 4g, metrics: Array(1), scriptVersion: 0.1.3, sdkName: @vercel/speed-insights/next, sdkVersion: 2.0.0} /_vercel/speed-insights/vitals @ http://localhost:3000/_next/static/chunks/0u09_next_dist_01acjgj._.js:2431
[   54873ms] [INFO] %cDownload the React DevTools for a better development experience: https://react.dev/link/react-devtools font-weight:bold @ http://localhost:3000/_next/static/chunks/0u09_next_dist_01acjgj._.js:2431
[   54897ms] [LOG] [HMR] connected @ http://localhost:3000/_next/static/chunks/0u09_next_dist_01acjgj._.js:2431
[   54999ms] [INFO] %cDownload the React DevTools for a better development experience: https://react.dev/link/react-devtools font-weight:bold @ http://localhost:3000/_next/static/chunks/0u09_next_dist_01acjgj._.js:2431
[   55008ms] [LOG] [HMR] connected @ http://localhost:3000/_next/static/chunks/0u09_next_dist_01acjgj._.js:2431
[   55066ms] [LOG] %c[Vercel Web Analytics]%c Debug mode is enabled by default in development. No requests will be sent to the server. color: rgb(120, 120, 120) color: inherit @ http://localhost:3000/_next/static/chunks/0u09_next_dist_01acjgj._.js:2431
[   55066ms] [LOG] %c[Vercel Web Analytics]%c Running queued event color: rgb(120, 120, 120) color: inherit pageview {route: /inventory, path: /inventory} @ http://localhost:3000/_next/static/chunks/0u09_next_dist_01acjgj._.js:2431
[   55066ms] [LOG] %c[Vercel Web Analytics]%c [view] http://localhost:3000/inventory color: rgb(120, 120, 120) color: inherit {o: http://localhost:3000/inventory, sv: 0.1.3, sdkn: @vercel/analytics/next, sdkv: 1.6.1, ts: 1776172094551} /_vercel/insights/view @ http://localhost:3000/_next/static/chunks/0u09_next_dist_01acjgj._.js:2431
[   55066ms] [LOG] %c[Vercel Speed Insights]%c Debug mode is enabled by default in development. No requests will be sent to the server. color: rgb(120, 120, 120) color: inherit @ http://localhost:3000/_next/static/chunks/0u09_next_dist_01acjgj._.js:2431
[   55069ms] [LOG] %c[Vercel Speed Insights]%c [vitals] color: rgb(120, 120, 120) color: inherit {speed: 4g, metrics: Array(3), scriptVersion: 0.1.3, sdkName: @vercel/speed-insights/next, sdkVersion: 2.0.0} /_vercel/speed-insights/vitals @ http://localhost:3000/_next/static/chunks/0u09_next_dist_01acjgj._.js:2431
[   55069ms] [LOG] %c[Vercel Speed Insights]%c [vitals] color: rgb(120, 120, 120) color: inherit {speed: 4g, metrics: Array(1), scriptVersion: 0.1.3, sdkName: @vercel/speed-insights/next, sdkVersion: 2.0.0} /_vercel/speed-insights/vitals @ http://localhost:3000/_next/static/chunks/0u09_next_dist_01acjgj._.js:2431
[   55077ms] [INFO] %cDownload the React DevTools for a better development experience: https://react.dev/link/react-devtools font-weight:bold @ http://localhost:3000/_next/static/chunks/0u09_next_dist_01acjgj._.js:2431
[   55102ms] [LOG] [HMR] connected @ http://localhost:3000/_next/static/chunks/0u09_next_dist_01acjgj._.js:2431
[   55182ms] [LOG] %c[Vercel Web Analytics]%c Debug mode is enabled by default in development. No requests will be sent to the server. color: rgb(120, 120, 120) color: inherit @ http://localhost:3000/_next/static/chunks/0u09_next_dist_01acjgj._.js:2431
[   55182ms] [LOG] %c[Vercel Web Analytics]%c Running queued event color: rgb(120, 120, 120) color: inherit pageview {route: /financing, path: /financing} @ http://localhost:3000/_next/static/chunks/0u09_next_dist_01acjgj._.js:2431
[   55182ms] [LOG] %c[Vercel Web Analytics]%c [view] http://localhost:3000/financing color: rgb(120, 120, 120) color: inherit {o: http://localhost:3000/financing, sv: 0.1.3, sdkn: @vercel/analytics/next, sdkv: 1.6.1, ts: 1776172094666} /_vercel/insights/view @ http://localhost:3000/_next/static/chunks/0u09_next_dist_01acjgj._.js:2431
[   55182ms] [LOG] %c[Vercel Speed Insights]%c Debug mode is enabled by default in development. No requests will be sent to the server. color: rgb(120, 120, 120) color: inherit @ http://localhost:3000/_next/static/chunks/0u09_next_dist_01acjgj._.js:2431
[   55207ms] [LOG] %c[Vercel Speed Insights]%c [vitals] color: rgb(120, 120, 120) color: inherit {speed: 4g, metrics: Array(3), scriptVersion: 0.1.3, sdkName: @vercel/speed-insights/next, sdkVersion: 2.0.0} /_vercel/speed-insights/vitals @ http://localhost:3000/_next/static/chunks/0u09_next_dist_01acjgj._.js:2431
[   55207ms] [LOG] %c[Vercel Speed Insights]%c [vitals] color: rgb(120, 120, 120) color: inherit {speed: 4g, metrics: Array(1), scriptVersion: 0.1.3, sdkName: @vercel/speed-insights/next, sdkVersion: 2.0.0} /_vercel/speed-insights/vitals @ http://localhost:3000/_next/static/chunks/0u09_next_dist_01acjgj._.js:2431
[   55217ms] [INFO] %cDownload the React DevTools for a better development experience: https://react.dev/link/react-devtools font-weight:bold @ http://localhost:3000/_next/static/chunks/0u09_next_dist_01acjgj._.js:2431
[   55236ms] [LOG] [HMR] connected @ http://localhost:3000/_next/static/chunks/0u09_next_dist_01acjgj._.js:2431
[   55310ms] [INFO] %cDownload the React DevTools for a better development experience: https://react.dev/link/react-devtools font-weight:bold @ http://localhost:3000/_next/static/chunks/0u09_next_dist_01acjgj._.js:2431
[   55336ms] [LOG] [HMR] connected @ http://localhost:3000/_next/static/chunks/0u09_next_dist_01acjgj._.js:2431
[   55396ms] [LOG] %c[Vercel Web Analytics]%c Debug mode is enabled by default in development. No requests will be sent to the server. color: rgb(120, 120, 120) color: inherit @ http://localhost:3000/_next/static/chunks/0u09_next_dist_01acjgj._.js:2431
[   55396ms] [LOG] %c[Vercel Web Analytics]%c Running queued event color: rgb(120, 120, 120) color: inherit pageview {route: /about, path: /about} @ http://localhost:3000/_next/static/chunks/0u09_next_dist_01acjgj._.js:2431
[   55397ms] [LOG] %c[Vercel Web Analytics]%c [view] http://localhost:3000/about color: rgb(120, 120, 120) color: inherit {o: http://localhost:3000/about, sv: 0.1.3, sdkn: @vercel/analytics/next, sdkv: 1.6.1, ts: 1776172094881} /_vercel/insights/view @ http://localhost:3000/_next/static/chunks/0u09_next_dist_01acjgj._.js:2431
[   55397ms] [LOG] %c[Vercel Speed Insights]%c Debug mode is enabled by default in development. No requests will be sent to the server. color: rgb(120, 120, 120) color: inherit @ http://localhost:3000/_next/static/chunks/0u09_next_dist_01acjgj._.js:2431
[   55431ms] [LOG] %c[Vercel Speed Insights]%c [vitals] color: rgb(120, 120, 120) color: inherit {speed: 4g, metrics: Array(3), scriptVersion: 0.1.3, sdkName: @vercel/speed-insights/next, sdkVersion: 2.0.0} /_vercel/speed-insights/vitals @ http://localhost:3000/_next/static/chunks/0u09_next_dist_01acjgj._.js:2431
[   55431ms] [LOG] %c[Vercel Speed Insights]%c [vitals] color: rgb(120, 120, 120) color: inherit {speed: 4g, metrics: Array(1), scriptVersion: 0.1.3, sdkName: @vercel/speed-insights/next, sdkVersion: 2.0.0} /_vercel/speed-insights/vitals @ http://localhost:3000/_next/static/chunks/0u09_next_dist_01acjgj._.js:2431
[   55443ms] [INFO] %cDownload the React DevTools for a better development experience: https://react.dev/link/react-devtools font-weight:bold @ http://localhost:3000/_next/static/chunks/0u09_next_dist_01acjgj._.js:2431
[   55461ms] [LOG] [HMR] connected @ http://localhost:3000/_next/static/chunks/0u09_next_dist_01acjgj._.js:2431
[   55543ms] [LOG] %c[Vercel Web Analytics]%c Debug mode is enabled by default in development. No requests will be sent to the server. color: rgb(120, 120, 120) color: inherit @ http://localhost:3000/_next/static/chunks/0u09_next_dist_01acjgj._.js:2431
[   55543ms] [LOG] %c[Vercel Web Analytics]%c Running queued event color: rgb(120, 120, 120) color: inherit pageview {route: /faq, path: /faq} @ http://localhost:3000/_next/static/chunks/0u09_next_dist_01acjgj._.js:2431
[   55544ms] [LOG] %c[Vercel Web Analytics]%c [view] http://localhost:3000/faq color: rgb(120, 120, 120) color: inherit {o: http://localhost:3000/faq, sv: 0.1.3, sdkn: @vercel/analytics/next, sdkv: 1.6.1, ts: 1776172095028} /_vercel/insights/view @ http://localhost:3000/_next/static/chunks/0u09_next_dist_01acjgj._.js:2431
[   55544ms] [LOG] %c[Vercel Speed Insights]%c Debug mode is enabled by default in development. No requests will be sent to the server. color: rgb(120, 120, 120) color: inherit @ http://localhost:3000/_next/static/chunks/0u09_next_dist_01acjgj._.js:2431
[   55581ms] [LOG] %c[Vercel Speed Insights]%c [vitals] color: rgb(120, 120, 120) color: inherit {speed: 4g, metrics: Array(3), scriptVersion: 0.1.3, sdkName: @vercel/speed-insights/next, sdkVersion: 2.0.0} /_vercel/speed-insights/vitals @ http://localhost:3000/_next/static/chunks/0u09_next_dist_01acjgj._.js:2431
[   55581ms] [LOG] %c[Vercel Speed Insights]%c [vitals] color: rgb(120, 120, 120) color: inherit {speed: 4g, metrics: Array(1), scriptVersion: 0.1.3, sdkName: @vercel/speed-insights/next, sdkVersion: 2.0.0} /_vercel/speed-insights/vitals @ http://localhost:3000/_next/static/chunks/0u09_next_dist_01acjgj._.js:2431
[   55607ms] [INFO] %cDownload the React DevTools for a better development experience: https://react.dev/link/react-devtools font-weight:bold @ http://localhost:3000/_next/static/chunks/0u09_next_dist_01acjgj._.js:2431
[   55617ms] [LOG] [HMR] connected @ http://localhost:3000/_next/static/chunks/0u09_next_dist_01acjgj._.js:2431
[   55808ms] [INFO] %cDownload the React DevTools for a better development experience: https://react.dev/link/react-devtools font-weight:bold @ http://localhost:3000/_next/static/chunks/0u09_next_dist_01acjgj._.js:2431
[   55826ms] [LOG] [HMR] connected @ http://localhost:3000/_next/static/chunks/0u09_next_dist_01acjgj._.js:2431
[   55910ms] [INFO] %cDownload the React DevTools for a better development experience: https://react.dev/link/react-devtools font-weight:bold @ http://localhost:3000/_next/static/chunks/0u09_next_dist_01acjgj._.js:2431
[   55924ms] [LOG] [HMR] connected @ http://localhost:3000/_next/static/chunks/0u09_next_dist_01acjgj._.js:2431
[   55993ms] [INFO] %cDownload the React DevTools for a better development experience: https://react.dev/link/react-devtools font-weight:bold @ http://localhost:3000/_next/static/chunks/0u09_next_dist_01acjgj._.js:2431
[   56003ms] [LOG] [HMR] connected @ http://localhost:3000/_next/static/chunks/0u09_next_dist_01acjgj._.js:2431
[   56055ms] [LOG] %c[Vercel Web Analytics]%c Debug mode is enabled by default in development. No requests will be sent to the server. color: rgb(120, 120, 120) color: inherit @ http://localhost:3000/_next/static/chunks/0u09_next_dist_01acjgj._.js:2431
[   56055ms] [LOG] %c[Vercel Web Analytics]%c Running queued event color: rgb(120, 120, 120) color: inherit pageview {route: /delivery, path: /delivery} @ http://localhost:3000/_next/static/chunks/0u09_next_dist_01acjgj._.js:2431
[   56055ms] [LOG] %c[Vercel Web Analytics]%c [view] http://localhost:3000/delivery color: rgb(120, 120, 120) color: inherit {o: http://localhost:3000/delivery, sv: 0.1.3, sdkn: @vercel/analytics/next, sdkv: 1.6.1, ts: 1776172095540} /_vercel/insights/view @ http://localhost:3000/_next/static/chunks/0u09_next_dist_01acjgj._.js:2431
[   56056ms] [LOG] %c[Vercel Speed Insights]%c Debug mode is enabled by default in development. No requests will be sent to the server. color: rgb(120, 120, 120) color: inherit @ http://localhost:3000/_next/static/chunks/0u09_next_dist_01acjgj._.js:2431
[   56091ms] [LOG] %c[Vercel Speed Insights]%c [vitals] color: rgb(120, 120, 120) color: inherit {speed: 4g, metrics: Array(3), scriptVersion: 0.1.3, sdkName: @vercel/speed-insights/next, sdkVersion: 2.0.0} /_vercel/speed-insights/vitals @ http://localhost:3000/_next/static/chunks/0u09_next_dist_01acjgj._.js:2431
[   56091ms] [LOG] %c[Vercel Speed Insights]%c [vitals] color: rgb(120, 120, 120) color: inherit {speed: 4g, metrics: Array(1), scriptVersion: 0.1.3, sdkName: @vercel/speed-insights/next, sdkVersion: 2.0.0} /_vercel/speed-insights/vitals @ http://localhost:3000/_next/static/chunks/0u09_next_dist_01acjgj._.js:2431
[   56102ms] [INFO] %cDownload the React DevTools for a better development experience: https://react.dev/link/react-devtools font-weight:bold @ http://localhost:3000/_next/static/chunks/0u09_next_dist_01acjgj._.js:2431
[   56129ms] [LOG] [HMR] connected @ http://localhost:3000/_next/static/chunks/0u09_next_dist_01acjgj._.js:2431
[   56205ms] [LOG] %c[Vercel Web Analytics]%c Debug mode is enabled by default in development. No requests will be sent to the server. color: rgb(120, 120, 120) color: inherit @ http://localhost:3000/_next/static/chunks/0u09_next_dist_01acjgj._.js:2431
[   56206ms] [LOG] %c[Vercel Web Analytics]%c Running queued event color: rgb(120, 120, 120) color: inherit pageview {route: /blog, path: /blog} @ http://localhost:3000/_next/static/chunks/0u09_next_dist_01acjgj._.js:2431
[   56206ms] [LOG] %c[Vercel Web Analytics]%c [view] http://localhost:3000/blog color: rgb(120, 120, 120) color: inherit {o: http://localhost:3000/blog, sv: 0.1.3, sdkn: @vercel/analytics/next, sdkv: 1.6.1, ts: 1776172095690} /_vercel/insights/view @ http://localhost:3000/_next/static/chunks/0u09_next_dist_01acjgj._.js:2431
[   56206ms] [LOG] %c[Vercel Speed Insights]%c Debug mode is enabled by default in development. No requests will be sent to the server. color: rgb(120, 120, 120) color: inherit @ http://localhost:3000/_next/static/chunks/0u09_next_dist_01acjgj._.js:2431
[   56240ms] [LOG] %c[Vercel Speed Insights]%c [vitals] color: rgb(120, 120, 120) color: inherit {speed: 4g, metrics: Array(3), scriptVersion: 0.1.3, sdkName: @vercel/speed-insights/next, sdkVersion: 2.0.0} /_vercel/speed-insights/vitals @ http://localhost:3000/_next/static/chunks/0u09_next_dist_01acjgj._.js:2431
[   56241ms] [LOG] %c[Vercel Speed Insights]%c [vitals] color: rgb(120, 120, 120) color: inherit {speed: 4g, metrics: Array(1), scriptVersion: 0.1.3, sdkName: @vercel/speed-insights/next, sdkVersion: 2.0.0} /_vercel/speed-insights/vitals @ http://localhost:3000/_next/static/chunks/0u09_next_dist_01acjgj._.js:2431
[   56249ms] [INFO] %cDownload the React DevTools for a better development experience: https://react.dev/link/react-devtools font-weight:bold @ http://localhost:3000/_next/static/chunks/0u09_next_dist_01acjgj._.js:2431
[   56273ms] [LOG] [HMR] connected @ http://localhost:3000/_next/static/chunks/0u09_next_dist_01acjgj._.js:2431
[   56323ms] [LOG] %c[Vercel Web Analytics]%c Debug mode is enabled by default in development. No requests will be sent to the server. color: rgb(120, 120, 120) color: inherit @ http://localhost:3000/_next/static/chunks/0u09_next_dist_01acjgj._.js:2431
[   56323ms] [LOG] %c[Vercel Web Analytics]%c Running queued event color: rgb(120, 120, 120) color: inherit pageview {route: /warranty, path: /warranty} @ http://localhost:3000/_next/static/chunks/0u09_next_dist_01acjgj._.js:2431
[   56323ms] [LOG] %c[Vercel Web Analytics]%c [view] http://localhost:3000/warranty color: rgb(120, 120, 120) color: inherit {o: http://localhost:3000/warranty, sv: 0.1.3, sdkn: @vercel/analytics/next, sdkv: 1.6.1, ts: 1776172095808} /_vercel/insights/view @ http://localhost:3000/_next/static/chunks/0u09_next_dist_01acjgj._.js:2431
[   56323ms] [LOG] %c[Vercel Speed Insights]%c Debug mode is enabled by default in development. No requests will be sent to the server. color: rgb(120, 120, 120) color: inherit @ http://localhost:3000/_next/static/chunks/0u09_next_dist_01acjgj._.js:2431
[   56341ms] [LOG] %c[Vercel Speed Insights]%c [vitals] color: rgb(120, 120, 120) color: inherit {speed: 4g, metrics: Array(3), scriptVersion: 0.1.3, sdkName: @vercel/speed-insights/next, sdkVersion: 2.0.0} /_vercel/speed-insights/vitals @ http://localhost:3000/_next/static/chunks/0u09_next_dist_01acjgj._.js:2431
[   56341ms] [LOG] %c[Vercel Speed Insights]%c [vitals] color: rgb(120, 120, 120) color: inherit {speed: 4g, metrics: Array(1), scriptVersion: 0.1.3, sdkName: @vercel/speed-insights/next, sdkVersion: 2.0.0} /_vercel/speed-insights/vitals @ http://localhost:3000/_next/static/chunks/0u09_next_dist_01acjgj._.js:2431
[   56350ms] [INFO] %cDownload the React DevTools for a better development experience: https://react.dev/link/react-devtools font-weight:bold @ http://localhost:3000/_next/static/chunks/0u09_next_dist_01acjgj._.js:2431
[   56367ms] [LOG] [HMR] connected @ http://localhost:3000/_next/static/chunks/0u09_next_dist_01acjgj._.js:2431
[   56452ms] [INFO] %cDownload the React DevTools for a better development experience: https://react.dev/link/react-devtools font-weight:bold @ http://localhost:3000/_next/static/chunks/0u09_next_dist_01acjgj._.js:2431
[   56468ms] [LOG] [HMR] connected @ http://localhost:3000/_next/static/chunks/0u09_next_dist_01acjgj._.js:2431
[   56533ms] [INFO] %cDownload the React DevTools for a better development experience: https://react.dev/link/react-devtools font-weight:bold @ http://localhost:3000/_next/static/chunks/0u09_next_dist_01acjgj._.js:2431
[   56541ms] [LOG] [HMR] connected @ http://localhost:3000/_next/static/chunks/0u09_next_dist_01acjgj._.js:2431
[   56593ms] [LOG] %c[Vercel Web Analytics]%c Debug mode is enabled by default in development. No requests will be sent to the server. color: rgb(120, 120, 120) color: inherit @ http://localhost:3000/_next/static/chunks/0u09_next_dist_01acjgj._.js:2431
[   56593ms] [LOG] %c[Vercel Web Analytics]%c Running queued event color: rgb(120, 120, 120) color: inherit pageview {route: /terms, path: /terms} @ http://localhost:3000/_next/static/chunks/0u09_next_dist_01acjgj._.js:2431
[   56593ms] [LOG] %c[Vercel Web Analytics]%c [view] http://localhost:3000/terms color: rgb(120, 120, 120) color: inherit {o: http://localhost:3000/terms, sv: 0.1.3, sdkn: @vercel/analytics/next, sdkv: 1.6.1, ts: 1776172096077} /_vercel/insights/view @ http://localhost:3000/_next/static/chunks/0u09_next_dist_01acjgj._.js:2431
[   56593ms] [LOG] %c[Vercel Speed Insights]%c Debug mode is enabled by default in development. No requests will be sent to the server. color: rgb(120, 120, 120) color: inherit @ http://localhost:3000/_next/static/chunks/0u09_next_dist_01acjgj._.js:2431
[   56604ms] [LOG] %c[Vercel Speed Insights]%c [vitals] color: rgb(120, 120, 120) color: inherit {speed: 4g, metrics: Array(3), scriptVersion: 0.1.3, sdkName: @vercel/speed-insights/next, sdkVersion: 2.0.0} /_vercel/speed-insights/vitals @ http://localhost:3000/_next/static/chunks/0u09_next_dist_01acjgj._.js:2431
[   56604ms] [LOG] %c[Vercel Speed Insights]%c [vitals] color: rgb(120, 120, 120) color: inherit {speed: 4g, metrics: Array(1), scriptVersion: 0.1.3, sdkName: @vercel/speed-insights/next, sdkVersion: 2.0.0} /_vercel/speed-insights/vitals @ http://localhost:3000/_next/static/chunks/0u09_next_dist_01acjgj._.js:2431
[   56620ms] [INFO] %cDownload the React DevTools for a better development experience: https://react.dev/link/react-devtools font-weight:bold @ http://localhost:3000/_next/static/chunks/0u09_next_dist_01acjgj._.js:2431
[   56628ms] [LOG] [HMR] connected @ http://localhost:3000/_next/static/chunks/0u09_next_dist_01acjgj._.js:2431
[   56676ms] [LOG] %c[Vercel Web Analytics]%c Debug mode is enabled by default in development. No requests will be sent to the server. color: rgb(120, 120, 120) color: inherit @ http://localhost:3000/_next/static/chunks/0u09_next_dist_01acjgj._.js:2431
[   56676ms] [LOG] %c[Vercel Web Analytics]%c Running queued event color: rgb(120, 120, 120) color: inherit pageview {route: /accessibility, path: /accessibility} @ http://localhost:3000/_next/static/chunks/0u09_next_dist_01acjgj._.js:2431
[   56676ms] [LOG] %c[Vercel Web Analytics]%c [view] http://localhost:3000/accessibility color: rgb(120, 120, 120) color: inherit {o: http://localhost:3000/accessibility, sv: 0.1.3, sdkn: @vercel/analytics/next, sdkv: 1.6.1, ts: 1776172096161} /_vercel/insights/view @ http://localhost:3000/_next/static/chunks/0u09_next_dist_01acjgj._.js:2431
[   56676ms] [LOG] %c[Vercel Speed Insights]%c Debug mode is enabled by default in development. No requests will be sent to the server. color: rgb(120, 120, 120) color: inherit @ http://localhost:3000/_next/static/chunks/0u09_next_dist_01acjgj._.js:2431
[   56679ms] [LOG] %c[Vercel Speed Insights]%c [vitals] color: rgb(120, 120, 120) color: inherit {speed: 4g, metrics: Array(3), scriptVersion: 0.1.3, sdkName: @vercel/speed-insights/next, sdkVersion: 2.0.0} /_vercel/speed-insights/vitals @ http://localhost:3000/_next/static/chunks/0u09_next_dist_01acjgj._.js:2431
[   56679ms] [LOG] %c[Vercel Speed Insights]%c [vitals] color: rgb(120, 120, 120) color: inherit {speed: 4g, metrics: Array(1), scriptVersion: 0.1.3, sdkName: @vercel/speed-insights/next, sdkVersion: 2.0.0} /_vercel/speed-insights/vitals @ http://localhost:3000/_next/static/chunks/0u09_next_dist_01acjgj._.js:2431
[   56694ms] [INFO] %cDownload the React DevTools for a better development experience: https://react.dev/link/react-devtools font-weight:bold @ http://localhost:3000/_next/static/chunks/0u09_next_dist_01acjgj._.js:2431
[   56704ms] [LOG] [HMR] connected @ http://localhost:3000/_next/static/chunks/0u09_next_dist_01acjgj._.js:2431
[   56756ms] [LOG] %c[Vercel Web Analytics]%c Debug mode is enabled by default in development. No requests will be sent to the server. color: rgb(120, 120, 120) color: inherit @ http://localhost:3000/_next/static/chunks/0u09_next_dist_01acjgj._.js:2431
[   56756ms] [LOG] %c[Vercel Web Analytics]%c Running queued event color: rgb(120, 120, 120) color: inherit pageview {route: /sitemap, path: /sitemap} @ http://localhost:3000/_next/static/chunks/0u09_next_dist_01acjgj._.js:2431
[   56756ms] [LOG] %c[Vercel Web Analytics]%c [view] http://localhost:3000/sitemap color: rgb(120, 120, 120) color: inherit {o: http://localhost:3000/sitemap, sv: 0.1.3, sdkn: @vercel/analytics/next, sdkv: 1.6.1, ts: 1776172096240} /_vercel/insights/view @ http://localhost:3000/_next/static/chunks/0u09_next_dist_01acjgj._.js:2431
[   56756ms] [LOG] %c[Vercel Speed Insights]%c Debug mode is enabled by default in development. No requests will be sent to the server. color: rgb(120, 120, 120) color: inherit @ http://localhost:3000/_next/static/chunks/0u09_next_dist_01acjgj._.js:2431
[   56771ms] [LOG] %c[Vercel Speed Insights]%c [vitals] color: rgb(120, 120, 120) color: inherit {speed: 4g, metrics: Array(3), scriptVersion: 0.1.3, sdkName: @vercel/speed-insights/next, sdkVersion: 2.0.0} /_vercel/speed-insights/vitals @ http://localhost:3000/_next/static/chunks/0u09_next_dist_01acjgj._.js:2431
[   56771ms] [LOG] %c[Vercel Speed Insights]%c [vitals] color: rgb(120, 120, 120) color: inherit {speed: 4g, metrics: Array(1), scriptVersion: 0.1.3, sdkName: @vercel/speed-insights/next, sdkVersion: 2.0.0} /_vercel/speed-insights/vitals @ http://localhost:3000/_next/static/chunks/0u09_next_dist_01acjgj._.js:2431
[   56793ms] [INFO] %cDownload the React DevTools for a better development experience: https://react.dev/link/react-devtools font-weight:bold @ http://localhost:3000/_next/static/chunks/0u09_next_dist_01acjgj._.js:2431
[   56802ms] [LOG] [HMR] connected @ http://localhost:3000/_next/static/chunks/0u09_next_dist_01acjgj._.js:2431
[   56877ms] [INFO] %cDownload the React DevTools for a better development experience: https://react.dev/link/react-devtools font-weight:bold @ http://localhost:3000/_next/static/chunks/0u09_next_dist_01acjgj._.js:2431
[   56890ms] [LOG] [HMR] connected @ http://localhost:3000/_next/static/chunks/0u09_next_dist_01acjgj._.js:2431
[   56975ms] [INFO] %cDownload the React DevTools for a better development experience: https://react.dev/link/react-devtools font-weight:bold @ http://localhost:3000/_next/static/chunks/0u09_next_dist_01acjgj._.js:2431
[   56985ms] [LOG] [HMR] connected @ http://localhost:3000/_next/static/chunks/0u09_next_dist_01acjgj._.js:2431
[   57042ms] [INFO] %cDownload the React DevTools for a better development experience: https://react.dev/link/react-devtools font-weight:bold @ http://localhost:3000/_next/static/chunks/0u09_next_dist_01acjgj._.js:2431
[   57059ms] [LOG] [HMR] connected @ http://localhost:3000/_next/static/chunks/0u09_next_dist_01acjgj._.js:2431
[   57103ms] [WARNING] Image with src "https://images.unsplash.com/photo-1617531653332-bd46c24f2068?w=1200&auto=format&fit=crop&q=80" was detected as the Largest Contentful Paint (LCP). Please add the `loading="eager"` property if this image is above the fold.
Read more: https://nextjs.org/docs/app/api-reference/components/image#loading @ http://localhost:3000/_next/static/chunks/0u09_next_dist_01acjgj._.js:2431
[   57117ms] [LOG] %c[Vercel Web Analytics]%c Debug mode is enabled by default in development. No requests will be sent to the server. color: rgb(120, 120, 120) color: inherit @ http://localhost:3000/_next/static/chunks/0u09_next_dist_01acjgj._.js:2431
[   57117ms] [LOG] %c[Vercel Web Analytics]%c Running queued event color: rgb(120, 120, 120) color: inherit pageview {route: /viewer, path: /viewer} @ http://localhost:3000/_next/static/chunks/0u09_next_dist_01acjgj._.js:2431
[   57117ms] [LOG] %c[Vercel Web Analytics]%c [view] http://localhost:3000/viewer color: rgb(120, 120, 120) color: inherit {o: http://localhost:3000/viewer, sv: 0.1.3, sdkn: @vercel/analytics/next, sdkv: 1.6.1, ts: 1776172096602} /_vercel/insights/view @ http://localhost:3000/_next/static/chunks/0u09_next_dist_01acjgj._.js:2431
[   57117ms] [LOG] %c[Vercel Speed Insights]%c Debug mode is enabled by default in development. No requests will be sent to the server. color: rgb(120, 120, 120) color: inherit @ http://localhost:3000/_next/static/chunks/0u09_next_dist_01acjgj._.js:2431
[   57130ms] [LOG] %c[Vercel Speed Insights]%c [vitals] color: rgb(120, 120, 120) color: inherit {speed: 4g, metrics: Array(3), scriptVersion: 0.1.3, sdkName: @vercel/speed-insights/next, sdkVersion: 2.0.0} /_vercel/speed-insights/vitals @ http://localhost:3000/_next/static/chunks/0u09_next_dist_01acjgj._.js:2431
[   57131ms] [LOG] %c[Vercel Speed Insights]%c [vitals] color: rgb(120, 120, 120) color: inherit {speed: 4g, metrics: Array(1), scriptVersion: 0.1.3, sdkName: @vercel/speed-insights/next, sdkVersion: 2.0.0} /_vercel/speed-insights/vitals @ http://localhost:3000/_next/static/chunks/0u09_next_dist_01acjgj._.js:2431
[   57145ms] [VERBOSE] [DOM] Input elements should have autocomplete attributes (suggested: "current-password"): (More info: https://goo.gl/9p2vKq) %o @ http://localhost:3000/auth/login:0
[   57148ms] [INFO] %cDownload the React DevTools for a better development experience: https://react.dev/link/react-devtools font-weight:bold @ http://localhost:3000/_next/static/chunks/0u09_next_dist_01acjgj._.js:2431
[   57158ms] [LOG] [HMR] connected @ http://localhost:3000/_next/static/chunks/0u09_next_dist_01acjgj._.js:2431
[   57212ms] [LOG] %c[Vercel Web Analytics]%c Debug mode is enabled by default in development. No requests will be sent to the server. color: rgb(120, 120, 120) color: inherit @ http://localhost:3000/_next/static/chunks/0u09_next_dist_01acjgj._.js:2431
[   57212ms] [LOG] %c[Vercel Web Analytics]%c Running queued event color: rgb(120, 120, 120) color: inherit pageview {route: /auth/login, path: /auth/login} @ http://localhost:3000/_next/static/chunks/0u09_next_dist_01acjgj._.js:2431
[   57213ms] [LOG] %c[Vercel Web Analytics]%c [view] http://localhost:3000/auth/login color: rgb(120, 120, 120) color: inherit {o: http://localhost:3000/auth/login, sv: 0.1.3, sdkn: @vercel/analytics/next, sdkv: 1.6.1, ts: 1776172096697} /_vercel/insights/view @ http://localhost:3000/_next/static/chunks/0u09_next_dist_01acjgj._.js:2431
[   57213ms] [LOG] %c[Vercel Speed Insights]%c Debug mode is enabled by default in development. No requests will be sent to the server. color: rgb(120, 120, 120) color: inherit @ http://localhost:3000/_next/static/chunks/0u09_next_dist_01acjgj._.js:2431
[   57311ms] [LOG] [Fast Refresh] rebuilding @ http://localhost:3000/_next/static/chunks/0u09_next_dist_01acjgj._.js:2431
[   57516ms] [LOG] %c[Vercel Speed Insights]%c [vitals] color: rgb(120, 120, 120) color: inherit {speed: 4g, metrics: Array(3), scriptVersion: 0.1.3, sdkName: @vercel/speed-insights/next, sdkVersion: 2.0.0} /_vercel/speed-insights/vitals @ http://localhost:3000/_next/static/chunks/0u09_next_dist_01acjgj._.js:2431
[   57516ms] [LOG] %c[Vercel Speed Insights]%c [vitals] color: rgb(120, 120, 120) color: inherit {speed: 4g, metrics: Array(1), scriptVersion: 0.1.3, sdkName: @vercel/speed-insights/next, sdkVersion: 2.0.0} /_vercel/speed-insights/vitals @ http://localhost:3000/_next/static/chunks/0u09_next_dist_01acjgj._.js:2431
[   57522ms] [VERBOSE] [DOM] Input elements should have autocomplete attributes (suggested: "new-password"): (More info: https://goo.gl/9p2vKq) %o @ http://localhost:3000/auth/signup:0
[   57522ms] [VERBOSE] [DOM] Input elements should have autocomplete attributes (suggested: "new-password"): (More info: https://goo.gl/9p2vKq) %o @ http://localhost:3000/auth/signup:0
[   57526ms] [INFO] %cDownload the React DevTools for a better development experience: https://react.dev/link/react-devtools font-weight:bold @ http://localhost:3000/_next/static/chunks/0u09_next_dist_01acjgj._.js:2431
[   57544ms] [LOG] [HMR] connected @ http://localhost:3000/_next/static/chunks/0u09_next_dist_01acjgj._.js:2431
[   57618ms] [INFO] %cDownload the React DevTools for a better development experience: https://react.dev/link/react-devtools font-weight:bold @ http://localhost:3000/_next/static/chunks/0u09_next_dist_01acjgj._.js:2431
[   57633ms] [LOG] [HMR] connected @ http://localhost:3000/_next/static/chunks/0u09_next_dist_01acjgj._.js:2431
[   57702ms] [LOG] %c[Vercel Web Analytics]%c Debug mode is enabled by default in development. No requests will be sent to the server. color: rgb(120, 120, 120) color: inherit @ http://localhost:3000/_next/static/chunks/0u09_next_dist_01acjgj._.js:2431
[   57703ms] [LOG] %c[Vercel Web Analytics]%c Running queued event color: rgb(120, 120, 120) color: inherit pageview {route: /account, path: /account} @ http://localhost:3000/_next/static/chunks/0u09_next_dist_01acjgj._.js:2431
[   57703ms] [LOG] %c[Vercel Web Analytics]%c [view] http://localhost:3000/account color: rgb(120, 120, 120) color: inherit {o: http://localhost:3000/account, sv: 0.1.3, sdkn: @vercel/analytics/next, sdkv: 1.6.1, ts: 1776172097187} /_vercel/insights/view @ http://localhost:3000/_next/static/chunks/0u09_next_dist_01acjgj._.js:2431
[   57703ms] [LOG] %c[Vercel Speed Insights]%c Debug mode is enabled by default in development. No requests will be sent to the server. color: rgb(120, 120, 120) color: inherit @ http://localhost:3000/_next/static/chunks/0u09_next_dist_01acjgj._.js:2431
[   57793ms] [VERBOSE] [DOM] Input elements should have autocomplete attributes (suggested: "current-password"): (More info: https://goo.gl/9p2vKq) %o @ http://localhost:3000/account:0
[   72094ms] [LOG] [Fast Refresh] rebuilding @ http://localhost:3000/_next/static/chunks/0u09_next_dist_01acjgj._.js:2431
[   72472ms] [LOG] %c[Vercel Speed Insights]%c [vitals] color: rgb(120, 120, 120) color: inherit {speed: 4g, metrics: Array(3), scriptVersion: 0.1.3, sdkName: @vercel/speed-insights/next, sdkVersion: 2.0.0} /_vercel/speed-insights/vitals @ http://localhost:3000/_next/static/chunks/0u09_next_dist_01acjgj._.js:2431
[   72472ms] [LOG] %c[Vercel Speed Insights]%c [vitals] color: rgb(120, 120, 120) color: inherit {speed: 4g, metrics: Array(1), scriptVersion: 0.1.3, sdkName: @vercel/speed-insights/next, sdkVersion: 2.0.0} /_vercel/speed-insights/vitals @ http://localhost:3000/_next/static/chunks/0u09_next_dist_01acjgj._.js:2431
[   72511ms] [INFO] %cDownload the React DevTools for a better development experience: https://react.dev/link/react-devtools font-weight:bold @ http://localhost:3000/_next/static/chunks/0u09_next_dist_01acjgj._.js:2431
[   72522ms] [LOG] [HMR] connected @ http://localhost:3000/_next/static/chunks/0u09_next_dist_01acjgj._.js:2431
[   72585ms] [ERROR] You provided a `value` prop to a form field without an `onChange` handler. This will render a read-only field. If the field should be mutable use `defaultValue`. Otherwise, set either `onChange` or `readOnly`. @ http://localhost:3000/_next/static/chunks/0u09_next_dist_01acjgj._.js:3272
[   72590ms] [ERROR] You provided a `value` prop to a form field without an `onChange` handler. This will render a read-only field. If the field should be mutable use `defaultValue`. Otherwise, set either `onChange` or `readOnly`. @ http://localhost:3000/_next/static/chunks/0u09_next_dist_01acjgj._.js:3272
[   72780ms] [LOG] [Fast Refresh] rebuilding @ http://localhost:3000/_next/static/chunks/0u09_next_dist_01acjgj._.js:2431
[   72790ms] [LOG] %c[Vercel Web Analytics]%c Debug mode is enabled by default in development. No requests will be sent to the server. color: rgb(120, 120, 120) color: inherit @ http://localhost:3000/_next/static/chunks/0u09_next_dist_01acjgj._.js:2431
[   72790ms] [LOG] %c[Vercel Web Analytics]%c Running queued event color: rgb(120, 120, 120) color: inherit pageview {route: /financing/application, path: /financing/application} @ http://localhost:3000/_next/static/chunks/0u09_next_dist_01acjgj._.js:2431
[   72790ms] [LOG] %c[Vercel Web Analytics]%c [view] http://localhost:3000/financing/application color: rgb(120, 120, 120) color: inherit {o: http://localhost:3000/financing/application, sv: 0.1.3, sdkn: @vercel/analytics/next, sdkv: 1.6.1, ts: 1776172112274} /_vercel/insights/view @ http://localhost:3000/_next/static/chunks/0u09_next_dist_01acjgj._.js:2431
[   72790ms] [LOG] %c[Vercel Speed Insights]%c Debug mode is enabled by default in development. No requests will be sent to the server. color: rgb(120, 120, 120) color: inherit @ http://localhost:3000/_next/static/chunks/0u09_next_dist_01acjgj._.js:2431
[   72928ms] [LOG] [Fast Refresh] done in 387ms @ http://localhost:3000/_next/static/chunks/0u09_next_dist_01acjgj._.js:2431
[   73130ms] [LOG] %c[Vercel Speed Insights]%c [vitals] color: rgb(120, 120, 120) color: inherit {speed: 4g, metrics: Array(3), scriptVersion: 0.1.3, sdkName: @vercel/speed-insights/next, sdkVersion: 2.0.0} /_vercel/speed-insights/vitals @ http://localhost:3000/_next/static/chunks/0u09_next_dist_01acjgj._.js:2431
[   73130ms] [LOG] %c[Vercel Speed Insights]%c [vitals] color: rgb(120, 120, 120) color: inherit {speed: 4g, metrics: Array(1), scriptVersion: 0.1.3, sdkName: @vercel/speed-insights/next, sdkVersion: 2.0.0} /_vercel/speed-insights/vitals @ http://localhost:3000/_next/static/chunks/0u09_next_dist_01acjgj._.js:2431
[   73157ms] [INFO] %cDownload the React DevTools for a better development experience: https://react.dev/link/react-devtools font-weight:bold @ http://localhost:3000/_next/static/chunks/0u09_next_dist_01acjgj._.js:2431
[   73191ms] [LOG] [HMR] connected @ http://localhost:3000/_next/static/chunks/0u09_next_dist_01acjgj._.js:2431
[   73219ms] [INFO] %cDownload the React DevTools for a better development experience: https://react.dev/link/react-devtools font-weight:bold @ http://localhost:3000/_next/static/chunks/0u09_next_dist_01acjgj._.js:2431
[   73253ms] [LOG] [HMR] connected @ http://localhost:3000/_next/static/chunks/0u09_next_dist_01acjgj._.js:2431
[   73281ms] [INFO] %cDownload the React DevTools for a better development experience: https://react.dev/link/react-devtools font-weight:bold @ http://localhost:3000/_next/static/chunks/0u09_next_dist_01acjgj._.js:2431
[   73289ms] [LOG] [HMR] connected @ http://localhost:3000/_next/static/chunks/0u09_next_dist_01acjgj._.js:2431
[   73355ms] [INFO] %cDownload the React DevTools for a better development experience: https://react.dev/link/react-devtools font-weight:bold @ http://localhost:3000/_next/static/chunks/0u09_next_dist_01acjgj._.js:2431
[   73365ms] [LOG] [HMR] connected @ http://localhost:3000/_next/static/chunks/0u09_next_dist_01acjgj._.js:2431
[   73414ms] [LOG] %c[Vercel Web Analytics]%c Debug mode is enabled by default in development. No requests will be sent to the server. color: rgb(120, 120, 120) color: inherit @ http://localhost:3000/_next/static/chunks/0u09_next_dist_01acjgj._.js:2431
[   73414ms] [LOG] %c[Vercel Web Analytics]%c Running queued event color: rgb(120, 120, 120) color: inherit pageview {route: /blog/[slug], path: /blog/tesla-model-y-vs-model-3} @ http://localhost:3000/_next/static/chunks/0u09_next_dist_01acjgj._.js:2431
[   73414ms] [LOG] %c[Vercel Web Analytics]%c [view] http://localhost:3000/blog/tesla-model-y-vs-model-3 color: rgb(120, 120, 120) color: inherit {o: http://localhost:3000/blog/tesla-model-y-vs-model-3, sv: 0.1.3, sdkn: @vercel/analytics/next, sdkv: 1.6.1, ts: 1776172112899} /_vercel/insights/view @ http://localhost:3000/_next/static/chunks/0u09_next_dist_01acjgj._.js:2431
[   73414ms] [LOG] %c[Vercel Speed Insights]%c Debug mode is enabled by default in development. No requests will be sent to the server. color: rgb(120, 120, 120) color: inherit @ http://localhost:3000/_next/static/chunks/0u09_next_dist_01acjgj._.js:2431
[   73439ms] [LOG] %c[Vercel Speed Insights]%c [vitals] color: rgb(120, 120, 120) color: inherit {speed: 4g, metrics: Array(2), scriptVersion: 0.1.3, sdkName: @vercel/speed-insights/next, sdkVersion: 2.0.0} /_vercel/speed-insights/vitals @ http://localhost:3000/_next/static/chunks/0u09_next_dist_01acjgj._.js:2431
[   73439ms] [LOG] %c[Vercel Speed Insights]%c [vitals] color: rgb(120, 120, 120) color: inherit {speed: 4g, metrics: Array(1), scriptVersion: 0.1.3, sdkName: @vercel/speed-insights/next, sdkVersion: 2.0.0} /_vercel/speed-insights/vitals @ http://localhost:3000/_next/static/chunks/0u09_next_dist_01acjgj._.js:2431
[   73464ms] [INFO] %cDownload the React DevTools for a better development experience: https://react.dev/link/react-devtools font-weight:bold @ http://localhost:3000/_next/static/chunks/0u09_next_dist_01acjgj._.js:2431
[   73474ms] [LOG] [HMR] connected @ http://localhost:3000/_next/static/chunks/0u09_next_dist_01acjgj._.js:2431
[   73525ms] [INFO] %cDownload the React DevTools for a better development experience: https://react.dev/link/react-devtools font-weight:bold @ http://localhost:3000/_next/static/chunks/0u09_next_dist_01acjgj._.js:2431
[   73546ms] [LOG] [HMR] connected @ http://localhost:3000/_next/static/chunks/0u09_next_dist_01acjgj._.js:2431
[   73614ms] [INFO] %cDownload the React DevTools for a better development experience: https://react.dev/link/react-devtools font-weight:bold @ http://localhost:3000/_next/static/chunks/0u09_next_dist_01acjgj._.js:2431
[   73624ms] [LOG] [HMR] connected @ http://localhost:3000/_next/static/chunks/0u09_next_dist_01acjgj._.js:2431
[   73686ms] [INFO] %cDownload the React DevTools for a better development experience: https://react.dev/link/react-devtools font-weight:bold @ http://localhost:3000/_next/static/chunks/0u09_next_dist_01acjgj._.js:2431
[   73723ms] [LOG] [HMR] connected @ http://localhost:3000/_next/static/chunks/0u09_next_dist_01acjgj._.js:2431
[   73752ms] [INFO] %cDownload the React DevTools for a better development experience: https://react.dev/link/react-devtools font-weight:bold @ http://localhost:3000/_next/static/chunks/0u09_next_dist_01acjgj._.js:2431
[   73765ms] [LOG] [HMR] connected @ http://localhost:3000/_next/static/chunks/0u09_next_dist_01acjgj._.js:2431
[   73832ms] [INFO] %cDownload the React DevTools for a better development experience: https://react.dev/link/react-devtools font-weight:bold @ http://localhost:3000/_next/static/chunks/0u09_next_dist_01acjgj._.js:2431
[   73843ms] [LOG] [HMR] connected @ http://localhost:3000/_next/static/chunks/0u09_next_dist_01acjgj._.js:2431
[   73903ms] [INFO] %cDownload the React DevTools for a better development experience: https://react.dev/link/react-devtools font-weight:bold @ http://localhost:3000/_next/static/chunks/0u09_next_dist_01acjgj._.js:2431
[   73940ms] [LOG] [HMR] connected @ http://localhost:3000/_next/static/chunks/0u09_next_dist_01acjgj._.js:2431
[   73965ms] [INFO] %cDownload the React DevTools for a better development experience: https://react.dev/link/react-devtools font-weight:bold @ http://localhost:3000/_next/static/chunks/0u09_next_dist_01acjgj._.js:2431
[   73981ms] [LOG] [HMR] connected @ http://localhost:3000/_next/static/chunks/0u09_next_dist_01acjgj._.js:2431
[   74019ms] [INFO] %cDownload the React DevTools for a better development experience: https://react.dev/link/react-devtools font-weight:bold @ http://localhost:3000/_next/static/chunks/0u09_next_dist_01acjgj._.js:2431
[   74059ms] [LOG] [HMR] connected @ http://localhost:3000/_next/static/chunks/0u09_next_dist_01acjgj._.js:2431
[   74074ms] [INFO] %cDownload the React DevTools for a better development experience: https://react.dev/link/react-devtools font-weight:bold @ http://localhost:3000/_next/static/chunks/0u09_next_dist_01acjgj._.js:2431
[   74091ms] [LOG] [HMR] connected @ http://localhost:3000/_next/static/chunks/0u09_next_dist_01acjgj._.js:2431
[   74142ms] [INFO] %cDownload the React DevTools for a better development experience: https://react.dev/link/react-devtools font-weight:bold @ http://localhost:3000/_next/static/chunks/0u09_next_dist_01acjgj._.js:2431
[   74150ms] [LOG] [HMR] connected @ http://localhost:3000/_next/static/chunks/0u09_next_dist_01acjgj._.js:2431
[   74215ms] [INFO] %cDownload the React DevTools for a better development experience: https://react.dev/link/react-devtools font-weight:bold @ http://localhost:3000/_next/static/chunks/0u09_next_dist_01acjgj._.js:2431
[   74250ms] [LOG] [HMR] connected @ http://localhost:3000/_next/static/chunks/0u09_next_dist_01acjgj._.js:2431
[   74267ms] [INFO] %cDownload the React DevTools for a better development experience: https://react.dev/link/react-devtools font-weight:bold @ http://localhost:3000/_next/static/chunks/0u09_next_dist_01acjgj._.js:2431
[   74290ms] [LOG] [HMR] connected @ http://localhost:3000/_next/static/chunks/0u09_next_dist_01acjgj._.js:2431
[   74348ms] [INFO] %cDownload the React DevTools for a better development experience: https://react.dev/link/react-devtools font-weight:bold @ http://localhost:3000/_next/static/chunks/0u09_next_dist_01acjgj._.js:2431
[   74359ms] [LOG] [HMR] connected @ http://localhost:3000/_next/static/chunks/0u09_next_dist_01acjgj._.js:2431
[   74367ms] [ERROR] Failed to load resource: the server responded with a status of 404 (Not Found) @ http://localhost:3000/_next/image?url=https%3A%2F%2Fimages.unsplash.com%2Fphoto-1612810436879-47d7f5bb0a82%3Fw%3D400%26h%3D250%26fit%3Dcrop&w=1080&q=75:0
[   74426ms] [INFO] %cDownload the React DevTools for a better development experience: https://react.dev/link/react-devtools font-weight:bold @ http://localhost:3000/_next/static/chunks/0u09_next_dist_01acjgj._.js:2431
[   74464ms] [LOG] [HMR] connected @ http://localhost:3000/_next/static/chunks/0u09_next_dist_01acjgj._.js:2431
[   74492ms] [INFO] %cDownload the React DevTools for a better development experience: https://react.dev/link/react-devtools font-weight:bold @ http://localhost:3000/_next/static/chunks/0u09_next_dist_01acjgj._.js:2431
[   74501ms] [LOG] [HMR] connected @ http://localhost:3000/_next/static/chunks/0u09_next_dist_01acjgj._.js:2431
[   74557ms] [INFO] %cDownload the React DevTools for a better development experience: https://react.dev/link/react-devtools font-weight:bold @ http://localhost:3000/_next/static/chunks/0u09_next_dist_01acjgj._.js:2431
[   74575ms] [LOG] [HMR] connected @ http://localhost:3000/_next/static/chunks/0u09_next_dist_01acjgj._.js:2431
[   74627ms] [INFO] %cDownload the React DevTools for a better development experience: https://react.dev/link/react-devtools font-weight:bold @ http://localhost:3000/_next/static/chunks/0u09_next_dist_01acjgj._.js:2431
[   74667ms] [LOG] [HMR] connected @ http://localhost:3000/_next/static/chunks/0u09_next_dist_01acjgj._.js:2431
[   74697ms] [INFO] %cDownload the React DevTools for a better development experience: https://react.dev/link/react-devtools font-weight:bold @ http://localhost:3000/_next/static/chunks/0u09_next_dist_01acjgj._.js:2431
[   74706ms] [LOG] [HMR] connected @ http://localhost:3000/_next/static/chunks/0u09_next_dist_01acjgj._.js:2431
[   74772ms] [INFO] %cDownload the React DevTools for a better development experience: https://react.dev/link/react-devtools font-weight:bold @ http://localhost:3000/_next/static/chunks/0u09_next_dist_01acjgj._.js:2431
[   74783ms] [LOG] [HMR] connected @ http://localhost:3000/_next/static/chunks/0u09_next_dist_01acjgj._.js:2431
[   74849ms] [INFO] %cDownload the React DevTools for a better development experience: https://react.dev/link/react-devtools font-weight:bold @ http://localhost:3000/_next/static/chunks/0u09_next_dist_01acjgj._.js:2431
[   74856ms] [LOG] [HMR] connected @ http://localhost:3000/_next/static/chunks/0u09_next_dist_01acjgj._.js:2431
[   74910ms] [INFO] %cDownload the React DevTools for a better development experience: https://react.dev/link/react-devtools font-weight:bold @ http://localhost:3000/_next/static/chunks/0u09_next_dist_01acjgj._.js:2431
[   74945ms] [LOG] [HMR] connected @ http://localhost:3000/_next/static/chunks/0u09_next_dist_01acjgj._.js:2431
[   74969ms] [INFO] %cDownload the React DevTools for a better development experience: https://react.dev/link/react-devtools font-weight:bold @ http://localhost:3000/_next/static/chunks/0u09_next_dist_01acjgj._.js:2431
[   74980ms] [LOG] [HMR] connected @ http://localhost:3000/_next/static/chunks/0u09_next_dist_01acjgj._.js:2431
[   75032ms] [LOG] %c[Vercel Web Analytics]%c Debug mode is enabled by default in development. No requests will be sent to the server. color: rgb(120, 120, 120) color: inherit @ http://localhost:3000/_next/static/chunks/0u09_next_dist_01acjgj._.js:2431
[   75032ms] [LOG] %c[Vercel Web Analytics]%c Running queued event color: rgb(120, 120, 120) color: inherit pageview {route: /blog/[slug], path: /blog/honda-civic-hybrid-2024} @ http://localhost:3000/_next/static/chunks/0u09_next_dist_01acjgj._.js:2431
[   75032ms] [LOG] %c[Vercel Web Analytics]%c [view] http://localhost:3000/blog/honda-civic-hybrid-2024 color: rgb(120, 120, 120) color: inherit {o: http://localhost:3000/blog/honda-civic-hybrid-2024, sv: 0.1.3, sdkn: @vercel/analytics/next, sdkv: 1.6.1, ts: 1776172114516} /_vercel/insights/view @ http://localhost:3000/_next/static/chunks/0u09_next_dist_01acjgj._.js:2431
[   75032ms] [LOG] %c[Vercel Speed Insights]%c Debug mode is enabled by default in development. No requests will be sent to the server. color: rgb(120, 120, 120) color: inherit @ http://localhost:3000/_next/static/chunks/0u09_next_dist_01acjgj._.js:2431
[   75320ms] [LOG] %c[Vercel Speed Insights]%c [vitals] color: rgb(120, 120, 120) color: inherit {speed: 4g, metrics: Array(3), scriptVersion: 0.1.3, sdkName: @vercel/speed-insights/next, sdkVersion: 2.0.0} /_vercel/speed-insights/vitals @ http://localhost:3000/_next/static/chunks/0u09_next_dist_01acjgj._.js:2431
[   75320ms] [LOG] %c[Vercel Speed Insights]%c [vitals] color: rgb(120, 120, 120) color: inherit {speed: 4g, metrics: Array(1), scriptVersion: 0.1.3, sdkName: @vercel/speed-insights/next, sdkVersion: 2.0.0} /_vercel/speed-insights/vitals @ http://localhost:3000/_next/static/chunks/0u09_next_dist_01acjgj._.js:2431
[   75339ms] [INFO] %cDownload the React DevTools for a better development experience: https://react.dev/link/react-devtools font-weight:bold @ http://localhost:3000/_next/static/chunks/0u09_next_dist_01acjgj._.js:2431
[   75350ms] [LOG] [HMR] connected @ http://localhost:3000/_next/static/chunks/0u09_next_dist_01acjgj._.js:2431
[   75411ms] [LOG] %c[Vercel Web Analytics]%c Debug mode is enabled by default in development. No requests will be sent to the server. color: rgb(120, 120, 120) color: inherit @ http://localhost:3000/_next/static/chunks/0u09_next_dist_01acjgj._.js:2431
[   75411ms] [LOG] %c[Vercel Web Analytics]%c Running queued event color: rgb(120, 120, 120) color: inherit pageview {route: /ev-battery, path: /ev-battery} @ http://localhost:3000/_next/static/chunks/0u09_next_dist_01acjgj._.js:2431
[   75412ms] [LOG] %c[Vercel Web Analytics]%c [view] http://localhost:3000/ev-battery color: rgb(120, 120, 120) color: inherit {o: http://localhost:3000/ev-battery, sv: 0.1.3, sdkn: @vercel/analytics/next, sdkv: 1.6.1, ts: 1776172114896} /_vercel/insights/view @ http://localhost:3000/_next/static/chunks/0u09_next_dist_01acjgj._.js:2431
[   75412ms] [LOG] %c[Vercel Speed Insights]%c Debug mode is enabled by default in development. No requests will be sent to the server. color: rgb(120, 120, 120) color: inherit @ http://localhost:3000/_next/static/chunks/0u09_next_dist_01acjgj._.js:2431
[   75675ms] [LOG] %c[Vercel Speed Insights]%c [vitals] color: rgb(120, 120, 120) color: inherit {speed: 4g, metrics: Array(3), scriptVersion: 0.1.3, sdkName: @vercel/speed-insights/next, sdkVersion: 2.0.0} /_vercel/speed-insights/vitals @ http://localhost:3000/_next/static/chunks/0u09_next_dist_01acjgj._.js:2431
[   75675ms] [LOG] %c[Vercel Speed Insights]%c [vitals] color: rgb(120, 120, 120) color: inherit {speed: 4g, metrics: Array(1), scriptVersion: 0.1.3, sdkName: @vercel/speed-insights/next, sdkVersion: 2.0.0} /_vercel/speed-insights/vitals @ http://localhost:3000/_next/static/chunks/0u09_next_dist_01acjgj._.js:2431
[   75684ms] [INFO] %cDownload the React DevTools for a better development experience: https://react.dev/link/react-devtools font-weight:bold @ http://localhost:3000/_next/static/chunks/0u09_next_dist_01acjgj._.js:2431
[   75700ms] [LOG] [HMR] connected @ http://localhost:3000/_next/static/chunks/0u09_next_dist_01acjgj._.js:2431
[   75754ms] [LOG] %c[Vercel Web Analytics]%c Debug mode is enabled by default in development. No requests will be sent to the server. color: rgb(120, 120, 120) color: inherit @ http://localhost:3000/_next/static/chunks/0u09_next_dist_01acjgj._.js:2431
[   75754ms] [LOG] %c[Vercel Web Analytics]%c Running queued event color: rgb(120, 120, 120) color: inherit pageview {route: /schedule, path: /schedule} @ http://localhost:3000/_next/static/chunks/0u09_next_dist_01acjgj._.js:2431
[   75755ms] [LOG] %c[Vercel Web Analytics]%c [view] http://localhost:3000/schedule color: rgb(120, 120, 120) color: inherit {o: http://localhost:3000/schedule, sv: 0.1.3, sdkn: @vercel/analytics/next, sdkv: 1.6.1, ts: 1776172115239} /_vercel/insights/view @ http://localhost:3000/_next/static/chunks/0u09_next_dist_01acjgj._.js:2431
[   75755ms] [LOG] %c[Vercel Speed Insights]%c Debug mode is enabled by default in development. No requests will be sent to the server. color: rgb(120, 120, 120) color: inherit @ http://localhost:3000/_next/static/chunks/0u09_next_dist_01acjgj._.js:2431
[   75806ms] [LOG] [Fast Refresh] rebuilding @ http://localhost:3000/_next/static/chunks/0u09_next_dist_01acjgj._.js:2431
[   76035ms] [LOG] %c[Vercel Speed Insights]%c [vitals] color: rgb(120, 120, 120) color: inherit {speed: 4g, metrics: Array(3), scriptVersion: 0.1.3, sdkName: @vercel/speed-insights/next, sdkVersion: 2.0.0} /_vercel/speed-insights/vitals @ http://localhost:3000/_next/static/chunks/0u09_next_dist_01acjgj._.js:2431
[   76035ms] [LOG] %c[Vercel Speed Insights]%c [vitals] color: rgb(120, 120, 120) color: inherit {speed: 4g, metrics: Array(1), scriptVersion: 0.1.3, sdkName: @vercel/speed-insights/next, sdkVersion: 2.0.0} /_vercel/speed-insights/vitals @ http://localhost:3000/_next/static/chunks/0u09_next_dist_01acjgj._.js:2431
[   76044ms] [INFO] %cDownload the React DevTools for a better development experience: https://react.dev/link/react-devtools font-weight:bold @ http://localhost:3000/_next/static/chunks/0u09_next_dist_01acjgj._.js:2431
[   76058ms] [LOG] [HMR] connected @ http://localhost:3000/_next/static/chunks/0u09_next_dist_01acjgj._.js:2431
[   76093ms] [INFO] %cDownload the React DevTools for a better development experience: https://react.dev/link/react-devtools font-weight:bold @ http://localhost:3000/_next/static/chunks/0u09_next_dist_01acjgj._.js:2431
[   76104ms] [LOG] [HMR] connected @ http://localhost:3000/_next/static/chunks/0u09_next_dist_01acjgj._.js:2431
[   76159ms] [INFO] %cDownload the React DevTools for a better development experience: https://react.dev/link/react-devtools font-weight:bold @ http://localhost:3000/_next/static/chunks/0u09_next_dist_01acjgj._.js:2431
[   76175ms] [LOG] [HMR] connected @ http://localhost:3000/_next/static/chunks/0u09_next_dist_01acjgj._.js:2431
[   76251ms] [LOG] %c[Vercel Web Analytics]%c Debug mode is enabled by default in development. No requests will be sent to the server. color: rgb(120, 120, 120) color: inherit @ http://localhost:3000/_next/static/chunks/0u09_next_dist_01acjgj._.js:2431
[   76251ms] [LOG] %c[Vercel Web Analytics]%c Running queued event color: rgb(120, 120, 120) color: inherit pageview {route: /vehicles/[id], path: /vehicles/PM73254025} @ http://localhost:3000/_next/static/chunks/0u09_next_dist_01acjgj._.js:2431
[   76252ms] [LOG] %c[Vercel Web Analytics]%c [view] http://localhost:3000/vehicles/PM73254025 color: rgb(120, 120, 120) color: inherit {o: http://localhost:3000/vehicles/PM73254025, sv: 0.1.3, sdkn: @vercel/analytics/next, sdkv: 1.6.1, ts: 1776172115736} /_vercel/insights/view @ http://localhost:3000/_next/static/chunks/0u09_next_dist_01acjgj._.js:2431
[   76252ms] [LOG] %c[Vercel Speed Insights]%c Debug mode is enabled by default in development. No requests will be sent to the server. color: rgb(120, 120, 120) color: inherit @ http://localhost:3000/_next/static/chunks/0u09_next_dist_01acjgj._.js:2431
[   76290ms] [LOG] [Fast Refresh] rebuilding @ http://localhost:3000/_next/static/chunks/0u09_next_dist_01acjgj._.js:2431
[   76498ms] [LOG] %c[Vercel Speed Insights]%c [vitals] color: rgb(120, 120, 120) color: inherit {speed: 4g, metrics: Array(2), scriptVersion: 0.1.3, sdkName: @vercel/speed-insights/next, sdkVersion: 2.0.0} /_vercel/speed-insights/vitals @ http://localhost:3000/_next/static/chunks/0u09_next_dist_01acjgj._.js:2431
[   76498ms] [LOG] %c[Vercel Speed Insights]%c [vitals] color: rgb(120, 120, 120) color: inherit {speed: 4g, metrics: Array(1), scriptVersion: 0.1.3, sdkName: @vercel/speed-insights/next, sdkVersion: 2.0.0} /_vercel/speed-insights/vitals @ http://localhost:3000/_next/static/chunks/0u09_next_dist_01acjgj._.js:2431
[   76509ms] [INFO] %cDownload the React DevTools for a better development experience: https://react.dev/link/react-devtools font-weight:bold @ http://localhost:3000/_next/static/chunks/0u09_next_dist_01acjgj._.js:2431
[   76518ms] [LOG] [HMR] connected @ http://localhost:3000/_next/static/chunks/0u09_next_dist_01acjgj._.js:2431
[   76523ms] [WARNING] %c%s%c background: #e6e6e6;background: light-dark(rgba(0,0,0,0.1), rgba(255,255,255,0.25));color: #000000;color: light-dark(#000000, #ffffff);border-radius: 2px  Server   Error: Route "/vehicles" used `Object.keys(searchParams)` or similar. `searchParams` is a Promise and must be unwrapped with `await` or `React.use()` before accessing its properties. Learn more: https://nextjs.org/docs/messages/sync-dynamic-apis
    at Object.entries (<anonymous>:1:23)
    at VehiclesPage (about://React/Server/file:///Applications/v0-newbornplanetm/.next/dev/server/chunks/ssr/%5Broot-of-the-server%5D__0a1xs5g._.js?33:21:12)
    at resolveErrorDev (http://localhost:3000/_next/static/chunks/0u09_next_dist_compiled_react-server-dom-turbopack_0wr9p.p._.js:1919:105)
    at getOutlinedModel (http://localhost:3000/_next/static/chunks/0u09_next_dist_compiled_react-server-dom-turbopack_0wr9p.p._.js:1469:28)
    at parseModelString (http://localhost:3000/_next/static/chunks/0u09_next_dist_compiled_react-server-dom-turbopack_0wr9p.p._.js:1584:50)
    at reviveModel (http://localhost:3000/_next/static/chunks/0u09_next_dist_compiled_react-server-dom-turbopack_0wr9p.p._.js:2522:66)
    at parseModel (http://localhost:3000/_next/static/chunks/0u09_next_dist_compiled_react-server-dom-turbopack_0wr9p.p._.js:2517:16)
    at initializeModelChunk (http://localhost:3000/_next/static/chunks/0u09_next_dist_compiled_react-server-dom-turbopack_0wr9p.p._.js:1084:25)
    at getOutlinedModel (http://localhost:3000/_next/static/chunks/0u09_next_dist_compiled_react-server-dom-turbopack_0wr9p.p._.js:1407:17)
    at parseModelString (http://localhost:3000/_next/static/chunks/0u09_next_dist_compiled_react-server-dom-turbopack_0wr9p.p._.js:1639:50)
    at reviveModel (http://localhost:3000/_next/static/chunks/0u09_next_dist_compiled_react-server-dom-turbopack_0wr9p.p._.js:2522:66)
    at reviveModel (http://localhost:3000/_next/static/chunks/0u09_next_dist_compiled_react-server-dom-turbopack_0wr9p.p._.js:2525:61)
    at parseModel (http://localhost:3000/_next/static/chunks/0u09_next_dist_compiled_react-server-dom-turbopack_0wr9p.p._.js:2517:16)
    at initializeModelChunk (http://localhost:3000/_next/static/chunks/0u09_next_dist_compiled_react-server-dom-turbopack_0wr9p.p._.js:1084:25)
    at resolveConsoleEntry (http://localhost:3000/_next/static/chunks/0u09_next_dist_compiled_react-server-dom-turbopack_0wr9p.p._.js:2047:96)
    at processFullStringRow (http://localhost:3000/_next/static/chunks/0u09_next_dist_compiled_react-server-dom-turbopack_0wr9p.p._.js:2453:17)
    at processFullBinaryRow (http://localhost:3000/_next/static/chunks/0u09_next_dist_compiled_react-server-dom-turbopack_0wr9p.p._.js:2393:9)
    at processBinaryChunk (http://localhost:3000/_next/static/chunks/0u09_next_dist_compiled_react-server-dom-turbopack_0wr9p.p._.js:2502:221)
    at progress (http://localhost:3000/_next/static/chunks/0u09_next_dist_compiled_react-server-dom-turbopack_0wr9p.p._.js:2676:20) @ http://localhost:3000/_next/static/chunks/0u09_next_dist_01acjgj._.js:2431
[   76806ms] [INFO] %cDownload the React DevTools for a better development experience: https://react.dev/link/react-devtools font-weight:bold @ http://localhost:3000/_next/static/chunks/0u09_next_dist_01acjgj._.js:2431
[   76814ms] [LOG] [HMR] connected @ http://localhost:3000/_next/static/chunks/0u09_next_dist_01acjgj._.js:2431
[   76851ms] [VERBOSE] [DOM] Input elements should have autocomplete attributes (suggested: "new-password"): (More info: https://goo.gl/9p2vKq) %o @ http://localhost:3000/auth/signup:0
[   76851ms] [VERBOSE] [DOM] Input elements should have autocomplete attributes (suggested: "new-password"): (More info: https://goo.gl/9p2vKq) %o @ http://localhost:3000/auth/signup:0
[   76862ms] [INFO] %cDownload the React DevTools for a better development experience: https://react.dev/link/react-devtools font-weight:bold @ http://localhost:3000/_next/static/chunks/0u09_next_dist_01acjgj._.js:2431
[   76892ms] [LOG] [HMR] connected @ http://localhost:3000/_next/static/chunks/0u09_next_dist_01acjgj._.js:2431
[   76910ms] [VERBOSE] [DOM] Input elements should have autocomplete attributes (suggested: "current-password"): (More info: https://goo.gl/9p2vKq) %o @ http://localhost:3000/auth/login:0
[   76914ms] [INFO] %cDownload the React DevTools for a better development experience: https://react.dev/link/react-devtools font-weight:bold @ http://localhost:3000/_next/static/chunks/0u09_next_dist_01acjgj._.js:2431
[   76925ms] [LOG] [HMR] connected @ http://localhost:3000/_next/static/chunks/0u09_next_dist_01acjgj._.js:2431
[   76976ms] [LOG] %c[Vercel Web Analytics]%c Debug mode is enabled by default in development. No requests will be sent to the server. color: rgb(120, 120, 120) color: inherit @ http://localhost:3000/_next/static/chunks/0u09_next_dist_01acjgj._.js:2431
[   76977ms] [LOG] %c[Vercel Web Analytics]%c Running queued event color: rgb(120, 120, 120) color: inherit pageview {route: /auth/login, path: /auth/login} @ http://localhost:3000/_next/static/chunks/0u09_next_dist_01acjgj._.js:2431
[   76977ms] [LOG] %c[Vercel Web Analytics]%c [view] http://localhost:3000/auth/login color: rgb(120, 120, 120) color: inherit {o: http://localhost:3000/auth/login, sv: 0.1.3, sdkn: @vercel/analytics/next, sdkv: 1.6.1, ts: 1776172116461} /_vercel/insights/view @ http://localhost:3000/_next/static/chunks/0u09_next_dist_01acjgj._.js:2431
[   76977ms] [LOG] %c[Vercel Speed Insights]%c Debug mode is enabled by default in development. No requests will be sent to the server. color: rgb(120, 120, 120) color: inherit @ http://localhost:3000/_next/static/chunks/0u09_next_dist_01acjgj._.js:2431
[   86289ms] [LOG] %c[Vercel Speed Insights]%c [vitals] color: rgb(120, 120, 120) color: inherit {speed: 4g, metrics: Array(3), scriptVersion: 0.1.3, sdkName: @vercel/speed-insights/next, sdkVersion: 2.0.0} /_vercel/speed-insights/vitals @ http://localhost:3000/_next/static/chunks/0u09_next_dist_01acjgj._.js:2431
[   86289ms] [LOG] %c[Vercel Speed Insights]%c [vitals] color: rgb(120, 120, 120) color: inherit {speed: 4g, metrics: Array(1), scriptVersion: 0.1.3, sdkName: @vercel/speed-insights/next, sdkVersion: 2.0.0} /_vercel/speed-insights/vitals @ http://localhost:3000/_next/static/chunks/0u09_next_dist_01acjgj._.js:2431
[   86308ms] [INFO] %cDownload the React DevTools for a better development experience: https://react.dev/link/react-devtools font-weight:bold @ http://localhost:3000/_next/static/chunks/0u09_next_dist_01acjgj._.js:2431
[   86317ms] [LOG] [HMR] connected @ http://localhost:3000/_next/static/chunks/0u09_next_dist_01acjgj._.js:2431
[   86375ms] [LOG] %c[Vercel Web Analytics]%c Debug mode is enabled by default in development. No requests will be sent to the server. color: rgb(120, 120, 120) color: inherit @ http://localhost:3000/_next/static/chunks/0u09_next_dist_01acjgj._.js:2431
[   86375ms] [LOG] %c[Vercel Web Analytics]%c Running queued event color: rgb(120, 120, 120) color: inherit pageview {route: /schedule, path: /schedule} @ http://localhost:3000/_next/static/chunks/0u09_next_dist_01acjgj._.js:2431
[   86375ms] [LOG] %c[Vercel Web Analytics]%c [view] http://localhost:3000/schedule color: rgb(120, 120, 120) color: inherit {o: http://localhost:3000/schedule, sv: 0.1.3, sdkn: @vercel/analytics/next, sdkv: 1.6.1, ts: 1776172125859} /_vercel/insights/view @ http://localhost:3000/_next/static/chunks/0u09_next_dist_01acjgj._.js:2431
[   86375ms] [LOG] %c[Vercel Speed Insights]%c Debug mode is enabled by default in development. No requests will be sent to the server. color: rgb(120, 120, 120) color: inherit @ http://localhost:3000/_next/static/chunks/0u09_next_dist_01acjgj._.js:2431
[   86950ms] [LOG] %c[Vercel Speed Insights]%c [vitals] color: rgb(120, 120, 120) color: inherit {speed: 4g, metrics: Array(3), scriptVersion: 0.1.3, sdkName: @vercel/speed-insights/next, sdkVersion: 2.0.0} /_vercel/speed-insights/vitals @ http://localhost:3000/_next/static/chunks/0u09_next_dist_01acjgj._.js:2431
[   86950ms] [LOG] %c[Vercel Speed Insights]%c [vitals] color: rgb(120, 120, 120) color: inherit {speed: 4g, metrics: Array(1), scriptVersion: 0.1.3, sdkName: @vercel/speed-insights/next, sdkVersion: 2.0.0} /_vercel/speed-insights/vitals @ http://localhost:3000/_next/static/chunks/0u09_next_dist_01acjgj._.js:2431
[   86977ms] [INFO] %cDownload the React DevTools for a better development experience: https://react.dev/link/react-devtools font-weight:bold @ http://localhost:3000/_next/static/chunks/0u09_next_dist_01acjgj._.js:2431
[   86995ms] [LOG] [HMR] connected @ http://localhost:3000/_next/static/chunks/0u09_next_dist_01acjgj._.js:2431
[   87047ms] [LOG] %c[Vercel Web Analytics]%c Debug mode is enabled by default in development. No requests will be sent to the server. color: rgb(120, 120, 120) color: inherit @ http://localhost:3000/_next/static/chunks/0u09_next_dist_01acjgj._.js:2431
[   87047ms] [LOG] %c[Vercel Web Analytics]%c Running queued event color: rgb(120, 120, 120) color: inherit pageview {route: /ev-battery, path: /ev-battery} @ http://localhost:3000/_next/static/chunks/0u09_next_dist_01acjgj._.js:2431
[   87048ms] [LOG] %c[Vercel Web Analytics]%c [view] http://localhost:3000/ev-battery color: rgb(120, 120, 120) color: inherit {o: http://localhost:3000/ev-battery, sv: 0.1.3, sdkn: @vercel/analytics/next, sdkv: 1.6.1, ts: 1776172126532} /_vercel/insights/view @ http://localhost:3000/_next/static/chunks/0u09_next_dist_01acjgj._.js:2431
[   87048ms] [LOG] %c[Vercel Speed Insights]%c Debug mode is enabled by default in development. No requests will be sent to the server. color: rgb(120, 120, 120) color: inherit @ http://localhost:3000/_next/static/chunks/0u09_next_dist_01acjgj._.js:2431
[   87606ms] [LOG] %c[Vercel Speed Insights]%c [vitals] color: rgb(120, 120, 120) color: inherit {speed: 4g, metrics: Array(3), scriptVersion: 0.1.3, sdkName: @vercel/speed-insights/next, sdkVersion: 2.0.0} /_vercel/speed-insights/vitals @ http://localhost:3000/_next/static/chunks/0u09_next_dist_01acjgj._.js:2431
[   87606ms] [LOG] %c[Vercel Speed Insights]%c [vitals] color: rgb(120, 120, 120) color: inherit {speed: 4g, metrics: Array(1), scriptVersion: 0.1.3, sdkName: @vercel/speed-insights/next, sdkVersion: 2.0.0} /_vercel/speed-insights/vitals @ http://localhost:3000/_next/static/chunks/0u09_next_dist_01acjgj._.js:2431
[   87618ms] [INFO] %cDownload the React DevTools for a better development experience: https://react.dev/link/react-devtools font-weight:bold @ http://localhost:3000/_next/static/chunks/0u09_next_dist_01acjgj._.js:2431
[   87634ms] [LOG] [HMR] connected @ http://localhost:3000/_next/static/chunks/0u09_next_dist_01acjgj._.js:2431
[   87693ms] [LOG] %c[Vercel Web Analytics]%c Debug mode is enabled by default in development. No requests will be sent to the server. color: rgb(120, 120, 120) color: inherit @ http://localhost:3000/_next/static/chunks/0u09_next_dist_01acjgj._.js:2431
[   87693ms] [LOG] %c[Vercel Web Analytics]%c Running queued event color: rgb(120, 120, 120) color: inherit pageview {route: /favorites, path: /favorites} @ http://localhost:3000/_next/static/chunks/0u09_next_dist_01acjgj._.js:2431
[   87693ms] [LOG] %c[Vercel Web Analytics]%c [view] http://localhost:3000/favorites color: rgb(120, 120, 120) color: inherit {o: http://localhost:3000/favorites, sv: 0.1.3, sdkn: @vercel/analytics/next, sdkv: 1.6.1, ts: 1776172127177} /_vercel/insights/view @ http://localhost:3000/_next/static/chunks/0u09_next_dist_01acjgj._.js:2431
[   87694ms] [LOG] %c[Vercel Speed Insights]%c Debug mode is enabled by default in development. No requests will be sent to the server. color: rgb(120, 120, 120) color: inherit @ http://localhost:3000/_next/static/chunks/0u09_next_dist_01acjgj._.js:2431
[   88249ms] [LOG] %c[Vercel Speed Insights]%c [vitals] color: rgb(120, 120, 120) color: inherit {speed: 4g, metrics: Array(3), scriptVersion: 0.1.3, sdkName: @vercel/speed-insights/next, sdkVersion: 2.0.0} /_vercel/speed-insights/vitals @ http://localhost:3000/_next/static/chunks/0u09_next_dist_01acjgj._.js:2431
[   88249ms] [LOG] %c[Vercel Speed Insights]%c [vitals] color: rgb(120, 120, 120) color: inherit {speed: 4g, metrics: Array(1), scriptVersion: 0.1.3, sdkName: @vercel/speed-insights/next, sdkVersion: 2.0.0} /_vercel/speed-insights/vitals @ http://localhost:3000/_next/static/chunks/0u09_next_dist_01acjgj._.js:2431
[   88267ms] [INFO] %cDownload the React DevTools for a better development experience: https://react.dev/link/react-devtools font-weight:bold @ http://localhost:3000/_next/static/chunks/0u09_next_dist_01acjgj._.js:2431
[   88275ms] [LOG] [HMR] connected @ http://localhost:3000/_next/static/chunks/0u09_next_dist_01acjgj._.js:2431
[   88341ms] [LOG] %c[Vercel Web Analytics]%c Debug mode is enabled by default in development. No requests will be sent to the server. color: rgb(120, 120, 120) color: inherit @ http://localhost:3000/_next/static/chunks/0u09_next_dist_01acjgj._.js:2431
[   88341ms] [LOG] %c[Vercel Web Analytics]%c Running queued event color: rgb(120, 120, 120) color: inherit pageview {route: /account, path: /account} @ http://localhost:3000/_next/static/chunks/0u09_next_dist_01acjgj._.js:2431
[   88341ms] [LOG] %c[Vercel Web Analytics]%c [view] http://localhost:3000/account color: rgb(120, 120, 120) color: inherit {o: http://localhost:3000/account, sv: 0.1.3, sdkn: @vercel/analytics/next, sdkv: 1.6.1, ts: 1776172127825} /_vercel/insights/view @ http://localhost:3000/_next/static/chunks/0u09_next_dist_01acjgj._.js:2431
[   88341ms] [LOG] %c[Vercel Speed Insights]%c Debug mode is enabled by default in development. No requests will be sent to the server. color: rgb(120, 120, 120) color: inherit @ http://localhost:3000/_next/static/chunks/0u09_next_dist_01acjgj._.js:2431
[   88432ms] [VERBOSE] [DOM] Input elements should have autocomplete attributes (suggested: "current-password"): (More info: https://goo.gl/9p2vKq) %o @ http://localhost:3000/account:0