[      68ms] [ERROR] Failed to load resource: the server responded with a status of 500 (Internal Server Error) @ http://localhost:3000/:0
[      98ms] [INFO] %cDownload the React DevTools for a better development experience: https://react.dev/link/react-devtools font-weight:bold @ http://localhost:3000/_next/static/chunks/0p2h_react-dom_0vsf22y._.js:15305
[     102ms] [ERROR] Refused to execute script from 'http://localhost:3000/_next/static/development/_clientMiddlewareManifest.js' because its MIME type ('application/json') is not executable, and strict MIME type checking is enabled. @ http://localhost:3000/:0
[     107ms] Error: NEXT_PUBLIC_SUPABASE_URL (or SUPABASE_URL) is required
    at getSupabaseUrl (file:///Applications/v0-newbornplanetm/.next/dev/server/chunks/[root-of-the-server]__0qq-9mf._.js:82:15)
    at updateSession (file:///Applications/v0-newbornplanetm/.next/dev/server/chunks/[root-of-the-server]__0qq-9mf._.js:108:169)
    at proxy (file:///Applications/v0-newbornplanetm/.next/dev/server/chunks/[root-of-the-server]__0qq-9mf._.js:170:185)
    at <unknown> (file:///Applications/v0-newbornplanetm/.next/dev/server/chunks/0u09_next_0x16tpb._.js:19506:26)
    at AsyncLocalStorage.run (node:internal/async_local_storage/async_context_frame:63:14)
    at <unknown> (file:///Applications/v0-newbornplanetm/.next/dev/server/chunks/0u09_next_0x16tpb._.js:7043:633)
    at AsyncLocalStorage.run (node:internal/async_local_storage/async_context_frame:63:14)
    at <unknown> (file:///Applications/v0-newbornplanetm/.next/dev/server/chunks/0u09_next_0x16tpb._.js:7043:314)
    at async adapter (file:///Applications/v0-newbornplanetm/.next/dev/server/chunks/0u09_next_0x16tpb._.js:6998:16)
    at async DevServer.runMiddleware (file:///Applications/v0-newbornplanetm/node_modules/.pnpm/next@16.2.0_@babel+core@7.29.0_@opentelemetry+api@1.9.0_babel-plugin-react-compiler@1.0.0_rea_fyb7mlxbtu5i4xyil6onsxn7aq/node_modules/next/dist/server/next-server.js:1192:26)
    at async DevServer.runMiddleware (file:///Applications/v0-newbornplanetm/node_modules/.pnpm/next@16.2.0_@babel+core@7.29.0_@opentelemetry+api@1.9.0_babel-plugin-react-compiler@1.0.0_rea_fyb7mlxbtu5i4xyil6onsxn7aq/node_modules/next/dist/server/dev/next-dev-server.js:278:28)
    at async NextNodeServer.handleCatchallMiddlewareRequest (file:///Applications/v0-newbornplanetm/node_modules/.pnpm/next@16.2.0_@babel+core@7.29.0_@opentelemetry+api@1.9.0_babel-plugin-react-compiler@1.0.0_rea_fyb7mlxbtu5i4xyil6onsxn7aq/node_modules/next/dist/server/next-server.js:392:26)
    at async DevServer.handleRequestImpl (file:///Applications/v0-newbornplanetm/node_modules/.pnpm/next@16.2.0_@babel+core@7.29.0_@opentelemetry+api@1.9.0_babel-plugin-react-compiler@1.0.0_rea_fyb7mlxbtu5i4xyil6onsxn7aq/node_modules/next/dist/server/base-server.js:940:28)
    at async (file:///Applications/v0-newbornplanetm/node_modules/.pnpm/next@16.2.0_@babel+core@7.29.0_@opentelemetry+api@1.9.0_babel-plugin-react-compiler@1.0.0_rea_fyb7mlxbtu5i4xyil6onsxn7aq/node_modules/next/dist/server/dev/next-dev-server.js:394:20)
    at async Span.traceAsyncFn (file:///Applications/v0-newbornplanetm/node_modules/.pnpm/next@16.2.0_@babel+core@7.29.0_@opentelemetry+api@1.9.0_babel-plugin-react-compiler@1.0.0_rea_fyb7mlxbtu5i4xyil6onsxn7aq/node_modules/next/dist/trace/trace.js:164:20)
    at async DevServer.handleRequest (file:///Applications/v0-newbornplanetm/node_modules/.pnpm/next@16.2.0_@babel+core@7.29.0_@opentelemetry+api@1.9.0_babel-plugin-react-compiler@1.0.0_rea_fyb7mlxbtu5i4xyil6onsxn7aq/node_modules/next/dist/server/dev/next-dev-server.js:390:24)
    at async handleRoute (file:///Applications/v0-newbornplanetm/node_modules/.pnpm/next@16.2.0_@babel+core@7.29.0_@opentelemetry+api@1.9.0_babel-plugin-react-compiler@1.0.0_rea_fyb7mlxbtu5i4xyil6onsxn7aq/node_modules/next/dist/server/lib/router-utils/resolve-routes.js:352:33)
    at async resolveRoutes (file:///Applications/v0-newbornplanetm/node_modules/.pnpm/next@16.2.0_@babel+core@7.29.0_@opentelemetry+api@1.9.0_babel-plugin-react-compiler@1.0.0_rea_fyb7mlxbtu5i4xyil6onsxn7aq/node_modules/next/dist/server/lib/router-utils/resolve-routes.js:608:28)
    at async handleRequest (file:///Applications/v0-newbornplanetm/node_modules/.pnpm/next@16.2.0_@babel+core@7.29.0_@opentelemetry+api@1.9.0_babel-plugin-react-compiler@1.0.0_rea_fyb7mlxbtu5i4xyil6onsxn7aq/node_modules/next/dist/server/lib/router-server.js:301:96)
    at async requestHandlerImpl (file:///Applications/v0-newbornplanetm/node_modules/.pnpm/next@16.2.0_@babel+core@7.29.0_@opentelemetry+api@1.9.0_babel-plugin-react-compiler@1.0.0_rea_fyb7mlxbtu5i4xyil6onsxn7aq/node_modules/next/dist/server/lib/router-server.js:501:13)
    at async Server.requestListener (file:///Applications/v0-newbornplanetm/node_modules/.pnpm/next@16.2.0_@babel+core@7.29.0_@opentelemetry+api@1.9.0_babel-plugin-react-compiler@1.0.0_rea_fyb7mlxbtu5i4xyil6onsxn7aq/node_modules/next/dist/server/lib/start-server.js:225:13)
[     104ms] [LOG] [HMR] connected @ http://localhost:3000/_next/static/chunks/0u09_next_dist_0qnr-ny._.js:1226
[  194523ms] [LOG] [Fast Refresh] rebuilding @ http://localhost:3000/_next/static/chunks/0u09_next_dist_0qnr-ny._.js:1226
[  194949ms] [LOG] [Fast Refresh] done in 527ms @ http://localhost:3000/_next/static/chunks/0u09_next_dist_0qnr-ny._.js:1226
[  195022ms] [INFO] %cDownload the React DevTools for a better development experience: https://react.dev/link/react-devtools font-weight:bold @ http://localhost:3000/_next/static/chunks/0u09_next_dist_01acjgj._.js:2431
[  195061ms] [LOG] [HMR] connected @ http://localhost:3000/_next/static/chunks/0u09_next_dist_01acjgj._.js:2431
[  195095ms] [ERROR] Failed to initialize auth client: Error: Missing Supabase anon key. Please connect Supabase in Settings.
    at createClient (http://localhost:3000/_next/static/chunks/_0plgyuy._.js:1256:15)
    at AuthProvider.useEffect (http://localhost:3000/_next/static/chunks/_0plgyuy._.js:1290:173)
    at Object.react_stack_bottom_frame (http://localhost:3000/_next/static/chunks/0u09_next_dist_compiled_react-dom_08_0xee._.js:15087:22)
    at runWithFiberInDEV (http://localhost:3000/_next/static/chunks/0u09_next_dist_compiled_react-dom_08_0xee._.js:965:74)
    at commitHookEffectListMount (http://localhost:3000/_next/static/chunks/0u09_next_dist_compiled_react-dom_08_0xee._.js:7255:167)
    at commitHookPassiveMountEffects (http://localhost:3000/_next/static/chunks/0u09_next_dist_compiled_react-dom_08_0xee._.js:7290:60)
    at commitPassiveMountOnFiber (http://localhost:3000/_next/static/chunks/0u09_next_dist_compiled_react-dom_08_0xee._.js:8689:33)
    at recursivelyTraversePassiveMountEffects (http://localhost:3000/_next/static/chunks/0u09_next_dist_compiled_react-dom_08_0xee._.js:8676:316)
    at commitPassiveMountOnFiber (http://localhost:3000/_next/static/chunks/0u09_next_dist_compiled_react-dom_08_0xee._.js:8750:17)
    at recursivelyTraversePassiveMountEffects (http://localhost:3000/_next/static/chunks/0u09_next_dist_compiled_react-dom_08_0xee._.js:8676:316)
    at commitPassiveMountOnFiber (http://localhost:3000/_next/static/chunks/0u09_next_dist_compiled_react-dom_08_0xee._.js:8750:17)
    at recursivelyTraversePassiveMountEffects (http://localhost:3000/_next/static/chunks/0u09_next_dist_compiled_react-dom_08_0xee._.js:8676:316)
    at commitPassiveMountOnFiber (http://localhost:3000/_next/static/chunks/0u09_next_dist_compiled_react-dom_08_0xee._.js:8750:17)
    at recursivelyTraversePassiveMountEffects (http://localhost:3000/_next/static/chunks/0u09_next_dist_compiled_react-dom_08_0xee._.js:8676:316)
    at commitPassiveMountOnFiber (http://localhost:3000/_next/static/chunks/0u09_next_dist_compiled_react-dom_08_0xee._.js:8688:17)
    at recursivelyTraversePassiveMountEffects (http://localhost:3000/_next/static/chunks/0u09_next_dist_compiled_react-dom_08_0xee._.js:8676:316)
    at commitPassiveMountOnFiber (http://localhost:3000/_next/static/chunks/0u09_next_dist_compiled_react-dom_08_0xee._.js:8750:17)
    at recursivelyTraversePassiveMountEffects (http://localhost:3000/_next/static/chunks/0u09_next_dist_compiled_react-dom_08_0xee._.js:8676:316)
    at commitPassiveMountOnFiber (http://localhost:3000/_next/static/chunks/0u09_next_dist_compiled_react-dom_08_0xee._.js:8688:17)
    at recursivelyTraversePassiveMountEffects (http://localhost:3000/_next/static/chunks/0u09_next_dist_compiled_react-dom_08_0xee._.js:8676:316)
    at commitPassiveMountOnFiber (http://localhost:3000/_next/static/chunks/0u09_next_dist_compiled_react-dom_08_0xee._.js:8688:17)
    at recursivelyTraversePassiveMountEffects (http://localhost:3000/_next/static/chunks/0u09_next_dist_compiled_react-dom_08_0xee._.js:8676:316)
    at commitPassiveMountOnFiber (http://localhost:3000/_next/static/chunks/0u09_next_dist_compiled_react-dom_08_0xee._.js:8693:17)
    at recursivelyTraversePassiveMountEffects (http://localhost:3000/_next/static/chunks/0u09_next_dist_compiled_react-dom_08_0xee._.js:8676:316)
    at commitPassiveMountOnFiber (http://localhost:3000/_next/static/chunks/0u09_next_dist_compiled_react-dom_08_0xee._.js:8688:17)
    at recursivelyTraversePassiveMountEffects (http://localhost:3000/_next/static/chunks/0u09_next_dist_compiled_react-dom_08_0xee._.js:8676:316)
    at commitPassiveMountOnFiber (http://localhost:3000/_next/static/chunks/0u09_next_dist_compiled_react-dom_08_0xee._.js:8693:17)
    at recursivelyTraversePassiveMountEffects (http://localhost:3000/_next/static/chunks/0u09_next_dist_compiled_react-dom_08_0xee._.js:8676:316)
    at commitPassiveMountOnFiber (http://localhost:3000/_next/static/chunks/0u09_next_dist_compiled_react-dom_08_0xee._.js:8688:17)
    at recursivelyTraversePassiveMountEffects (http://localhost:3000/_next/static/chunks/0u09_next_dist_compiled_react-dom_08_0xee._.js:8676:316)
    at commitPassiveMountOnFiber (http://localhost:3000/_next/static/chunks/0u09_next_dist_compiled_react-dom_08_0xee._.js:8688:17)
    at recursivelyTraversePassiveMountEffects (http://localhost:3000/_next/static/chunks/0u09_next_dist_compiled_react-dom_08_0xee._.js:8676:316)
    at commitPassiveMountOnFiber (http://localhost:3000/_next/static/chunks/0u09_next_dist_compiled_react-dom_08_0xee._.js:8693:17)
    at recursivelyTraversePassiveMountEffects (http://localhost:3000/_next/static/chunks/0u09_next_dist_compiled_react-dom_08_0xee._.js:8676:316)
    at commitPassiveMountOnFiber (http://localhost:3000/_next/static/chunks/0u09_next_dist_compiled_react-dom_08_0xee._.js:8688:17)
    at recursivelyTraversePassiveMountEffects (http://localhost:3000/_next/static/chunks/0u09_next_dist_compiled_react-dom_08_0xee._.js:8676:316)
    at commitPassiveMountOnFiber (http://localhost:3000/_next/static/chunks/0u09_next_dist_compiled_react-dom_08_0xee._.js:8750:17)
    at recursivelyTraversePassiveMountEffects (http://localhost:3000/_next/static/chunks/0u09_next_dist_compiled_react-dom_08_0xee._.js:8676:316)
    at commitPassiveMountOnFiber (http://localhost:3000/_next/static/chunks/0u09_next_dist_compiled_react-dom_08_0xee._.js:8750:17)
    at recursivelyTraversePassiveMountEffects (http://localhost:3000/_next/static/chunks/0u09_next_dist_compiled_react-dom_08_0xee._.js:8676:316)
    at commitPassiveMountOnFiber (http://localhost:3000/_next/static/chunks/0u09_next_dist_compiled_react-dom_08_0xee._.js:8750:17)
    at recursivelyTraversePassiveMountEffects (http://localhost:3000/_next/static/chunks/0u09_next_dist_compiled_react-dom_08_0xee._.js:8676:316)
    at commitPassiveMountOnFiber (http://localhost:3000/_next/static/chunks/0u09_next_dist_compiled_react-dom_08_0xee._.js:8750:17)
    at recursivelyTraversePassiveMountEffects (http://localhost:3000/_next/static/chunks/0u09_next_dist_compiled_react-dom_08_0xee._.js:8676:316)
    at commitPassiveMountOnFiber (http://localhost:3000/_next/static/chunks/0u09_next_dist_compiled_react-dom_08_0xee._.js:8750:17)
    at recursivelyTraversePassiveMountEffects (http://localhost:3000/_next/static/chunks/0u09_next_dist_compiled_react-dom_08_0xee._.js:8676:316)
    at commitPassiveMountOnFiber (http://localhost:3000/_next/static/chunks/0u09_next_dist_compiled_react-dom_08_0xee._.js:8750:17)
    at recursivelyTraversePassiveMountEffects (http://localhost:3000/_next/static/chunks/0u09_next_dist_compiled_react-dom_08_0xee._.js:8676:316)
    at commitPassiveMountOnFiber (http://localhost:3000/_next/static/chunks/0u09_next_dist_compiled_react-dom_08_0xee._.js:8750:17)
    at recursivelyTraversePassiveMountEffects (http://localhost:3000/_next/static/chunks/0u09_next_dist_compiled_react-dom_08_0xee._.js:8676:316) @ http://localhost:3000/_next/static/chunks/0u09_next_dist_01acjgj._.js:3272
[  195202ms] [LOG] %c[Vercel Web Analytics]%c Debug mode is enabled by default in development. No requests will be sent to the server. color: rgb(120, 120, 120) color: inherit @ http://localhost:3000/_next/static/chunks/0u09_next_dist_01acjgj._.js:2431
[  195202ms] [LOG] %c[Vercel Web Analytics]%c Running queued event color: rgb(120, 120, 120) color: inherit pageview {route: /, path: /} @ http://localhost:3000/_next/static/chunks/0u09_next_dist_01acjgj._.js:2431
[  195203ms] [LOG] %c[Vercel Web Analytics]%c [view] http://localhost:3000/ color: rgb(120, 120, 120) color: inherit {o: http://localhost:3000/, sv: 0.1.3, sdkn: @vercel/analytics/next, sdkv: 1.6.1, ts: 1776151249618} /_vercel/insights/view @ http://localhost:3000/_next/static/chunks/0u09_next_dist_01acjgj._.js:2431
[  195204ms] [LOG] %c[Vercel Speed Insights]%c Debug mode is enabled by default in development. No requests will be sent to the server. color: rgb(120, 120, 120) color: inherit @ http://localhost:3000/_next/static/chunks/0u09_next_dist_01acjgj._.js:2431
[  196080ms] [ERROR] Failed to load resource: the server responded with a status of 404 (Not Found) @ http://localhost:3000/icons/icon-144x144.png:0
[  196084ms] [WARNING] Error while trying to use the following icon from the Manifest: http://localhost:3000/icons/icon-144x144.png (Download error or resource isn't a valid image) @ http://localhost:3000/:0
[  384945ms] [LOG] [Fast Refresh] rebuilding @ http://localhost:3000/_next/static/chunks/0u09_next_dist_01acjgj._.js:2431
[  385348ms] [LOG] [Fast Refresh] done in 503ms @ http://localhost:3000/_next/static/chunks/0u09_next_dist_01acjgj._.js:2431
[  391015ms] [LOG] [Fast Refresh] rebuilding @ http://localhost:3000/_next/static/chunks/0u09_next_dist_01acjgj._.js:2431
[  391274ms] [LOG] [Fast Refresh] done in 360ms @ http://localhost:3000/_next/static/chunks/0u09_next_dist_01acjgj._.js:2431
[  393946ms] [LOG] [HMR] connected @ http://localhost:3000/_next/static/chunks/0u09_next_dist_01acjgj._.js:2431
[  394324ms] [LOG] %c[Vercel Speed Insights]%c [vitals] color: rgb(120, 120, 120) color: inherit {speed: 4g, metrics: Array(3), scriptVersion: 0.1.3, sdkName: @vercel/speed-insights/next, sdkVersion: 2.0.0} /_vercel/speed-insights/vitals @ http://localhost:3000/_next/static/chunks/0u09_next_dist_01acjgj._.js:2431
[  394324ms] [LOG] %c[Vercel Speed Insights]%c [vitals] color: rgb(120, 120, 120) color: inherit {speed: 4g, metrics: Array(1), scriptVersion: 0.1.3, sdkName: @vercel/speed-insights/next, sdkVersion: 2.0.0} /_vercel/speed-insights/vitals @ http://localhost:3000/_next/static/chunks/0u09_next_dist_01acjgj._.js:2431
[  394474ms] [INFO] %cDownload the React DevTools for a better development experience: https://react.dev/link/react-devtools font-weight:bold @ http://localhost:3000/_next/static/chunks/0u09_next_dist_01acjgj._.js:2431
[  394487ms] [LOG] [HMR] connected @ http://localhost:3000/_next/static/chunks/0u09_next_dist_01acjgj._.js:2431
[  394515ms] [ERROR] Failed to initialize auth client: Error: Missing Supabase anon key. Please connect Supabase in Settings.
    at createClient (http://localhost:3000/_next/static/chunks/_0plgyuy._.js:1256:15)
    at AuthProvider.useEffect (http://localhost:3000/_next/static/chunks/_0plgyuy._.js:1290:173)
    at Object.react_stack_bottom_frame (http://localhost:3000/_next/static/chunks/0u09_next_dist_compiled_react-dom_08_0xee._.js:15087:22)
    at runWithFiberInDEV (http://localhost:3000/_next/static/chunks/0u09_next_dist_compiled_react-dom_08_0xee._.js:965:74)
    at commitHookEffectListMount (http://localhost:3000/_next/static/chunks/0u09_next_dist_compiled_react-dom_08_0xee._.js:7255:167)
    at commitHookPassiveMountEffects (http://localhost:3000/_next/static/chunks/0u09_next_dist_compiled_react-dom_08_0xee._.js:7290:60)
    at commitPassiveMountOnFiber (http://localhost:3000/_next/static/chunks/0u09_next_dist_compiled_react-dom_08_0xee._.js:8689:33)
    at recursivelyTraversePassiveMountEffects (http://localhost:3000/_next/static/chunks/0u09_next_dist_compiled_react-dom_08_0xee._.js:8676:316)
    at commitPassiveMountOnFiber (http://localhost:3000/_next/static/chunks/0u09_next_dist_compiled_react-dom_08_0xee._.js:8750:17)
    at recursivelyTraversePassiveMountEffects (http://localhost:3000/_next/static/chunks/0u09_next_dist_compiled_react-dom_08_0xee._.js:8676:316)
    at commitPassiveMountOnFiber (http://localhost:3000/_next/static/chunks/0u09_next_dist_compiled_react-dom_08_0xee._.js:8750:17)
    at recursivelyTraversePassiveMountEffects (http://localhost:3000/_next/static/chunks/0u09_next_dist_compiled_react-dom_08_0xee._.js:8676:316)
    at commitPassiveMountOnFiber (http://localhost:3000/_next/static/chunks/0u09_next_dist_compiled_react-dom_08_0xee._.js:8750:17)
    at recursivelyTraversePassiveMountEffects (http://localhost:3000/_next/static/chunks/0u09_next_dist_compiled_react-dom_08_0xee._.js:8676:316)
    at commitPassiveMountOnFiber (http://localhost:3000/_next/static/chunks/0u09_next_dist_compiled_react-dom_08_0xee._.js:8688:17)
    at recursivelyTraversePassiveMountEffects (http://localhost:3000/_next/static/chunks/0u09_next_dist_compiled_react-dom_08_0xee._.js:8676:316)
    at commitPassiveMountOnFiber (http://localhost:3000/_next/static/chunks/0u09_next_dist_compiled_react-dom_08_0xee._.js:8750:17)
    at recursivelyTraversePassiveMountEffects (http://localhost:3000/_next/static/chunks/0u09_next_dist_compiled_react-dom_08_0xee._.js:8676:316)
    at commitPassiveMountOnFiber (http://localhost:3000/_next/static/chunks/0u09_next_dist_compiled_react-dom_08_0xee._.js:8688:17)
    at recursivelyTraversePassiveMountEffects (http://localhost:3000/_next/static/chunks/0u09_next_dist_compiled_react-dom_08_0xee._.js:8676:316)
    at commitPassiveMountOnFiber (http://localhost:3000/_next/static/chunks/0u09_next_dist_compiled_react-dom_08_0xee._.js:8688:17)
    at recursivelyTraversePassiveMountEffects (http://localhost:3000/_next/static/chunks/0u09_next_dist_compiled_react-dom_08_0xee._.js:8676:316)
    at commitPassiveMountOnFiber (http://localhost:3000/_next/static/chunks/0u09_next_dist_compiled_react-dom_08_0xee._.js:8693:17)
    at recursivelyTraversePassiveMountEffects (http://localhost:3000/_next/static/chunks/0u09_next_dist_compiled_react-dom_08_0xee._.js:8676:316)
    at commitPassiveMountOnFiber (http://localhost:3000/_next/static/chunks/0u09_next_dist_compiled_react-dom_08_0xee._.js:8688:17)
    at recursivelyTraversePassiveMountEffects (http://localhost:3000/_next/static/chunks/0u09_next_dist_compiled_react-dom_08_0xee._.js:8676:316)
    at commitPassiveMountOnFiber (http://localhost:3000/_next/static/chunks/0u09_next_dist_compiled_react-dom_08_0xee._.js:8693:17)
    at recursivelyTraversePassiveMountEffects (http://localhost:3000/_next/static/chunks/0u09_next_dist_compiled_react-dom_08_0xee._.js:8676:316)
    at commitPassiveMountOnFiber (http://localhost:3000/_next/static/chunks/0u09_next_dist_compiled_react-dom_08_0xee._.js:8688:17)
    at recursivelyTraversePassiveMountEffects (http://localhost:3000/_next/static/chunks/0u09_next_dist_compiled_react-dom_08_0xee._.js:8676:316)
    at commitPassiveMountOnFiber (http://localhost:3000/_next/static/chunks/0u09_next_dist_compiled_react-dom_08_0xee._.js:8688:17)
    at recursivelyTraversePassiveMountEffects (http://localhost:3000/_next/static/chunks/0u09_next_dist_compiled_react-dom_08_0xee._.js:8676:316)
    at commitPassiveMountOnFiber (http://localhost:3000/_next/static/chunks/0u09_next_dist_compiled_react-dom_08_0xee._.js:8693:17)
    at recursivelyTraversePassiveMountEffects (http://localhost:3000/_next/static/chunks/0u09_next_dist_compiled_react-dom_08_0xee._.js:8676:316)
    at commitPassiveMountOnFiber (http://localhost:3000/_next/static/chunks/0u09_next_dist_compiled_react-dom_08_0xee._.js:8688:17)
    at recursivelyTraversePassiveMountEffects (http://localhost:3000/_next/static/chunks/0u09_next_dist_compiled_react-dom_08_0xee._.js:8676:316)
    at commitPassiveMountOnFiber (http://localhost:3000/_next/static/chunks/0u09_next_dist_compiled_react-dom_08_0xee._.js:8750:17)
    at recursivelyTraversePassiveMountEffects (http://localhost:3000/_next/static/chunks/0u09_next_dist_compiled_react-dom_08_0xee._.js:8676:316)
    at commitPassiveMountOnFiber (http://localhost:3000/_next/static/chunks/0u09_next_dist_compiled_react-dom_08_0xee._.js:8750:17)
    at recursivelyTraversePassiveMountEffects (http://localhost:3000/_next/static/chunks/0u09_next_dist_compiled_react-dom_08_0xee._.js:8676:316)
    at commitPassiveMountOnFiber (http://localhost:3000/_next/static/chunks/0u09_next_dist_compiled_react-dom_08_0xee._.js:8750:17)
    at recursivelyTraversePassiveMountEffects (http://localhost:3000/_next/static/chunks/0u09_next_dist_compiled_react-dom_08_0xee._.js:8676:316)
    at commitPassiveMountOnFiber (http://localhost:3000/_next/static/chunks/0u09_next_dist_compiled_react-dom_08_0xee._.js:8750:17)
    at recursivelyTraversePassiveMountEffects (http://localhost:3000/_next/static/chunks/0u09_next_dist_compiled_react-dom_08_0xee._.js:8676:316)
    at commitPassiveMountOnFiber (http://localhost:3000/_next/static/chunks/0u09_next_dist_compiled_react-dom_08_0xee._.js:8750:17)
    at recursivelyTraversePassiveMountEffects (http://localhost:3000/_next/static/chunks/0u09_next_dist_compiled_react-dom_08_0xee._.js:8676:316)
    at commitPassiveMountOnFiber (http://localhost:3000/_next/static/chunks/0u09_next_dist_compiled_react-dom_08_0xee._.js:8750:17)
    at recursivelyTraversePassiveMountEffects (http://localhost:3000/_next/static/chunks/0u09_next_dist_compiled_react-dom_08_0xee._.js:8676:316)
    at commitPassiveMountOnFiber (http://localhost:3000/_next/static/chunks/0u09_next_dist_compiled_react-dom_08_0xee._.js:8750:17)
    at recursivelyTraversePassiveMountEffects (http://localhost:3000/_next/static/chunks/0u09_next_dist_compiled_react-dom_08_0xee._.js:8676:316) @ http://localhost:3000/_next/static/chunks/0u09_next_dist_01acjgj._.js:3272
[  394603ms] [LOG] %c[Vercel Web Analytics]%c Debug mode is enabled by default in development. No requests will be sent to the server. color: rgb(120, 120, 120) color: inherit @ http://localhost:3000/_next/static/chunks/0u09_next_dist_01acjgj._.js:2431
[  394604ms] [LOG] %c[Vercel Web Analytics]%c Running queued event color: rgb(120, 120, 120) color: inherit pageview {route: /, path: /} @ http://localhost:3000/_next/static/chunks/0u09_next_dist_01acjgj._.js:2431
[  394604ms] [LOG] %c[Vercel Web Analytics]%c [view] http://localhost:3000/ color: rgb(120, 120, 120) color: inherit {o: http://localhost:3000/, sv: 0.1.3, sdkn: @vercel/analytics/next, sdkv: 1.6.1, ts: 1776151449019} /_vercel/insights/view @ http://localhost:3000/_next/static/chunks/0u09_next_dist_01acjgj._.js:2431
[  394605ms] [LOG] %c[Vercel Speed Insights]%c Debug mode is enabled by default in development. No requests will be sent to the server. color: rgb(120, 120, 120) color: inherit @ http://localhost:3000/_next/static/chunks/0u09_next_dist_01acjgj._.js:2431
[  394653ms] [ERROR] Failed to load resource: the server responded with a status of 404 (Not Found) @ http://localhost:3000/icons/icon-144x144.png:0
[  394686ms] [WARNING] Error while trying to use the following icon from the Manifest: http://localhost:3000/icons/icon-144x144.png (Download error or resource isn't a valid image) @ http://localhost:3000/:0
[  399037ms] [LOG] [Fast Refresh] rebuilding @ http://localhost:3000/_next/static/chunks/0u09_next_dist_01acjgj._.js:2431
[  399339ms] [LOG] [Fast Refresh] done in 402ms @ http://localhost:3000/_next/static/chunks/0u09_next_dist_01acjgj._.js:2431
[  400936ms] [LOG] [Fast Refresh] rebuilding @ http://localhost:3000/_next/static/chunks/0u09_next_dist_01acjgj._.js:2431
[  401160ms] [LOG] [Fast Refresh] done in 324ms @ http://localhost:3000/_next/static/chunks/0u09_next_dist_01acjgj._.js:2431
[  402831ms] [LOG] [Fast Refresh] rebuilding @ http://localhost:3000/_next/static/chunks/0u09_next_dist_01acjgj._.js:2431
[  402986ms] [LOG] [Fast Refresh] done in 227ms @ http://localhost:3000/_next/static/chunks/0u09_next_dist_01acjgj._.js:2431
[  403123ms] [LOG] [Fast Refresh] rebuilding @ http://localhost:3000/_next/static/chunks/0u09_next_dist_01acjgj._.js:2431
[  403467ms] [LOG] [Fast Refresh] done in 450ms @ http://localhost:3000/_next/static/chunks/0u09_next_dist_01acjgj._.js:2431