[    1018ms] [INFO] %cDownload the React DevTools for a better development experience: https://react.dev/link/react-devtools font-weight:bold @ http://localhost:3000/_next/static/chunks/0u09_next_dist_01acjgj._.js:2431
[    1033ms] [LOG] [HMR] connected @ http://localhost:3000/_next/static/chunks/0u09_next_dist_01acjgj._.js:2431
[    1073ms] [ERROR] %s is an async Client Component. Only Server Components can be async at the moment. This error is often caused by accidentally adding `'use client'` to a module that was originally written for the server. <Footer> @ http://localhost:3000/_next/static/chunks/0u09_next_dist_01acjgj._.js:3272
[    1099ms] [ERROR] A component was suspended by an uncached promise. Creating promises inside a Client Component or hook is not yet supported, except via a Suspense-compatible library or framework. @ http://localhost:3000/_next/static/chunks/0u09_next_dist_01acjgj._.js:3272
[    1123ms] [ERROR] A component was suspended by an uncached promise. Creating promises inside a Client Component or hook is not yet supported, except via a Suspense-compatible library or framework. @ http://localhost:3000/_next/static/chunks/0u09_next_dist_01acjgj._.js:3272
[    1150ms] [LOG] [Fast Refresh] rebuilding @ http://localhost:3000/_next/static/chunks/0u09_next_dist_01acjgj._.js:2431
[    1198ms] [LOG] [Fast Refresh] done in 149ms @ http://localhost:3000/_next/static/chunks/0u09_next_dist_01acjgj._.js:2431
[    1235ms] Uncaught (in promise) IntegrationError: Please call Stripe() with your publishable key. You used an empty string.
    at u (https://js.stripe.com/basil/stripe.js:0:233356)
    at e (https://js.stripe.com/basil/stripe.js:0:740169)
    at Db (https://js.stripe.com/basil/stripe.js:0:802914)
    at initStripe (http://localhost:3000/_next/static/chunks/node_modules__pnpm_05hc_an._.js:6927:29)
    at <anonymous> (http://localhost:3000/_next/static/chunks/node_modules__pnpm_05hc_an._.js:6959:15)
[    1425ms] [LOG] %c[Vercel Web Analytics]%c Debug mode is enabled by default in development. No requests will be sent to the server. color: rgb(120, 120, 120) color: inherit @ http://localhost:3000/_next/static/chunks/0u09_next_dist_01acjgj._.js:2431
[    1425ms] [LOG] %c[Vercel Web Analytics]%c Running queued event color: rgb(120, 120, 120) color: inherit pageview {route: /vehicles/[id], path: /vehicles/test-vehicle} @ http://localhost:3000/_next/static/chunks/0u09_next_dist_01acjgj._.js:2431
[    1425ms] [LOG] %c[Vercel Web Analytics]%c [view] http://localhost:3000/vehicles/test-vehicle color: rgb(120, 120, 120) color: inherit {o: http://localhost:3000/vehicles/test-vehicle, sv: 0.1.3, sdkn: @vercel/analytics/next, sdkv: 1.6.1, ts: 1776152283129} /_vercel/insights/view @ http://localhost:3000/_next/static/chunks/0u09_next_dist_01acjgj._.js:2431
[    1425ms] [LOG] %c[Vercel Speed Insights]%c Debug mode is enabled by default in development. No requests will be sent to the server. color: rgb(120, 120, 120) color: inherit @ http://localhost:3000/_next/static/chunks/0u09_next_dist_01acjgj._.js:2431
[   21194ms] [LOG] [Fast Refresh] rebuilding @ http://localhost:3000/_next/static/chunks/0u09_next_dist_01acjgj._.js:2431
[   21392ms] [LOG] %c[Vercel Speed Insights]%c [vitals] color: rgb(120, 120, 120) color: inherit {speed: 4g, metrics: Array(4), scriptVersion: 0.1.3, sdkName: @vercel/speed-insights/next, sdkVersion: 2.0.0} /_vercel/speed-insights/vitals @ http://localhost:3000/_next/static/chunks/0u09_next_dist_01acjgj._.js:2431
[   21395ms] [LOG] %c[Vercel Web Analytics]%c [view] http://localhost:3000/inventory color: rgb(120, 120, 120) color: inherit {o: http://localhost:3000/inventory, sv: 0.1.3, sdkn: @vercel/analytics/next, sdkv: 1.6.1, ts: 1776152303098} /_vercel/insights/view @ http://localhost:3000/_next/static/chunks/0u09_next_dist_01acjgj._.js:2431
[   21405ms] [ERROR] A component was suspended by an uncached promise. Creating promises inside a Client Component or hook is not yet supported, except via a Suspense-compatible library or framework. @ http://localhost:3000/_next/static/chunks/0u09_next_dist_01acjgj._.js:3272
[   21448ms] [LOG] [Fast Refresh] done in 354ms @ http://localhost:3000/_next/static/chunks/0u09_next_dist_01acjgj._.js:2431
[   21729ms] [ERROR] A component was suspended by an uncached promise. Creating promises inside a Client Component or hook is not yet supported, except via a Suspense-compatible library or framework. @ http://localhost:3000/_next/static/chunks/0u09_next_dist_01acjgj._.js:3272
[   22039ms] [ERROR] A component was suspended by an uncached promise. Creating promises inside a Client Component or hook is not yet supported, except via a Suspense-compatible library or framework. @ http://localhost:3000/_next/static/chunks/0u09_next_dist_01acjgj._.js:3272
[   22358ms] [ERROR] A component was suspended by an uncached promise. Creating promises inside a Client Component or hook is not yet supported, except via a Suspense-compatible library or framework. @ http://localhost:3000/_next/static/chunks/0u09_next_dist_01acjgj._.js:3272
[   22659ms] [ERROR] A component was suspended by an uncached promise. Creating promises inside a Client Component or hook is not yet supported, except via a Suspense-compatible library or framework. @ http://localhost:3000/_next/static/chunks/0u09_next_dist_01acjgj._.js:3272
[   22975ms] [ERROR] A component was suspended by an uncached promise. Creating promises inside a Client Component or hook is not yet supported, except via a Suspense-compatible library or framework. @ http://localhost:3000/_next/static/chunks/0u09_next_dist_01acjgj._.js:3272
[   23295ms] [ERROR] A component was suspended by an uncached promise. Creating promises inside a Client Component or hook is not yet supported, except via a Suspense-compatible library or framework. @ http://localhost:3000/_next/static/chunks/0u09_next_dist_01acjgj._.js:3272
[   23606ms] [ERROR] A component was suspended by an uncached promise. Creating promises inside a Client Component or hook is not yet supported, except via a Suspense-compatible library or framework. @ http://localhost:3000/_next/static/chunks/0u09_next_dist_01acjgj._.js:3272
[   23908ms] [ERROR] A component was suspended by an uncached promise. Creating promises inside a Client Component or hook is not yet supported, except via a Suspense-compatible library or framework. @ http://localhost:3000/_next/static/chunks/0u09_next_dist_01acjgj._.js:3272
[   24215ms] [ERROR] A component was suspended by an uncached promise. Creating promises inside a Client Component or hook is not yet supported, except via a Suspense-compatible library or framework. @ http://localhost:3000/_next/static/chunks/0u09_next_dist_01acjgj._.js:3272
[   24537ms] [ERROR] A component was suspended by an uncached promise. Creating promises inside a Client Component or hook is not yet supported, except via a Suspense-compatible library or framework. @ http://localhost:3000/_next/static/chunks/0u09_next_dist_01acjgj._.js:3272
[   24847ms] [ERROR] A component was suspended by an uncached promise. Creating promises inside a Client Component or hook is not yet supported, except via a Suspense-compatible library or framework. @ http://localhost:3000/_next/static/chunks/0u09_next_dist_01acjgj._.js:3272
[   25163ms] [ERROR] A component was suspended by an uncached promise. Creating promises inside a Client Component or hook is not yet supported, except via a Suspense-compatible library or framework. @ http://localhost:3000/_next/static/chunks/0u09_next_dist_01acjgj._.js:3272
[   25471ms] [ERROR] A component was suspended by an uncached promise. Creating promises inside a Client Component or hook is not yet supported, except via a Suspense-compatible library or framework. @ http://localhost:3000/_next/static/chunks/0u09_next_dist_01acjgj._.js:3272
[   25774ms] [ERROR] A component was suspended by an uncached promise. Creating promises inside a Client Component or hook is not yet supported, except via a Suspense-compatible library or framework. @ http://localhost:3000/_next/static/chunks/0u09_next_dist_01acjgj._.js:3272
[   26097ms] [ERROR] A component was suspended by an uncached promise. Creating promises inside a Client Component or hook is not yet supported, except via a Suspense-compatible library or framework. @ http://localhost:3000/_next/static/chunks/0u09_next_dist_01acjgj._.js:3272
[   26411ms] [ERROR] A component was suspended by an uncached promise. Creating promises inside a Client Component or hook is not yet supported, except via a Suspense-compatible library or framework. @ http://localhost:3000/_next/static/chunks/0u09_next_dist_01acjgj._.js:3272
[   26729ms] [ERROR] A component was suspended by an uncached promise. Creating promises inside a Client Component or hook is not yet supported, except via a Suspense-compatible library or framework. @ http://localhost:3000/_next/static/chunks/0u09_next_dist_01acjgj._.js:3272
[   27046ms] [ERROR] A component was suspended by an uncached promise. Creating promises inside a Client Component or hook is not yet supported, except via a Suspense-compatible library or framework. @ http://localhost:3000/_next/static/chunks/0u09_next_dist_01acjgj._.js:3272
[   27364ms] [ERROR] A component was suspended by an uncached promise. Creating promises inside a Client Component or hook is not yet supported, except via a Suspense-compatible library or framework. @ http://localhost:3000/_next/static/chunks/0u09_next_dist_01acjgj._.js:3272
[   27681ms] [ERROR] A component was suspended by an uncached promise. Creating promises inside a Client Component or hook is not yet supported, except via a Suspense-compatible library or framework. @ http://localhost:3000/_next/static/chunks/0u09_next_dist_01acjgj._.js:3272
[   27992ms] [ERROR] A component was suspended by an uncached promise. Creating promises inside a Client Component or hook is not yet supported, except via a Suspense-compatible library or framework. @ http://localhost:3000/_next/static/chunks/0u09_next_dist_01acjgj._.js:3272
[   28310ms] [ERROR] A component was suspended by an uncached promise. Creating promises inside a Client Component or hook is not yet supported, except via a Suspense-compatible library or framework. @ http://localhost:3000/_next/static/chunks/0u09_next_dist_01acjgj._.js:3272
[   28619ms] [ERROR] A component was suspended by an uncached promise. Creating promises inside a Client Component or hook is not yet supported, except via a Suspense-compatible library or framework. @ http://localhost:3000/_next/static/chunks/0u09_next_dist_01acjgj._.js:3272
[   28929ms] [ERROR] A component was suspended by an uncached promise. Creating promises inside a Client Component or hook is not yet supported, except via a Suspense-compatible library or framework. @ http://localhost:3000/_next/static/chunks/0u09_next_dist_01acjgj._.js:3272
[   29235ms] [ERROR] A component was suspended by an uncached promise. Creating promises inside a Client Component or hook is not yet supported, except via a Suspense-compatible library or framework. @ http://localhost:3000/_next/static/chunks/0u09_next_dist_01acjgj._.js:3272
[   29556ms] [ERROR] A component was suspended by an uncached promise. Creating promises inside a Client Component or hook is not yet supported, except via a Suspense-compatible library or framework. @ http://localhost:3000/_next/static/chunks/0u09_next_dist_01acjgj._.js:3272
[   29855ms] [ERROR] A component was suspended by an uncached promise. Creating promises inside a Client Component or hook is not yet supported, except via a Suspense-compatible library or framework. @ http://localhost:3000/_next/static/chunks/0u09_next_dist_01acjgj._.js:3272
[   30162ms] [ERROR] A component was suspended by an uncached promise. Creating promises inside a Client Component or hook is not yet supported, except via a Suspense-compatible library or framework. @ http://localhost:3000/_next/static/chunks/0u09_next_dist_01acjgj._.js:3272
[   30469ms] [ERROR] A component was suspended by an uncached promise. Creating promises inside a Client Component or hook is not yet supported, except via a Suspense-compatible library or framework. @ http://localhost:3000/_next/static/chunks/0u09_next_dist_01acjgj._.js:3272
[   30779ms] [ERROR] A component was suspended by an uncached promise. Creating promises inside a Client Component or hook is not yet supported, except via a Suspense-compatible library or framework. @ http://localhost:3000/_next/static/chunks/0u09_next_dist_01acjgj._.js:3272
[   31096ms] [ERROR] A component was suspended by an uncached promise. Creating promises inside a Client Component or hook is not yet supported, except via a Suspense-compatible library or framework. @ http://localhost:3000/_next/static/chunks/0u09_next_dist_01acjgj._.js:3272
[   31405ms] [ERROR] A component was suspended by an uncached promise. Creating promises inside a Client Component or hook is not yet supported, except via a Suspense-compatible library or framework. @ http://localhost:3000/_next/static/chunks/0u09_next_dist_01acjgj._.js:3272
[   31722ms] [ERROR] A component was suspended by an uncached promise. Creating promises inside a Client Component or hook is not yet supported, except via a Suspense-compatible library or framework. @ http://localhost:3000/_next/static/chunks/0u09_next_dist_01acjgj._.js:3272
[   32038ms] [ERROR] A component was suspended by an uncached promise. Creating promises inside a Client Component or hook is not yet supported, except via a Suspense-compatible library or framework. @ http://localhost:3000/_next/static/chunks/0u09_next_dist_01acjgj._.js:3272
[   32347ms] [ERROR] A component was suspended by an uncached promise. Creating promises inside a Client Component or hook is not yet supported, except via a Suspense-compatible library or framework. @ http://localhost:3000/_next/static/chunks/0u09_next_dist_01acjgj._.js:3272
[   32650ms] [ERROR] A component was suspended by an uncached promise. Creating promises inside a Client Component or hook is not yet supported, except via a Suspense-compatible library or framework. @ http://localhost:3000/_next/static/chunks/0u09_next_dist_01acjgj._.js:3272
[   32970ms] [ERROR] A component was suspended by an uncached promise. Creating promises inside a Client Component or hook is not yet supported, except via a Suspense-compatible library or framework. @ http://localhost:3000/_next/static/chunks/0u09_next_dist_01acjgj._.js:3272
[   33274ms] [ERROR] A component was suspended by an uncached promise. Creating promises inside a Client Component or hook is not yet supported, except via a Suspense-compatible library or framework. @ http://localhost:3000/_next/static/chunks/0u09_next_dist_01acjgj._.js:3272
[   33579ms] [ERROR] A component was suspended by an uncached promise. Creating promises inside a Client Component or hook is not yet supported, except via a Suspense-compatible library or framework. @ http://localhost:3000/_next/static/chunks/0u09_next_dist_01acjgj._.js:3272
[   33886ms] [ERROR] A component was suspended by an uncached promise. Creating promises inside a Client Component or hook is not yet supported, except via a Suspense-compatible library or framework. @ http://localhost:3000/_next/static/chunks/0u09_next_dist_01acjgj._.js:3272
[   34204ms] [ERROR] A component was suspended by an uncached promise. Creating promises inside a Client Component or hook is not yet supported, except via a Suspense-compatible library or framework. @ http://localhost:3000/_next/static/chunks/0u09_next_dist_01acjgj._.js:3272
[   34506ms] [ERROR] A component was suspended by an uncached promise. Creating promises inside a Client Component or hook is not yet supported, except via a Suspense-compatible library or framework. @ http://localhost:3000/_next/static/chunks/0u09_next_dist_01acjgj._.js:3272
[   34812ms] [ERROR] A component was suspended by an uncached promise. Creating promises inside a Client Component or hook is not yet supported, except via a Suspense-compatible library or framework. @ http://localhost:3000/_next/static/chunks/0u09_next_dist_01acjgj._.js:3272
[   35121ms] [ERROR] A component was suspended by an uncached promise. Creating promises inside a Client Component or hook is not yet supported, except via a Suspense-compatible library or framework. @ http://localhost:3000/_next/static/chunks/0u09_next_dist_01acjgj._.js:3272
[   35437ms] [ERROR] A component was suspended by an uncached promise. Creating promises inside a Client Component or hook is not yet supported, except via a Suspense-compatible library or framework. @ http://localhost:3000/_next/static/chunks/0u09_next_dist_01acjgj._.js:3272
[   35745ms] [ERROR] A component was suspended by an uncached promise. Creating promises inside a Client Component or hook is not yet supported, except via a Suspense-compatible library or framework. @ http://localhost:3000/_next/static/chunks/0u09_next_dist_01acjgj._.js:3272
[   36056ms] [ERROR] A component was suspended by an uncached promise. Creating promises inside a Client Component or hook is not yet supported, except via a Suspense-compatible library or framework. @ http://localhost:3000/_next/static/chunks/0u09_next_dist_01acjgj._.js:3272
[   36370ms] [ERROR] A component was suspended by an uncached promise. Creating promises inside a Client Component or hook is not yet supported, except via a Suspense-compatible library or framework. @ http://localhost:3000/_next/static/chunks/0u09_next_dist_01acjgj._.js:3272
[   36686ms] [ERROR] A component was suspended by an uncached promise. Creating promises inside a Client Component or hook is not yet supported, except via a Suspense-compatible library or framework. @ http://localhost:3000/_next/static/chunks/0u09_next_dist_01acjgj._.js:3272
[   36998ms] [ERROR] A component was suspended by an uncached promise. Creating promises inside a Client Component or hook is not yet supported, except via a Suspense-compatible library or framework. @ http://localhost:3000/_next/static/chunks/0u09_next_dist_01acjgj._.js:3272
[   37305ms] [ERROR] A component was suspended by an uncached promise. Creating promises inside a Client Component or hook is not yet supported, except via a Suspense-compatible library or framework. @ http://localhost:3000/_next/static/chunks/0u09_next_dist_01acjgj._.js:3272
[   37621ms] [ERROR] A component was suspended by an uncached promise. Creating promises inside a Client Component or hook is not yet supported, except via a Suspense-compatible library or framework. @ http://localhost:3000/_next/static/chunks/0u09_next_dist_01acjgj._.js:3272
[   37930ms] [ERROR] A component was suspended by an uncached promise. Creating promises inside a Client Component or hook is not yet supported, except via a Suspense-compatible library or framework. @ http://localhost:3000/_next/static/chunks/0u09_next_dist_01acjgj._.js:3272
[   38242ms] [ERROR] A component was suspended by an uncached promise. Creating promises inside a Client Component or hook is not yet supported, except via a Suspense-compatible library or framework. @ http://localhost:3000/_next/static/chunks/0u09_next_dist_01acjgj._.js:3272
[   38552ms] [ERROR] A component was suspended by an uncached promise. Creating promises inside a Client Component or hook is not yet supported, except via a Suspense-compatible library or framework. @ http://localhost:3000/_next/static/chunks/0u09_next_dist_01acjgj._.js:3272
[   38859ms] [ERROR] A component was suspended by an uncached promise. Creating promises inside a Client Component or hook is not yet supported, except via a Suspense-compatible library or framework. @ http://localhost:3000/_next/static/chunks/0u09_next_dist_01acjgj._.js:3272
[   39173ms] [ERROR] A component was suspended by an uncached promise. Creating promises inside a Client Component or hook is not yet supported, except via a Suspense-compatible library or framework. @ http://localhost:3000/_next/static/chunks/0u09_next_dist_01acjgj._.js:3272
[   39485ms] [ERROR] A component was suspended by an uncached promise. Creating promises inside a Client Component or hook is not yet supported, except via a Suspense-compatible library or framework. @ http://localhost:3000/_next/static/chunks/0u09_next_dist_01acjgj._.js:3272
[   39778ms] [LOG] %c[Vercel Web Analytics]%c [view] http://localhost:3000/vehicles/test-vehicle color: rgb(120, 120, 120) color: inherit {o: http://localhost:3000/vehicles/test-vehicle, sv: 0.1.3, sdkn: @vercel/analytics/next, sdkv: 1.6.1, ts: 1776152321481} /_vercel/insights/view @ http://localhost:3000/_next/static/chunks/0u09_next_dist_01acjgj._.js:2431
[   39789ms] [ERROR] A component was suspended by an uncached promise. Creating promises inside a Client Component or hook is not yet supported, except via a Suspense-compatible library or framework. @ http://localhost:3000/_next/static/chunks/0u09_next_dist_01acjgj._.js:3272
[   39809ms] [ERROR] A component was suspended by an uncached promise. Creating promises inside a Client Component or hook is not yet supported, except via a Suspense-compatible library or framework. @ http://localhost:3000/_next/static/chunks/0u09_next_dist_01acjgj._.js:3272
[   39892ms] [LOG] [Fast Refresh] rebuilding @ http://localhost:3000/_next/static/chunks/0u09_next_dist_01acjgj._.js:2431
[   39901ms] [ERROR] A component was suspended by an uncached promise. Creating promises inside a Client Component or hook is not yet supported, except via a Suspense-compatible library or framework. @ http://localhost:3000/_next/static/chunks/0u09_next_dist_01acjgj._.js:3272
[   39970ms] [LOG] [Fast Refresh] done in 105ms @ http://localhost:3000/_next/static/chunks/0u09_next_dist_01acjgj._.js:2431
[   46568ms] [LOG] %c[Vercel Web Analytics]%c [view] http://localhost:3000/ color: rgb(120, 120, 120) color: inherit {o: http://localhost:3000/, sv: 0.1.3, sdkn: @vercel/analytics/next, sdkv: 1.6.1, ts: 1776152328271} /_vercel/insights/view @ http://localhost:3000/_next/static/chunks/0u09_next_dist_01acjgj._.js:2431
[   59442ms] [LOG] [Fast Refresh] rebuilding @ http://localhost:3000/_next/static/chunks/0u09_next_dist_01acjgj._.js:2431
[   59469ms] [LOG] [Fast Refresh] done in 40ms @ http://localhost:3000/_next/static/chunks/0u09_next_dist_01acjgj._.js:2431
[  108514ms] [LOG] [HMR] connected @ http://localhost:3000/_next/static/chunks/0u09_next_dist_01acjgj._.js:2431
[  109040ms] [LOG] %c[Vercel Speed Insights]%c [vitals] color: rgb(120, 120, 120) color: inherit {speed: 4g, metrics: Array(1), scriptVersion: 0.1.3, sdkName: @vercel/speed-insights/next, sdkVersion: 2.0.0} /_vercel/speed-insights/vitals @ http://localhost:3000/_next/static/chunks/0u09_next_dist_01acjgj._.js:2431
[  109040ms] [LOG] %c[Vercel Speed Insights]%c [vitals] color: rgb(120, 120, 120) color: inherit {speed: 4g, metrics: Array(1), scriptVersion: 0.1.3, sdkName: @vercel/speed-insights/next, sdkVersion: 2.0.0} /_vercel/speed-insights/vitals @ http://localhost:3000/_next/static/chunks/0u09_next_dist_01acjgj._.js:2431
[  109183ms] [INFO] %cDownload the React DevTools for a better development experience: https://react.dev/link/react-devtools font-weight:bold @ http://localhost:3000/_next/static/chunks/0u09_next_dist_01acjgj._.js:2431
[  109227ms] [LOG] [HMR] connected @ http://localhost:3000/_next/static/chunks/0u09_next_dist_01acjgj._.js:2431
[  109367ms] [LOG] %c[Vercel Web Analytics]%c Debug mode is enabled by default in development. No requests will be sent to the server. color: rgb(120, 120, 120) color: inherit @ http://localhost:3000/_next/static/chunks/0u09_next_dist_01acjgj._.js:2431
[  109367ms] [LOG] %c[Vercel Web Analytics]%c Running queued event color: rgb(120, 120, 120) color: inherit pageview {route: /, path: /} @ http://localhost:3000/_next/static/chunks/0u09_next_dist_01acjgj._.js:2431
[  109367ms] [LOG] %c[Vercel Web Analytics]%c [view] http://localhost:3000/ color: rgb(120, 120, 120) color: inherit {o: http://localhost:3000/, sv: 0.1.3, sdkn: @vercel/analytics/next, sdkv: 1.6.1, ts: 1776152391070} /_vercel/insights/view @ http://localhost:3000/_next/static/chunks/0u09_next_dist_01acjgj._.js:2431
[  109367ms] [LOG] %c[Vercel Speed Insights]%c Debug mode is enabled by default in development. No requests will be sent to the server. color: rgb(120, 120, 120) color: inherit @ http://localhost:3000/_next/static/chunks/0u09_next_dist_01acjgj._.js:2431
