[      50ms] [LOG] %c[Vercel Speed Insights]%c [vitals] color: rgb(120, 120, 120) color: inherit {speed: 4g, metrics: Array(3), scriptVersion: 0.1.3, sdkName: @vercel/speed-insights/next, sdkVersion: 2.0.0} /_vercel/speed-insights/vitals @ http://localhost:3000/_next/static/chunks/0u09_next_dist_01acjgj._.js:2431
[      51ms] [LOG] %c[Vercel Speed Insights]%c [vitals] color: rgb(120, 120, 120) color: inherit {speed: 4g, metrics: Array(1), scriptVersion: 0.1.3, sdkName: @vercel/speed-insights/next, sdkVersion: 2.0.0} /_vercel/speed-insights/vitals @ http://localhost:3000/_next/static/chunks/0u09_next_dist_01acjgj._.js:2431
[      75ms] [INFO] %cDownload the React DevTools for a better development experience: https://react.dev/link/react-devtools font-weight:bold @ http://localhost:3000/_next/static/chunks/0u09_next_dist_01acjgj._.js:2431
[      87ms] [LOG] [HMR] connected @ http://localhost:3000/_next/static/chunks/0u09_next_dist_01acjgj._.js:2431
[     179ms] [LOG] %c[Vercel Web Analytics]%c Debug mode is enabled by default in development. No requests will be sent to the server. color: rgb(120, 120, 120) color: inherit @ http://localhost:3000/_next/static/chunks/0u09_next_dist_01acjgj._.js:2431
[     179ms] [LOG] %c[Vercel Web Analytics]%c Running queued event color: rgb(120, 120, 120) color: inherit pageview {route: /contact, path: /contact} @ http://localhost:3000/_next/static/chunks/0u09_next_dist_01acjgj._.js:2431
[     180ms] [LOG] %c[Vercel Web Analytics]%c [view] http://localhost:3000/contact color: rgb(120, 120, 120) color: inherit {o: http://localhost:3000/contact, sv: 0.1.3, sdkn: @vercel/analytics/next, sdkv: 1.6.1, ts: 1776171050454} /_vercel/insights/view @ http://localhost:3000/_next/static/chunks/0u09_next_dist_01acjgj._.js:2431
[     180ms] [LOG] %c[Vercel Speed Insights]%c Debug mode is enabled by default in development. No requests will be sent to the server. color: rgb(120, 120, 120) color: inherit @ http://localhost:3000/_next/static/chunks/0u09_next_dist_01acjgj._.js:2431
[   19250ms] [LOG] %c[Vercel Speed Insights]%c [vitals] color: rgb(120, 120, 120) color: inherit {speed: 4g, metrics: Array(3), scriptVersion: 0.1.3, sdkName: @vercel/speed-insights/next, sdkVersion: 2.0.0} /_vercel/speed-insights/vitals @ http://localhost:3000/_next/static/chunks/0u09_next_dist_01acjgj._.js:2431
[   19250ms] [LOG] %c[Vercel Speed Insights]%c [vitals] color: rgb(120, 120, 120) color: inherit {speed: 4g, metrics: Array(1), scriptVersion: 0.1.3, sdkName: @vercel/speed-insights/next, sdkVersion: 2.0.0} /_vercel/speed-insights/vitals @ http://localhost:3000/_next/static/chunks/0u09_next_dist_01acjgj._.js:2431
[   19282ms] [INFO] %cDownload the React DevTools for a better development experience: https://react.dev/link/react-devtools font-weight:bold @ http://localhost:3000/_next/static/chunks/0u09_next_dist_01acjgj._.js:2431
[   19296ms] [LOG] [HMR] connected @ http://localhost:3000/_next/static/chunks/0u09_next_dist_01acjgj._.js:2431
[   19374ms] [LOG] %c[Vercel Web Analytics]%c Debug mode is enabled by default in development. No requests will be sent to the server. color: rgb(120, 120, 120) color: inherit @ http://localhost:3000/_next/static/chunks/0u09_next_dist_01acjgj._.js:2431
[   19374ms] [LOG] %c[Vercel Web Analytics]%c Running queued event color: rgb(120, 120, 120) color: inherit pageview {route: /financing, path: /financing} @ http://localhost:3000/_next/static/chunks/0u09_next_dist_01acjgj._.js:2431
[   19374ms] [LOG] %c[Vercel Web Analytics]%c [view] http://localhost:3000/financing color: rgb(120, 120, 120) color: inherit {o: http://localhost:3000/financing, sv: 0.1.3, sdkn: @vercel/analytics/next, sdkv: 1.6.1, ts: 1776171069649} /_vercel/insights/view @ http://localhost:3000/_next/static/chunks/0u09_next_dist_01acjgj._.js:2431
[   19374ms] [LOG] %c[Vercel Speed Insights]%c Debug mode is enabled by default in development. No requests will be sent to the server. color: rgb(120, 120, 120) color: inherit @ http://localhost:3000/_next/static/chunks/0u09_next_dist_01acjgj._.js:2431
[   19375ms] [LOG] %c[Vercel Speed Insights]%c [vitals] color: rgb(120, 120, 120) color: inherit {speed: 4g, metrics: Array(3), scriptVersion: 0.1.3, sdkName: @vercel/speed-insights/next, sdkVersion: 2.0.0} /_vercel/speed-insights/vitals @ http://localhost:3000/_next/static/chunks/0u09_next_dist_01acjgj._.js:2431
[   19375ms] [LOG] %c[Vercel Speed Insights]%c [vitals] color: rgb(120, 120, 120) color: inherit {speed: 4g, metrics: Array(1), scriptVersion: 0.1.3, sdkName: @vercel/speed-insights/next, sdkVersion: 2.0.0} /_vercel/speed-insights/vitals @ http://localhost:3000/_next/static/chunks/0u09_next_dist_01acjgj._.js:2431
[   19409ms] [INFO] %cDownload the React DevTools for a better development experience: https://react.dev/link/react-devtools font-weight:bold @ http://localhost:3000/_next/static/chunks/0u09_next_dist_01acjgj._.js:2431
[   19419ms] [LOG] [HMR] connected @ http://localhost:3000/_next/static/chunks/0u09_next_dist_01acjgj._.js:2431
[   19624ms] [INFO] %cDownload the React DevTools for a better development experience: https://react.dev/link/react-devtools font-weight:bold @ http://localhost:3000/_next/static/chunks/0u09_next_dist_01acjgj._.js:2431
[   19636ms] [LOG] [HMR] connected @ http://localhost:3000/_next/static/chunks/0u09_next_dist_01acjgj._.js:2431
[   19698ms] [LOG] %c[Vercel Web Analytics]%c Debug mode is enabled by default in development. No requests will be sent to the server. color: rgb(120, 120, 120) color: inherit @ http://localhost:3000/_next/static/chunks/0u09_next_dist_01acjgj._.js:2431
[   19698ms] [LOG] %c[Vercel Web Analytics]%c Running queued event color: rgb(120, 120, 120) color: inherit pageview {route: /sell-your-car, path: /sell-your-car} @ http://localhost:3000/_next/static/chunks/0u09_next_dist_01acjgj._.js:2431
[   19698ms] [LOG] %c[Vercel Web Analytics]%c [view] http://localhost:3000/sell-your-car color: rgb(120, 120, 120) color: inherit {o: http://localhost:3000/sell-your-car, sv: 0.1.3, sdkn: @vercel/analytics/next, sdkv: 1.6.1, ts: 1776171069973} /_vercel/insights/view @ http://localhost:3000/_next/static/chunks/0u09_next_dist_01acjgj._.js:2431
[   19698ms] [LOG] %c[Vercel Speed Insights]%c Debug mode is enabled by default in development. No requests will be sent to the server. color: rgb(120, 120, 120) color: inherit @ http://localhost:3000/_next/static/chunks/0u09_next_dist_01acjgj._.js:2431