[      59ms] [LOG] %c[Vercel Speed Insights]%c [vitals] color: rgb(120, 120, 120) color: inherit {speed: 4g, metrics: Array(1), scriptVersion: 0.1.3, sdkName: @vercel/speed-insights/next, sdkVersion: 2.0.0} /_vercel/speed-insights/vitals @ http://localhost:3000/_next/static/chunks/0u09_next_dist_01acjgj._.js:2431
[      59ms] [LOG] %c[Vercel Speed Insights]%c [vitals] color: rgb(120, 120, 120) color: inherit {speed: 4g, metrics: Array(1), scriptVersion: 0.1.3, sdkName: @vercel/speed-insights/next, sdkVersion: 2.0.0} /_vercel/speed-insights/vitals @ http://localhost:3000/_next/static/chunks/0u09_next_dist_01acjgj._.js:2431
[     109ms] [INFO] %cDownload the React DevTools for a better development experience: https://react.dev/link/react-devtools font-weight:bold @ http://localhost:3000/_next/static/chunks/0u09_next_dist_01acjgj._.js:2431
[     133ms] [LOG] [HMR] connected @ http://localhost:3000/_next/static/chunks/0u09_next_dist_01acjgj._.js:2431
[     238ms] [LOG] %c[Vercel Web Analytics]%c Debug mode is enabled by default in development. No requests will be sent to the server. color: rgb(120, 120, 120) color: inherit @ http://localhost:3000/_next/static/chunks/0u09_next_dist_01acjgj._.js:2431
[     239ms] [LOG] %c[Vercel Web Analytics]%c Running queued event color: rgb(120, 120, 120) color: inherit pageview {route: /, path: /} @ http://localhost:3000/_next/static/chunks/0u09_next_dist_01acjgj._.js:2431
[     239ms] [LOG] %c[Vercel Web Analytics]%c [view] http://localhost:3000/ color: rgb(120, 120, 120) color: inherit {o: http://localhost:3000/, sv: 0.1.3, sdkn: @vercel/analytics/next, sdkv: 1.6.1, ts: 1776171315770} /_vercel/insights/view @ http://localhost:3000/_next/static/chunks/0u09_next_dist_01acjgj._.js:2431
[     239ms] [LOG] %c[Vercel Speed Insights]%c Debug mode is enabled by default in development. No requests will be sent to the server. color: rgb(120, 120, 120) color: inherit @ http://localhost:3000/_next/static/chunks/0u09_next_dist_01acjgj._.js:2431
[   15699ms] [LOG] %c[Vercel Speed Insights]%c [vitals] color: rgb(120, 120, 120) color: inherit {speed: 4g, metrics: Array(1), scriptVersion: 0.1.3, sdkName: @vercel/speed-insights/next, sdkVersion: 2.0.0} /_vercel/speed-insights/vitals @ http://localhost:3000/_next/static/chunks/0u09_next_dist_01acjgj._.js:2431
[   15718ms] [INFO] %cDownload the React DevTools for a better development experience: https://react.dev/link/react-devtools font-weight:bold @ http://localhost:3000/_next/static/chunks/0u09_next_dist_01acjgj._.js:2431
[   15728ms] [LOG] [HMR] connected @ http://localhost:3000/_next/static/chunks/0u09_next_dist_01acjgj._.js:2431
[   15825ms] [LOG] %c[Vercel Web Analytics]%c Debug mode is enabled by default in development. No requests will be sent to the server. color: rgb(120, 120, 120) color: inherit @ http://localhost:3000/_next/static/chunks/0u09_next_dist_01acjgj._.js:2431
[   15826ms] [LOG] %c[Vercel Web Analytics]%c Running queued event color: rgb(120, 120, 120) color: inherit pageview {route: /, path: /} @ http://localhost:3000/_next/static/chunks/0u09_next_dist_01acjgj._.js:2431
[   15826ms] [LOG] %c[Vercel Web Analytics]%c [view] http://localhost:3000/ color: rgb(120, 120, 120) color: inherit {o: http://localhost:3000/, sv: 0.1.3, sdkn: @vercel/analytics/next, sdkv: 1.6.1, ts: 1776171331357} /_vercel/insights/view @ http://localhost:3000/_next/static/chunks/0u09_next_dist_01acjgj._.js:2431
[   15826ms] [LOG] %c[Vercel Speed Insights]%c Debug mode is enabled by default in development. No requests will be sent to the server. color: rgb(120, 120, 120) color: inherit @ http://localhost:3000/_next/static/chunks/0u09_next_dist_01acjgj._.js:2431
[   16369ms] [LOG] %c[Vercel Speed Insights]%c [vitals] color: rgb(120, 120, 120) color: inherit {speed: 4g, metrics: Array(1), scriptVersion: 0.1.3, sdkName: @vercel/speed-insights/next, sdkVersion: 2.0.0} /_vercel/speed-insights/vitals @ http://localhost:3000/_next/static/chunks/0u09_next_dist_01acjgj._.js:2431
[   16385ms] [INFO] %cDownload the React DevTools for a better development experience: https://react.dev/link/react-devtools font-weight:bold @ http://localhost:3000/_next/static/chunks/0u09_next_dist_01acjgj._.js:2431
[   16393ms] [LOG] [HMR] connected @ http://localhost:3000/_next/static/chunks/0u09_next_dist_01acjgj._.js:2431
[   16455ms] [LOG] %c[Vercel Web Analytics]%c Debug mode is enabled by default in development. No requests will be sent to the server. color: rgb(120, 120, 120) color: inherit @ http://localhost:3000/_next/static/chunks/0u09_next_dist_01acjgj._.js:2431
[   16455ms] [LOG] %c[Vercel Web Analytics]%c Running queued event color: rgb(120, 120, 120) color: inherit pageview {route: /inventory, path: /inventory} @ http://localhost:3000/_next/static/chunks/0u09_next_dist_01acjgj._.js:2431
[   16455ms] [LOG] %c[Vercel Web Analytics]%c [view] http://localhost:3000/inventory color: rgb(120, 120, 120) color: inherit {o: http://localhost:3000/inventory, sv: 0.1.3, sdkn: @vercel/analytics/next, sdkv: 1.6.1, ts: 1776171331987} /_vercel/insights/view @ http://localhost:3000/_next/static/chunks/0u09_next_dist_01acjgj._.js:2431
[   16456ms] [LOG] %c[Vercel Speed Insights]%c Debug mode is enabled by default in development. No requests will be sent to the server. color: rgb(120, 120, 120) color: inherit @ http://localhost:3000/_next/static/chunks/0u09_next_dist_01acjgj._.js:2431
[   17088ms] [LOG] %c[Vercel Speed Insights]%c [vitals] color: rgb(120, 120, 120) color: inherit {speed: 4g, metrics: Array(1), scriptVersion: 0.1.3, sdkName: @vercel/speed-insights/next, sdkVersion: 2.0.0} /_vercel/speed-insights/vitals @ http://localhost:3000/_next/static/chunks/0u09_next_dist_01acjgj._.js:2431
[   17098ms] [INFO] %cDownload the React DevTools for a better development experience: https://react.dev/link/react-devtools font-weight:bold @ http://localhost:3000/_next/static/chunks/0u09_next_dist_01acjgj._.js:2431
[   17107ms] [LOG] [HMR] connected @ http://localhost:3000/_next/static/chunks/0u09_next_dist_01acjgj._.js:2431
[   17165ms] [LOG] %c[Vercel Web Analytics]%c Debug mode is enabled by default in development. No requests will be sent to the server. color: rgb(120, 120, 120) color: inherit @ http://localhost:3000/_next/static/chunks/0u09_next_dist_01acjgj._.js:2431
[   17165ms] [LOG] %c[Vercel Web Analytics]%c Running queued event color: rgb(120, 120, 120) color: inherit pageview {route: /financing, path: /financing} @ http://localhost:3000/_next/static/chunks/0u09_next_dist_01acjgj._.js:2431
[   17165ms] [LOG] %c[Vercel Web Analytics]%c [view] http://localhost:3000/financing color: rgb(120, 120, 120) color: inherit {o: http://localhost:3000/financing, sv: 0.1.3, sdkn: @vercel/analytics/next, sdkv: 1.6.1, ts: 1776171332696} /_vercel/insights/view @ http://localhost:3000/_next/static/chunks/0u09_next_dist_01acjgj._.js:2431
[   17165ms] [LOG] %c[Vercel Speed Insights]%c Debug mode is enabled by default in development. No requests will be sent to the server. color: rgb(120, 120, 120) color: inherit @ http://localhost:3000/_next/static/chunks/0u09_next_dist_01acjgj._.js:2431
[   17754ms] [LOG] %c[Vercel Speed Insights]%c [vitals] color: rgb(120, 120, 120) color: inherit {speed: 4g, metrics: Array(1), scriptVersion: 0.1.3, sdkName: @vercel/speed-insights/next, sdkVersion: 2.0.0} /_vercel/speed-insights/vitals @ http://localhost:3000/_next/static/chunks/0u09_next_dist_01acjgj._.js:2431
[   17765ms] [INFO] %cDownload the React DevTools for a better development experience: https://react.dev/link/react-devtools font-weight:bold @ http://localhost:3000/_next/static/chunks/0u09_next_dist_01acjgj._.js:2431
[   17772ms] [LOG] [HMR] connected @ http://localhost:3000/_next/static/chunks/0u09_next_dist_01acjgj._.js:2431
[   17835ms] [LOG] %c[Vercel Web Analytics]%c Debug mode is enabled by default in development. No requests will be sent to the server. color: rgb(120, 120, 120) color: inherit @ http://localhost:3000/_next/static/chunks/0u09_next_dist_01acjgj._.js:2431
[   17835ms] [LOG] %c[Vercel Web Analytics]%c Running queued event color: rgb(120, 120, 120) color: inherit pageview {route: /contact, path: /contact} @ http://localhost:3000/_next/static/chunks/0u09_next_dist_01acjgj._.js:2431
[   17835ms] [LOG] %c[Vercel Web Analytics]%c [view] http://localhost:3000/contact color: rgb(120, 120, 120) color: inherit {o: http://localhost:3000/contact, sv: 0.1.3, sdkn: @vercel/analytics/next, sdkv: 1.6.1, ts: 1776171333367} /_vercel/insights/view @ http://localhost:3000/_next/static/chunks/0u09_next_dist_01acjgj._.js:2431
[   17835ms] [LOG] %c[Vercel Speed Insights]%c Debug mode is enabled by default in development. No requests will be sent to the server. color: rgb(120, 120, 120) color: inherit @ http://localhost:3000/_next/static/chunks/0u09_next_dist_01acjgj._.js:2431
[   18469ms] [LOG] %c[Vercel Speed Insights]%c [vitals] color: rgb(120, 120, 120) color: inherit {speed: 4g, metrics: Array(1), scriptVersion: 0.1.3, sdkName: @vercel/speed-insights/next, sdkVersion: 2.0.0} /_vercel/speed-insights/vitals @ http://localhost:3000/_next/static/chunks/0u09_next_dist_01acjgj._.js:2431
[   18481ms] [INFO] %cDownload the React DevTools for a better development experience: https://react.dev/link/react-devtools font-weight:bold @ http://localhost:3000/_next/static/chunks/0u09_next_dist_01acjgj._.js:2431
[   18489ms] [LOG] [HMR] connected @ http://localhost:3000/_next/static/chunks/0u09_next_dist_01acjgj._.js:2431
[   18548ms] [LOG] %c[Vercel Web Analytics]%c Debug mode is enabled by default in development. No requests will be sent to the server. color: rgb(120, 120, 120) color: inherit @ http://localhost:3000/_next/static/chunks/0u09_next_dist_01acjgj._.js:2431
[   18548ms] [LOG] %c[Vercel Web Analytics]%c Running queued event color: rgb(120, 120, 120) color: inherit pageview {route: /about, path: /about} @ http://localhost:3000/_next/static/chunks/0u09_next_dist_01acjgj._.js:2431
[   18548ms] [LOG] %c[Vercel Web Analytics]%c [view] http://localhost:3000/about color: rgb(120, 120, 120) color: inherit {o: http://localhost:3000/about, sv: 0.1.3, sdkn: @vercel/analytics/next, sdkv: 1.6.1, ts: 1776171334079} /_vercel/insights/view @ http://localhost:3000/_next/static/chunks/0u09_next_dist_01acjgj._.js:2431
[   18548ms] [LOG] %c[Vercel Speed Insights]%c Debug mode is enabled by default in development. No requests will be sent to the server. color: rgb(120, 120, 120) color: inherit @ http://localhost:3000/_next/static/chunks/0u09_next_dist_01acjgj._.js:2431
[   19154ms] [LOG] %c[Vercel Speed Insights]%c [vitals] color: rgb(120, 120, 120) color: inherit {speed: 4g, metrics: Array(1), scriptVersion: 0.1.3, sdkName: @vercel/speed-insights/next, sdkVersion: 2.0.0} /_vercel/speed-insights/vitals @ http://localhost:3000/_next/static/chunks/0u09_next_dist_01acjgj._.js:2431
[   19163ms] [INFO] %cDownload the React DevTools for a better development experience: https://react.dev/link/react-devtools font-weight:bold @ http://localhost:3000/_next/static/chunks/0u09_next_dist_01acjgj._.js:2431
[   19174ms] [LOG] [HMR] connected @ http://localhost:3000/_next/static/chunks/0u09_next_dist_01acjgj._.js:2431
[   19245ms] [LOG] %c[Vercel Web Analytics]%c Debug mode is enabled by default in development. No requests will be sent to the server. color: rgb(120, 120, 120) color: inherit @ http://localhost:3000/_next/static/chunks/0u09_next_dist_01acjgj._.js:2431
[   19245ms] [LOG] %c[Vercel Web Analytics]%c Running queued event color: rgb(120, 120, 120) color: inherit pageview {route: /faq, path: /faq} @ http://localhost:3000/_next/static/chunks/0u09_next_dist_01acjgj._.js:2431
[   19245ms] [LOG] %c[Vercel Web Analytics]%c [view] http://localhost:3000/faq color: rgb(120, 120, 120) color: inherit {o: http://localhost:3000/faq, sv: 0.1.3, sdkn: @vercel/analytics/next, sdkv: 1.6.1, ts: 1776171334776} /_vercel/insights/view @ http://localhost:3000/_next/static/chunks/0u09_next_dist_01acjgj._.js:2431
[   19245ms] [LOG] %c[Vercel Speed Insights]%c Debug mode is enabled by default in development. No requests will be sent to the server. color: rgb(120, 120, 120) color: inherit @ http://localhost:3000/_next/static/chunks/0u09_next_dist_01acjgj._.js:2431
[   93608ms] [LOG] [Fast Refresh] rebuilding @ http://localhost:3000/_next/static/chunks/0u09_next_dist_01acjgj._.js:2431
[   93772ms] [LOG] [Fast Refresh] done in 255ms @ http://localhost:3000/_next/static/chunks/0u09_next_dist_01acjgj._.js:2431
[   93894ms] [LOG] [Fast Refresh] rebuilding @ http://localhost:3000/_next/static/chunks/0u09_next_dist_01acjgj._.js:2431
[   94034ms] [LOG] [Fast Refresh] done in 240ms @ http://localhost:3000/_next/static/chunks/0u09_next_dist_01acjgj._.js:2431
[   94141ms] [LOG] [Fast Refresh] rebuilding @ http://localhost:3000/_next/static/chunks/0u09_next_dist_01acjgj._.js:2431
[   94705ms] [LOG] [Fast Refresh] done in 664ms @ http://localhost:3000/_next/static/chunks/0u09_next_dist_01acjgj._.js:2431
[  149597ms] [LOG] %c[Vercel Speed Insights]%c [vitals] color: rgb(120, 120, 120) color: inherit {speed: 4g, metrics: Array(4), scriptVersion: 0.1.3, sdkName: @vercel/speed-insights/next, sdkVersion: 2.0.0} /_vercel/speed-insights/vitals @ http://localhost:3000/_next/static/chunks/0u09_next_dist_01acjgj._.js:2431
[  149600ms] [LOG] %c[Vercel Web Analytics]%c [view] http://localhost:3000/inventory color: rgb(120, 120, 120) color: inherit {o: http://localhost:3000/inventory, sv: 0.1.3, sdkn: @vercel/analytics/next, sdkv: 1.6.1, ts: 1776171465131} /_vercel/insights/view @ http://localhost:3000/_next/static/chunks/0u09_next_dist_01acjgj._.js:2431
[  153511ms] [LOG] %c[Vercel Web Analytics]%c [view] http://localhost:3000/about color: rgb(120, 120, 120) color: inherit {o: http://localhost:3000/about, sv: 0.1.3, sdkn: @vercel/analytics/next, sdkv: 1.6.1, ts: 1776171469042} /_vercel/insights/view @ http://localhost:3000/_next/static/chunks/0u09_next_dist_01acjgj._.js:2431
[  182218ms] [VERBOSE] [DOM] Input elements should have autocomplete attributes (suggested: "current-password"): (More info: https://goo.gl/9p2vKq) %o @ http://localhost:3000/about:0
[  183858ms] [LOG] [Fast Refresh] rebuilding @ http://localhost:3000/_next/static/chunks/0u09_next_dist_01acjgj._.js:2431
[  183927ms] [LOG] [Fast Refresh] done in 73ms @ http://localhost:3000/_next/static/chunks/0u09_next_dist_01acjgj._.js:2431
[  184282ms] [LOG] [Fast Refresh] rebuilding @ http://localhost:3000/_next/static/chunks/0u09_next_dist_01acjgj._.js:2431
[  184297ms] [LOG] [Fast Refresh] done in 116ms @ http://localhost:3000/_next/static/chunks/0u09_next_dist_01acjgj._.js:2431
[  184497ms] [LOG] [Fast Refresh] rebuilding @ http://localhost:3000/_next/static/chunks/0u09_next_dist_01acjgj._.js:2431
[  185148ms] [LOG] [Fast Refresh] done in 752ms @ http://localhost:3000/_next/static/chunks/0u09_next_dist_01acjgj._.js:2431
[  199415ms] [LOG] %c[Vercel Web Analytics]%c [view] http://localhost:3000/trade-in color: rgb(120, 120, 120) color: inherit {o: http://localhost:3000/trade-in, sv: 0.1.3, sdkn: @vercel/analytics/next, sdkv: 1.6.1, ts: 1776171514946} /_vercel/insights/view @ http://localhost:3000/_next/static/chunks/0u09_next_dist_01acjgj._.js:2431
[  204864ms] [LOG] %c[Vercel Speed Insights]%c [vitals] color: rgb(120, 120, 120) color: inherit {speed: 4g, metrics: Array(1), scriptVersion: 0.1.3, sdkName: @vercel/speed-insights/next, sdkVersion: 2.0.0} /_vercel/speed-insights/vitals @ http://localhost:3000/_next/static/chunks/0u09_next_dist_01acjgj._.js:2431
[  204865ms] [LOG] %c[Vercel Speed Insights]%c [vitals] color: rgb(120, 120, 120) color: inherit {speed: 4g, metrics: Array(1), scriptVersion: 0.1.3, sdkName: @vercel/speed-insights/next, sdkVersion: 2.0.0} /_vercel/speed-insights/vitals @ http://localhost:3000/_next/static/chunks/0u09_next_dist_01acjgj._.js:2431
[  204896ms] [INFO] %cDownload the React DevTools for a better development experience: https://react.dev/link/react-devtools font-weight:bold @ http://localhost:3000/_next/static/chunks/0u09_next_dist_01acjgj._.js:2431
[  204912ms] [LOG] [HMR] connected @ http://localhost:3000/_next/static/chunks/0u09_next_dist_01acjgj._.js:2431
[  205117ms] [LOG] %c[Vercel Web Analytics]%c Debug mode is enabled by default in development. No requests will be sent to the server. color: rgb(120, 120, 120) color: inherit @ http://localhost:3000/_next/static/chunks/0u09_next_dist_01acjgj._.js:2431
[  205117ms] [LOG] %c[Vercel Web Analytics]%c Running queued event color: rgb(120, 120, 120) color: inherit pageview {route: /trade-in, path: /trade-in} @ http://localhost:3000/_next/static/chunks/0u09_next_dist_01acjgj._.js:2431
[  205117ms] [LOG] %c[Vercel Web Analytics]%c [view] http://localhost:3000/trade-in color: rgb(120, 120, 120) color: inherit {o: http://localhost:3000/trade-in, sv: 0.1.3, sdkn: @vercel/analytics/next, sdkv: 1.6.1, ts: 1776171520649} /_vercel/insights/view @ http://localhost:3000/_next/static/chunks/0u09_next_dist_01acjgj._.js:2431
[  205117ms] [LOG] %c[Vercel Speed Insights]%c Debug mode is enabled by default in development. No requests will be sent to the server. color: rgb(120, 120, 120) color: inherit @ http://localhost:3000/_next/static/chunks/0u09_next_dist_01acjgj._.js:2431
[  207143ms] [LOG] %c[Vercel Speed Insights]%c [vitals] color: rgb(120, 120, 120) color: inherit {speed: 4g, metrics: Array(4), scriptVersion: 0.1.3, sdkName: @vercel/speed-insights/next, sdkVersion: 2.0.0} /_vercel/speed-insights/vitals @ http://localhost:3000/_next/static/chunks/0u09_next_dist_01acjgj._.js:2431
[  207147ms] [LOG] %c[Vercel Web Analytics]%c [view] http://localhost:3000/ color: rgb(120, 120, 120) color: inherit {o: http://localhost:3000/, sv: 0.1.3, sdkn: @vercel/analytics/next, sdkv: 1.6.1, ts: 1776171522678} /_vercel/insights/view @ http://localhost:3000/_next/static/chunks/0u09_next_dist_01acjgj._.js:2431
