[      45ms] [LOG] %c[Vercel Speed Insights]%c [vitals] color: rgb(120, 120, 120) color: inherit {speed: 4g, metrics: Array(3), scriptVersion: 0.1.3, sdkName: @vercel/speed-insights/next, sdkVersion: 2.0.0} /_vercel/speed-insights/vitals @ http://localhost:3000/_next/static/chunks/0u09_next_dist_01acjgj._.js:2431
[      45ms] [LOG] %c[Vercel Speed Insights]%c [vitals] color: rgb(120, 120, 120) color: inherit {speed: 4g, metrics: Array(1), scriptVersion: 0.1.3, sdkName: @vercel/speed-insights/next, sdkVersion: 2.0.0} /_vercel/speed-insights/vitals @ http://localhost:3000/_next/static/chunks/0u09_next_dist_01acjgj._.js:2431
[      68ms] [INFO] %cDownload the React DevTools for a better development experience: https://react.dev/link/react-devtools font-weight:bold @ http://localhost:3000/_next/static/chunks/0u09_next_dist_01acjgj._.js:2431
[      81ms] [LOG] [HMR] connected @ http://localhost:3000/_next/static/chunks/0u09_next_dist_01acjgj._.js:2431
[     156ms] [LOG] %c[Vercel Web Analytics]%c Debug mode is enabled by default in development. No requests will be sent to the server. color: rgb(120, 120, 120) color: inherit @ http://localhost:3000/_next/static/chunks/0u09_next_dist_01acjgj._.js:2431
[     156ms] [LOG] %c[Vercel Web Analytics]%c Running queued event color: rgb(120, 120, 120) color: inherit pageview {route: /inventory, path: /inventory} @ http://localhost:3000/_next/static/chunks/0u09_next_dist_01acjgj._.js:2431
[     156ms] [LOG] %c[Vercel Web Analytics]%c [view] http://localhost:3000/inventory color: rgb(120, 120, 120) color: inherit {o: http://localhost:3000/inventory, sv: 0.1.3, sdkn: @vercel/analytics/next, sdkv: 1.6.1, ts: 1776152997427} /_vercel/insights/view @ http://localhost:3000/_next/static/chunks/0u09_next_dist_01acjgj._.js:2431
[     156ms] [LOG] %c[Vercel Speed Insights]%c Debug mode is enabled by default in development. No requests will be sent to the server. color: rgb(120, 120, 120) color: inherit @ http://localhost:3000/_next/static/chunks/0u09_next_dist_01acjgj._.js:2431
[   13037ms] [LOG] %c[Vercel Speed Insights]%c [vitals] color: rgb(120, 120, 120) color: inherit {speed: 4g, metrics: Array(3), scriptVersion: 0.1.3, sdkName: @vercel/speed-insights/next, sdkVersion: 2.0.0} /_vercel/speed-insights/vitals @ http://localhost:3000/_next/static/chunks/0u09_next_dist_01acjgj._.js:2431
[   13037ms] [LOG] %c[Vercel Speed Insights]%c [vitals] color: rgb(120, 120, 120) color: inherit {speed: 4g, metrics: Array(1), scriptVersion: 0.1.3, sdkName: @vercel/speed-insights/next, sdkVersion: 2.0.0} /_vercel/speed-insights/vitals @ http://localhost:3000/_next/static/chunks/0u09_next_dist_01acjgj._.js:2431
[   13069ms] [INFO] %cDownload the React DevTools for a better development experience: https://react.dev/link/react-devtools font-weight:bold @ http://localhost:3000/_next/static/chunks/0u09_next_dist_01acjgj._.js:2431
[   13079ms] [LOG] [HMR] connected @ http://localhost:3000/_next/static/chunks/0u09_next_dist_01acjgj._.js:2431
[   13162ms] [LOG] %c[Vercel Web Analytics]%c Debug mode is enabled by default in development. No requests will be sent to the server. color: rgb(120, 120, 120) color: inherit @ http://localhost:3000/_next/static/chunks/0u09_next_dist_01acjgj._.js:2431
[   13162ms] [LOG] %c[Vercel Web Analytics]%c Running queued event color: rgb(120, 120, 120) color: inherit pageview {route: /financing, path: /financing} @ http://localhost:3000/_next/static/chunks/0u09_next_dist_01acjgj._.js:2431
[   13162ms] [LOG] %c[Vercel Web Analytics]%c [view] http://localhost:3000/financing color: rgb(120, 120, 120) color: inherit {o: http://localhost:3000/financing, sv: 0.1.3, sdkn: @vercel/analytics/next, sdkv: 1.6.1, ts: 1776153010433} /_vercel/insights/view @ http://localhost:3000/_next/static/chunks/0u09_next_dist_01acjgj._.js:2431
[   13162ms] [LOG] %c[Vercel Speed Insights]%c Debug mode is enabled by default in development. No requests will be sent to the server. color: rgb(120, 120, 120) color: inherit @ http://localhost:3000/_next/static/chunks/0u09_next_dist_01acjgj._.js:2431
[   13167ms] [LOG] %c[Vercel Speed Insights]%c [vitals] color: rgb(120, 120, 120) color: inherit {speed: 4g, metrics: Array(3), scriptVersion: 0.1.3, sdkName: @vercel/speed-insights/next, sdkVersion: 2.0.0} /_vercel/speed-insights/vitals @ http://localhost:3000/_next/static/chunks/0u09_next_dist_01acjgj._.js:2431
[   13167ms] [LOG] %c[Vercel Speed Insights]%c [vitals] color: rgb(120, 120, 120) color: inherit {speed: 4g, metrics: Array(1), scriptVersion: 0.1.3, sdkName: @vercel/speed-insights/next, sdkVersion: 2.0.0} /_vercel/speed-insights/vitals @ http://localhost:3000/_next/static/chunks/0u09_next_dist_01acjgj._.js:2431
[   13191ms] [INFO] %cDownload the React DevTools for a better development experience: https://react.dev/link/react-devtools font-weight:bold @ http://localhost:3000/_next/static/chunks/0u09_next_dist_01acjgj._.js:2431
[   13201ms] [LOG] [HMR] connected @ http://localhost:3000/_next/static/chunks/0u09_next_dist_01acjgj._.js:2431
[   13401ms] [LOG] %c[Vercel Web Analytics]%c Debug mode is enabled by default in development. No requests will be sent to the server. color: rgb(120, 120, 120) color: inherit @ http://localhost:3000/_next/static/chunks/0u09_next_dist_01acjgj._.js:2431
[   13401ms] [LOG] %c[Vercel Web Analytics]%c Running queued event color: rgb(120, 120, 120) color: inherit pageview {route: /trade-in, path: /trade-in} @ http://localhost:3000/_next/static/chunks/0u09_next_dist_01acjgj._.js:2431
[   13401ms] [LOG] %c[Vercel Web Analytics]%c [view] http://localhost:3000/trade-in color: rgb(120, 120, 120) color: inherit {o: http://localhost:3000/trade-in, sv: 0.1.3, sdkn: @vercel/analytics/next, sdkv: 1.6.1, ts: 1776153010673} /_vercel/insights/view @ http://localhost:3000/_next/static/chunks/0u09_next_dist_01acjgj._.js:2431
[   13401ms] [LOG] %c[Vercel Speed Insights]%c Debug mode is enabled by default in development. No requests will be sent to the server. color: rgb(120, 120, 120) color: inherit @ http://localhost:3000/_next/static/chunks/0u09_next_dist_01acjgj._.js:2431
[   13499ms] [LOG] [Fast Refresh] rebuilding @ http://localhost:3000/_next/static/chunks/0u09_next_dist_01acjgj._.js:2431
[   13600ms] [LOG] [Fast Refresh] done in 202ms @ http://localhost:3000/_next/static/chunks/0u09_next_dist_01acjgj._.js:2431
[   13748ms] [LOG] %c[Vercel Speed Insights]%c [vitals] color: rgb(120, 120, 120) color: inherit {speed: 4g, metrics: Array(3), scriptVersion: 0.1.3, sdkName: @vercel/speed-insights/next, sdkVersion: 2.0.0} /_vercel/speed-insights/vitals @ http://localhost:3000/_next/static/chunks/0u09_next_dist_01acjgj._.js:2431
[   13748ms] [LOG] %c[Vercel Speed Insights]%c [vitals] color: rgb(120, 120, 120) color: inherit {speed: 4g, metrics: Array(1), scriptVersion: 0.1.3, sdkName: @vercel/speed-insights/next, sdkVersion: 2.0.0} /_vercel/speed-insights/vitals @ http://localhost:3000/_next/static/chunks/0u09_next_dist_01acjgj._.js:2431
[   13758ms] [INFO] %cDownload the React DevTools for a better development experience: https://react.dev/link/react-devtools font-weight:bold @ http://localhost:3000/_next/static/chunks/0u09_next_dist_01acjgj._.js:2431
[   13766ms] [LOG] [HMR] connected @ http://localhost:3000/_next/static/chunks/0u09_next_dist_01acjgj._.js:2431
[   13948ms] [LOG] [Fast Refresh] rebuilding @ http://localhost:3000/_next/static/chunks/0u09_next_dist_01acjgj._.js:2431
[   14137ms] [LOG] %c[Vercel Web Analytics]%c Debug mode is enabled by default in development. No requests will be sent to the server. color: rgb(120, 120, 120) color: inherit @ http://localhost:3000/_next/static/chunks/0u09_next_dist_01acjgj._.js:2431
[   14137ms] [LOG] %c[Vercel Web Analytics]%c Running queued event color: rgb(120, 120, 120) color: inherit pageview {route: /checkout/[id], path: /checkout/test-id} @ http://localhost:3000/_next/static/chunks/0u09_next_dist_01acjgj._.js:2431
[   14137ms] [LOG] %c[Vercel Web Analytics]%c Running queued event color: rgb(120, 120, 120) color: inherit pageview {route: /auth/login, path: /auth/login} @ http://localhost:3000/_next/static/chunks/0u09_next_dist_01acjgj._.js:2431
[   14137ms] [LOG] %c[Vercel Web Analytics]%c [view] http://localhost:3000/checkout/test-id color: rgb(120, 120, 120) color: inherit {o: http://localhost:3000/checkout/test-id, sv: 0.1.3, sdkn: @vercel/analytics/next, sdkv: 1.6.1, ts: 1776153011408} /_vercel/insights/view @ http://localhost:3000/_next/static/chunks/0u09_next_dist_01acjgj._.js:2431
[   14137ms] [LOG] %c[Vercel Web Analytics]%c [view] http://localhost:3000/auth/login?redirectTo=%2Fcheckout%2Ftest-id color: rgb(120, 120, 120) color: inherit {o: http://localhost:3000/auth/login?redirectTo=%2Fcheckout%2Ftest-id, sv: 0.1.3, sdkn: @vercel/analytics/next, sdkv: 1.6.1, ts: 1776153011408} /_vercel/insights/view @ http://localhost:3000/_next/static/chunks/0u09_next_dist_01acjgj._.js:2431
[   14137ms] [LOG] %c[Vercel Speed Insights]%c Debug mode is enabled by default in development. No requests will be sent to the server. color: rgb(120, 120, 120) color: inherit @ http://localhost:3000/_next/static/chunks/0u09_next_dist_01acjgj._.js:2431
[   14185ms] [LOG] %c[Vercel Speed Insights]%c [vitals] color: rgb(120, 120, 120) color: inherit {speed: 4g, metrics: Array(3), scriptVersion: 0.1.3, sdkName: @vercel/speed-insights/next, sdkVersion: 2.0.0} /_vercel/speed-insights/vitals @ http://localhost:3000/_next/static/chunks/0u09_next_dist_01acjgj._.js:2431
[   14185ms] [LOG] %c[Vercel Speed Insights]%c [vitals] color: rgb(120, 120, 120) color: inherit {speed: 4g, metrics: Array(1), scriptVersion: 0.1.3, sdkName: @vercel/speed-insights/next, sdkVersion: 2.0.0} /_vercel/speed-insights/vitals @ http://localhost:3000/_next/static/chunks/0u09_next_dist_01acjgj._.js:2431
[   14200ms] [INFO] %cDownload the React DevTools for a better development experience: https://react.dev/link/react-devtools font-weight:bold @ http://localhost:3000/_next/static/chunks/0u09_next_dist_01acjgj._.js:2431
[   14208ms] [LOG] [HMR] connected @ http://localhost:3000/_next/static/chunks/0u09_next_dist_01acjgj._.js:2431
[   14293ms] [LOG] %c[Vercel Web Analytics]%c Debug mode is enabled by default in development. No requests will be sent to the server. color: rgb(120, 120, 120) color: inherit @ http://localhost:3000/_next/static/chunks/0u09_next_dist_01acjgj._.js:2431
[   14293ms] [LOG] %c[Vercel Web Analytics]%c Running queued event color: rgb(120, 120, 120) color: inherit pageview {route: /compare, path: /compare} @ http://localhost:3000/_next/static/chunks/0u09_next_dist_01acjgj._.js:2431
[   14293ms] [LOG] %c[Vercel Web Analytics]%c [view] http://localhost:3000/compare color: rgb(120, 120, 120) color: inherit {o: http://localhost:3000/compare, sv: 0.1.3, sdkn: @vercel/analytics/next, sdkv: 1.6.1, ts: 1776153011565} /_vercel/insights/view @ http://localhost:3000/_next/static/chunks/0u09_next_dist_01acjgj._.js:2431
[   14294ms] [LOG] %c[Vercel Speed Insights]%c Debug mode is enabled by default in development. No requests will be sent to the server. color: rgb(120, 120, 120) color: inherit @ http://localhost:3000/_next/static/chunks/0u09_next_dist_01acjgj._.js:2431
[   14391ms] [LOG] [Fast Refresh] rebuilding @ http://localhost:3000/_next/static/chunks/0u09_next_dist_01acjgj._.js:2431
[   14520ms] [LOG] [Fast Refresh] done in 228ms @ http://localhost:3000/_next/static/chunks/0u09_next_dist_01acjgj._.js:2431
[   14523ms] [LOG] %c[Vercel Speed Insights]%c [vitals] color: rgb(120, 120, 120) color: inherit {speed: 4g, metrics: Array(3), scriptVersion: 0.1.3, sdkName: @vercel/speed-insights/next, sdkVersion: 2.0.0} /_vercel/speed-insights/vitals @ http://localhost:3000/_next/static/chunks/0u09_next_dist_01acjgj._.js:2431
[   14523ms] [LOG] %c[Vercel Speed Insights]%c [vitals] color: rgb(120, 120, 120) color: inherit {speed: 4g, metrics: Array(1), scriptVersion: 0.1.3, sdkName: @vercel/speed-insights/next, sdkVersion: 2.0.0} /_vercel/speed-insights/vitals @ http://localhost:3000/_next/static/chunks/0u09_next_dist_01acjgj._.js:2431
[   14544ms] [INFO] %cDownload the React DevTools for a better development experience: https://react.dev/link/react-devtools font-weight:bold @ http://localhost:3000/_next/static/chunks/0u09_next_dist_01acjgj._.js:2431
[   14552ms] [LOG] [HMR] connected @ http://localhost:3000/_next/static/chunks/0u09_next_dist_01acjgj._.js:2431
[   14614ms] [LOG] %c[Vercel Web Analytics]%c Debug mode is enabled by default in development. No requests will be sent to the server. color: rgb(120, 120, 120) color: inherit @ http://localhost:3000/_next/static/chunks/0u09_next_dist_01acjgj._.js:2431
[   14614ms] [LOG] %c[Vercel Web Analytics]%c Running queued event color: rgb(120, 120, 120) color: inherit pageview {route: /how-it-works, path: /how-it-works} @ http://localhost:3000/_next/static/chunks/0u09_next_dist_01acjgj._.js:2431
[   14615ms] [LOG] %c[Vercel Web Analytics]%c [view] http://localhost:3000/how-it-works color: rgb(120, 120, 120) color: inherit {o: http://localhost:3000/how-it-works, sv: 0.1.3, sdkn: @vercel/analytics/next, sdkv: 1.6.1, ts: 1776153011886} /_vercel/insights/view @ http://localhost:3000/_next/static/chunks/0u09_next_dist_01acjgj._.js:2431
[   14615ms] [LOG] %c[Vercel Speed Insights]%c Debug mode is enabled by default in development. No requests will be sent to the server. color: rgb(120, 120, 120) color: inherit @ http://localhost:3000/_next/static/chunks/0u09_next_dist_01acjgj._.js:2431
[   14708ms] [LOG] [Fast Refresh] rebuilding @ http://localhost:3000/_next/static/chunks/0u09_next_dist_01acjgj._.js:2431
[   14901ms] [LOG] [Fast Refresh] done in 294ms @ http://localhost:3000/_next/static/chunks/0u09_next_dist_01acjgj._.js:2431
[   14904ms] [LOG] %c[Vercel Speed Insights]%c [vitals] color: rgb(120, 120, 120) color: inherit {speed: 4g, metrics: Array(3), scriptVersion: 0.1.3, sdkName: @vercel/speed-insights/next, sdkVersion: 2.0.0} /_vercel/speed-insights/vitals @ http://localhost:3000/_next/static/chunks/0u09_next_dist_01acjgj._.js:2431
[   14904ms] [LOG] %c[Vercel Speed Insights]%c [vitals] color: rgb(120, 120, 120) color: inherit {speed: 4g, metrics: Array(1), scriptVersion: 0.1.3, sdkName: @vercel/speed-insights/next, sdkVersion: 2.0.0} /_vercel/speed-insights/vitals @ http://localhost:3000/_next/static/chunks/0u09_next_dist_01acjgj._.js:2431
[   14926ms] [INFO] %cDownload the React DevTools for a better development experience: https://react.dev/link/react-devtools font-weight:bold @ http://localhost:3000/_next/static/chunks/0u09_next_dist_01acjgj._.js:2431
[   14935ms] [LOG] [HMR] connected @ http://localhost:3000/_next/static/chunks/0u09_next_dist_01acjgj._.js:2431
[   15000ms] [LOG] %c[Vercel Web Analytics]%c Debug mode is enabled by default in development. No requests will be sent to the server. color: rgb(120, 120, 120) color: inherit @ http://localhost:3000/_next/static/chunks/0u09_next_dist_01acjgj._.js:2431
[   15000ms] [LOG] %c[Vercel Web Analytics]%c Running queued event color: rgb(120, 120, 120) color: inherit pageview {route: /protection-plans, path: /protection-plans} @ http://localhost:3000/_next/static/chunks/0u09_next_dist_01acjgj._.js:2431
[   15000ms] [LOG] %c[Vercel Web Analytics]%c [view] http://localhost:3000/protection-plans color: rgb(120, 120, 120) color: inherit {o: http://localhost:3000/protection-plans, sv: 0.1.3, sdkn: @vercel/analytics/next, sdkv: 1.6.1, ts: 1776153012272} /_vercel/insights/view @ http://localhost:3000/_next/static/chunks/0u09_next_dist_01acjgj._.js:2431
[   15000ms] [LOG] %c[Vercel Speed Insights]%c Debug mode is enabled by default in development. No requests will be sent to the server. color: rgb(120, 120, 120) color: inherit @ http://localhost:3000/_next/static/chunks/0u09_next_dist_01acjgj._.js:2431
[   15094ms] [LOG] [Fast Refresh] rebuilding @ http://localhost:3000/_next/static/chunks/0u09_next_dist_01acjgj._.js:2431
[   15312ms] [LOG] [Fast Refresh] done in 320ms @ http://localhost:3000/_next/static/chunks/0u09_next_dist_01acjgj._.js:2431
[   15318ms] [LOG] %c[Vercel Speed Insights]%c [vitals] color: rgb(120, 120, 120) color: inherit {speed: 4g, metrics: Array(3), scriptVersion: 0.1.3, sdkName: @vercel/speed-insights/next, sdkVersion: 2.0.0} /_vercel/speed-insights/vitals @ http://localhost:3000/_next/static/chunks/0u09_next_dist_01acjgj._.js:2431
[   15318ms] [LOG] %c[Vercel Speed Insights]%c [vitals] color: rgb(120, 120, 120) color: inherit {speed: 4g, metrics: Array(1), scriptVersion: 0.1.3, sdkName: @vercel/speed-insights/next, sdkVersion: 2.0.0} /_vercel/speed-insights/vitals @ http://localhost:3000/_next/static/chunks/0u09_next_dist_01acjgj._.js:2431
[   15336ms] [INFO] %cDownload the React DevTools for a better development experience: https://react.dev/link/react-devtools font-weight:bold @ http://localhost:3000/_next/static/chunks/0u09_next_dist_01acjgj._.js:2431
[   15348ms] [LOG] [HMR] connected @ http://localhost:3000/_next/static/chunks/0u09_next_dist_01acjgj._.js:2431
[   15421ms] [LOG] %c[Vercel Web Analytics]%c Debug mode is enabled by default in development. No requests will be sent to the server. color: rgb(120, 120, 120) color: inherit @ http://localhost:3000/_next/static/chunks/0u09_next_dist_01acjgj._.js:2431
[   15421ms] [LOG] %c[Vercel Web Analytics]%c Running queued event color: rgb(120, 120, 120) color: inherit pageview {route: /contact, path: /contact} @ http://localhost:3000/_next/static/chunks/0u09_next_dist_01acjgj._.js:2431
[   15422ms] [LOG] %c[Vercel Web Analytics]%c [view] http://localhost:3000/contact color: rgb(120, 120, 120) color: inherit {o: http://localhost:3000/contact, sv: 0.1.3, sdkn: @vercel/analytics/next, sdkv: 1.6.1, ts: 1776153012693} /_vercel/insights/view @ http://localhost:3000/_next/static/chunks/0u09_next_dist_01acjgj._.js:2431
[   15422ms] [LOG] %c[Vercel Speed Insights]%c Debug mode is enabled by default in development. No requests will be sent to the server. color: rgb(120, 120, 120) color: inherit @ http://localhost:3000/_next/static/chunks/0u09_next_dist_01acjgj._.js:2431
[   15461ms] [LOG] %c[Vercel Speed Insights]%c [vitals] color: rgb(120, 120, 120) color: inherit {speed: 4g, metrics: Array(3), scriptVersion: 0.1.3, sdkName: @vercel/speed-insights/next, sdkVersion: 2.0.0} /_vercel/speed-insights/vitals @ http://localhost:3000/_next/static/chunks/0u09_next_dist_01acjgj._.js:2431
[   15461ms] [LOG] %c[Vercel Speed Insights]%c [vitals] color: rgb(120, 120, 120) color: inherit {speed: 4g, metrics: Array(1), scriptVersion: 0.1.3, sdkName: @vercel/speed-insights/next, sdkVersion: 2.0.0} /_vercel/speed-insights/vitals @ http://localhost:3000/_next/static/chunks/0u09_next_dist_01acjgj._.js:2431
[   15484ms] [INFO] %cDownload the React DevTools for a better development experience: https://react.dev/link/react-devtools font-weight:bold @ http://localhost:3000/_next/static/chunks/0u09_next_dist_01acjgj._.js:2431
[   15497ms] [LOG] [HMR] connected @ http://localhost:3000/_next/static/chunks/0u09_next_dist_01acjgj._.js:2431
[   15550ms] [LOG] %c[Vercel Web Analytics]%c Debug mode is enabled by default in development. No requests will be sent to the server. color: rgb(120, 120, 120) color: inherit @ http://localhost:3000/_next/static/chunks/0u09_next_dist_01acjgj._.js:2431
[   15551ms] [LOG] %c[Vercel Web Analytics]%c Running queued event color: rgb(120, 120, 120) color: inherit pageview {route: /about, path: /about} @ http://localhost:3000/_next/static/chunks/0u09_next_dist_01acjgj._.js:2431
[   15551ms] [LOG] %c[Vercel Web Analytics]%c [view] http://localhost:3000/about color: rgb(120, 120, 120) color: inherit {o: http://localhost:3000/about, sv: 0.1.3, sdkn: @vercel/analytics/next, sdkv: 1.6.1, ts: 1776153012822} /_vercel/insights/view @ http://localhost:3000/_next/static/chunks/0u09_next_dist_01acjgj._.js:2431
[   15551ms] [LOG] %c[Vercel Speed Insights]%c Debug mode is enabled by default in development. No requests will be sent to the server. color: rgb(120, 120, 120) color: inherit @ http://localhost:3000/_next/static/chunks/0u09_next_dist_01acjgj._.js:2431
[   15650ms] [LOG] [Fast Refresh] rebuilding @ http://localhost:3000/_next/static/chunks/0u09_next_dist_01acjgj._.js:2431
[   15911ms] [LOG] [Fast Refresh] done in 361ms @ http://localhost:3000/_next/static/chunks/0u09_next_dist_01acjgj._.js:2431
[   15915ms] [LOG] %c[Vercel Speed Insights]%c [vitals] color: rgb(120, 120, 120) color: inherit {speed: 4g, metrics: Array(3), scriptVersion: 0.1.3, sdkName: @vercel/speed-insights/next, sdkVersion: 2.0.0} /_vercel/speed-insights/vitals @ http://localhost:3000/_next/static/chunks/0u09_next_dist_01acjgj._.js:2431
[   15915ms] [LOG] %c[Vercel Speed Insights]%c [vitals] color: rgb(120, 120, 120) color: inherit {speed: 4g, metrics: Array(1), scriptVersion: 0.1.3, sdkName: @vercel/speed-insights/next, sdkVersion: 2.0.0} /_vercel/speed-insights/vitals @ http://localhost:3000/_next/static/chunks/0u09_next_dist_01acjgj._.js:2431
[   15925ms] [INFO] %cDownload the React DevTools for a better development experience: https://react.dev/link/react-devtools font-weight:bold @ http://localhost:3000/_next/static/chunks/0u09_next_dist_01acjgj._.js:2431
[   15952ms] [LOG] [HMR] connected @ http://localhost:3000/_next/static/chunks/0u09_next_dist_01acjgj._.js:2431
[   16031ms] [LOG] %c[Vercel Web Analytics]%c Debug mode is enabled by default in development. No requests will be sent to the server. color: rgb(120, 120, 120) color: inherit @ http://localhost:3000/_next/static/chunks/0u09_next_dist_01acjgj._.js:2431
[   16031ms] [LOG] %c[Vercel Web Analytics]%c Running queued event color: rgb(120, 120, 120) color: inherit pageview {route: /blog, path: /blog} @ http://localhost:3000/_next/static/chunks/0u09_next_dist_01acjgj._.js:2431
[   16031ms] [LOG] %c[Vercel Web Analytics]%c [view] http://localhost:3000/blog color: rgb(120, 120, 120) color: inherit {o: http://localhost:3000/blog, sv: 0.1.3, sdkn: @vercel/analytics/next, sdkv: 1.6.1, ts: 1776153013303} /_vercel/insights/view @ http://localhost:3000/_next/static/chunks/0u09_next_dist_01acjgj._.js:2431
[   16031ms] [LOG] %c[Vercel Speed Insights]%c Debug mode is enabled by default in development. No requests will be sent to the server. color: rgb(120, 120, 120) color: inherit @ http://localhost:3000/_next/static/chunks/0u09_next_dist_01acjgj._.js:2431
[   16123ms] [LOG] %c[Vercel Speed Insights]%c [vitals] color: rgb(120, 120, 120) color: inherit {speed: 4g, metrics: Array(3), scriptVersion: 0.1.3, sdkName: @vercel/speed-insights/next, sdkVersion: 2.0.0} /_vercel/speed-insights/vitals @ http://localhost:3000/_next/static/chunks/0u09_next_dist_01acjgj._.js:2431
[   16124ms] [LOG] %c[Vercel Speed Insights]%c [vitals] color: rgb(120, 120, 120) color: inherit {speed: 4g, metrics: Array(1), scriptVersion: 0.1.3, sdkName: @vercel/speed-insights/next, sdkVersion: 2.0.0} /_vercel/speed-insights/vitals @ http://localhost:3000/_next/static/chunks/0u09_next_dist_01acjgj._.js:2431
[   16135ms] [INFO] %cDownload the React DevTools for a better development experience: https://react.dev/link/react-devtools font-weight:bold @ http://localhost:3000/_next/static/chunks/0u09_next_dist_01acjgj._.js:2431
[   16156ms] [LOG] [HMR] connected @ http://localhost:3000/_next/static/chunks/0u09_next_dist_01acjgj._.js:2431
[   16235ms] [LOG] %c[Vercel Web Analytics]%c Debug mode is enabled by default in development. No requests will be sent to the server. color: rgb(120, 120, 120) color: inherit @ http://localhost:3000/_next/static/chunks/0u09_next_dist_01acjgj._.js:2431
[   16235ms] [LOG] %c[Vercel Web Analytics]%c Running queued event color: rgb(120, 120, 120) color: inherit pageview {route: /faq, path: /faq} @ http://localhost:3000/_next/static/chunks/0u09_next_dist_01acjgj._.js:2431
[   16235ms] [LOG] %c[Vercel Web Analytics]%c [view] http://localhost:3000/faq color: rgb(120, 120, 120) color: inherit {o: http://localhost:3000/faq, sv: 0.1.3, sdkn: @vercel/analytics/next, sdkv: 1.6.1, ts: 1776153013507} /_vercel/insights/view @ http://localhost:3000/_next/static/chunks/0u09_next_dist_01acjgj._.js:2431
[   16235ms] [LOG] %c[Vercel Speed Insights]%c Debug mode is enabled by default in development. No requests will be sent to the server. color: rgb(120, 120, 120) color: inherit @ http://localhost:3000/_next/static/chunks/0u09_next_dist_01acjgj._.js:2431
[   16337ms] [LOG] [Fast Refresh] rebuilding @ http://localhost:3000/_next/static/chunks/0u09_next_dist_01acjgj._.js:2431
[   16525ms] [LOG] [Fast Refresh] done in 289ms @ http://localhost:3000/_next/static/chunks/0u09_next_dist_01acjgj._.js:2431
[   16528ms] [LOG] %c[Vercel Speed Insights]%c [vitals] color: rgb(120, 120, 120) color: inherit {speed: 4g, metrics: Array(3), scriptVersion: 0.1.3, sdkName: @vercel/speed-insights/next, sdkVersion: 2.0.0} /_vercel/speed-insights/vitals @ http://localhost:3000/_next/static/chunks/0u09_next_dist_01acjgj._.js:2431
[   16528ms] [LOG] %c[Vercel Speed Insights]%c [vitals] color: rgb(120, 120, 120) color: inherit {speed: 4g, metrics: Array(1), scriptVersion: 0.1.3, sdkName: @vercel/speed-insights/next, sdkVersion: 2.0.0} /_vercel/speed-insights/vitals @ http://localhost:3000/_next/static/chunks/0u09_next_dist_01acjgj._.js:2431
[   16548ms] [INFO] %cDownload the React DevTools for a better development experience: https://react.dev/link/react-devtools font-weight:bold @ http://localhost:3000/_next/static/chunks/0u09_next_dist_01acjgj._.js:2431
[   16557ms] [LOG] [HMR] connected @ http://localhost:3000/_next/static/chunks/0u09_next_dist_01acjgj._.js:2431
[   16613ms] [LOG] %c[Vercel Web Analytics]%c Debug mode is enabled by default in development. No requests will be sent to the server. color: rgb(120, 120, 120) color: inherit @ http://localhost:3000/_next/static/chunks/0u09_next_dist_01acjgj._.js:2431
[   16613ms] [LOG] %c[Vercel Web Analytics]%c Running queued event color: rgb(120, 120, 120) color: inherit pageview {route: /careers, path: /careers} @ http://localhost:3000/_next/static/chunks/0u09_next_dist_01acjgj._.js:2431
[   16614ms] [LOG] %c[Vercel Web Analytics]%c [view] http://localhost:3000/careers color: rgb(120, 120, 120) color: inherit {o: http://localhost:3000/careers, sv: 0.1.3, sdkn: @vercel/analytics/next, sdkv: 1.6.1, ts: 1776153013885} /_vercel/insights/view @ http://localhost:3000/_next/static/chunks/0u09_next_dist_01acjgj._.js:2431
[   16614ms] [LOG] %c[Vercel Speed Insights]%c Debug mode is enabled by default in development. No requests will be sent to the server. color: rgb(120, 120, 120) color: inherit @ http://localhost:3000/_next/static/chunks/0u09_next_dist_01acjgj._.js:2431
[   16712ms] [LOG] [Fast Refresh] rebuilding @ http://localhost:3000/_next/static/chunks/0u09_next_dist_01acjgj._.js:2431
[   16848ms] [LOG] [Fast Refresh] done in 237ms @ http://localhost:3000/_next/static/chunks/0u09_next_dist_01acjgj._.js:2431
[   16854ms] [LOG] %c[Vercel Speed Insights]%c [vitals] color: rgb(120, 120, 120) color: inherit {speed: 4g, metrics: Array(3), scriptVersion: 0.1.3, sdkName: @vercel/speed-insights/next, sdkVersion: 2.0.0} /_vercel/speed-insights/vitals @ http://localhost:3000/_next/static/chunks/0u09_next_dist_01acjgj._.js:2431
[   16855ms] [LOG] %c[Vercel Speed Insights]%c [vitals] color: rgb(120, 120, 120) color: inherit {speed: 4g, metrics: Array(1), scriptVersion: 0.1.3, sdkName: @vercel/speed-insights/next, sdkVersion: 2.0.0} /_vercel/speed-insights/vitals @ http://localhost:3000/_next/static/chunks/0u09_next_dist_01acjgj._.js:2431
[   16873ms] [INFO] %cDownload the React DevTools for a better development experience: https://react.dev/link/react-devtools font-weight:bold @ http://localhost:3000/_next/static/chunks/0u09_next_dist_01acjgj._.js:2431
[   16880ms] [LOG] [HMR] connected @ http://localhost:3000/_next/static/chunks/0u09_next_dist_01acjgj._.js:2431
[   16934ms] [LOG] %c[Vercel Web Analytics]%c Debug mode is enabled by default in development. No requests will be sent to the server. color: rgb(120, 120, 120) color: inherit @ http://localhost:3000/_next/static/chunks/0u09_next_dist_01acjgj._.js:2431
[   16934ms] [LOG] %c[Vercel Web Analytics]%c Running queued event color: rgb(120, 120, 120) color: inherit pageview {route: /privacy, path: /privacy} @ http://localhost:3000/_next/static/chunks/0u09_next_dist_01acjgj._.js:2431
[   16934ms] [LOG] %c[Vercel Web Analytics]%c [view] http://localhost:3000/privacy color: rgb(120, 120, 120) color: inherit {o: http://localhost:3000/privacy, sv: 0.1.3, sdkn: @vercel/analytics/next, sdkv: 1.6.1, ts: 1776153014206} /_vercel/insights/view @ http://localhost:3000/_next/static/chunks/0u09_next_dist_01acjgj._.js:2431
[   16935ms] [LOG] %c[Vercel Speed Insights]%c Debug mode is enabled by default in development. No requests will be sent to the server. color: rgb(120, 120, 120) color: inherit @ http://localhost:3000/_next/static/chunks/0u09_next_dist_01acjgj._.js:2431
[   17034ms] [LOG] [Fast Refresh] rebuilding @ http://localhost:3000/_next/static/chunks/0u09_next_dist_01acjgj._.js:2431
[   17189ms] [LOG] [Fast Refresh] done in 255ms @ http://localhost:3000/_next/static/chunks/0u09_next_dist_01acjgj._.js:2431
[   17192ms] [LOG] %c[Vercel Speed Insights]%c [vitals] color: rgb(120, 120, 120) color: inherit {speed: 4g, metrics: Array(3), scriptVersion: 0.1.3, sdkName: @vercel/speed-insights/next, sdkVersion: 2.0.0} /_vercel/speed-insights/vitals @ http://localhost:3000/_next/static/chunks/0u09_next_dist_01acjgj._.js:2431
[   17192ms] [LOG] %c[Vercel Speed Insights]%c [vitals] color: rgb(120, 120, 120) color: inherit {speed: 4g, metrics: Array(1), scriptVersion: 0.1.3, sdkName: @vercel/speed-insights/next, sdkVersion: 2.0.0} /_vercel/speed-insights/vitals @ http://localhost:3000/_next/static/chunks/0u09_next_dist_01acjgj._.js:2431
[   17209ms] [INFO] %cDownload the React DevTools for a better development experience: https://react.dev/link/react-devtools font-weight:bold @ http://localhost:3000/_next/static/chunks/0u09_next_dist_01acjgj._.js:2431
[   17217ms] [LOG] [HMR] connected @ http://localhost:3000/_next/static/chunks/0u09_next_dist_01acjgj._.js:2431
[   17268ms] [LOG] %c[Vercel Web Analytics]%c Debug mode is enabled by default in development. No requests will be sent to the server. color: rgb(120, 120, 120) color: inherit @ http://localhost:3000/_next/static/chunks/0u09_next_dist_01acjgj._.js:2431
[   17268ms] [LOG] %c[Vercel Web Analytics]%c Running queued event color: rgb(120, 120, 120) color: inherit pageview {route: /terms, path: /terms} @ http://localhost:3000/_next/static/chunks/0u09_next_dist_01acjgj._.js:2431
[   17268ms] [LOG] %c[Vercel Web Analytics]%c [view] http://localhost:3000/terms color: rgb(120, 120, 120) color: inherit {o: http://localhost:3000/terms, sv: 0.1.3, sdkn: @vercel/analytics/next, sdkv: 1.6.1, ts: 1776153014539} /_vercel/insights/view @ http://localhost:3000/_next/static/chunks/0u09_next_dist_01acjgj._.js:2431
[   17268ms] [LOG] %c[Vercel Speed Insights]%c Debug mode is enabled by default in development. No requests will be sent to the server. color: rgb(120, 120, 120) color: inherit @ http://localhost:3000/_next/static/chunks/0u09_next_dist_01acjgj._.js:2431
[   17365ms] [LOG] [Fast Refresh] rebuilding @ http://localhost:3000/_next/static/chunks/0u09_next_dist_01acjgj._.js:2431
[   17525ms] [LOG] [Fast Refresh] done in 260ms @ http://localhost:3000/_next/static/chunks/0u09_next_dist_01acjgj._.js:2431
[   17528ms] [LOG] %c[Vercel Speed Insights]%c [vitals] color: rgb(120, 120, 120) color: inherit {speed: 4g, metrics: Array(3), scriptVersion: 0.1.3, sdkName: @vercel/speed-insights/next, sdkVersion: 2.0.0} /_vercel/speed-insights/vitals @ http://localhost:3000/_next/static/chunks/0u09_next_dist_01acjgj._.js:2431
[   17528ms] [LOG] %c[Vercel Speed Insights]%c [vitals] color: rgb(120, 120, 120) color: inherit {speed: 4g, metrics: Array(1), scriptVersion: 0.1.3, sdkName: @vercel/speed-insights/next, sdkVersion: 2.0.0} /_vercel/speed-insights/vitals @ http://localhost:3000/_next/static/chunks/0u09_next_dist_01acjgj._.js:2431
[   17546ms] [INFO] %cDownload the React DevTools for a better development experience: https://react.dev/link/react-devtools font-weight:bold @ http://localhost:3000/_next/static/chunks/0u09_next_dist_01acjgj._.js:2431
[   17556ms] [LOG] [HMR] connected @ http://localhost:3000/_next/static/chunks/0u09_next_dist_01acjgj._.js:2431
[   17606ms] [LOG] %c[Vercel Web Analytics]%c Debug mode is enabled by default in development. No requests will be sent to the server. color: rgb(120, 120, 120) color: inherit @ http://localhost:3000/_next/static/chunks/0u09_next_dist_01acjgj._.js:2431
[   17606ms] [LOG] %c[Vercel Web Analytics]%c Running queued event color: rgb(120, 120, 120) color: inherit pageview {route: /accessibility, path: /accessibility} @ http://localhost:3000/_next/static/chunks/0u09_next_dist_01acjgj._.js:2431
[   17606ms] [LOG] %c[Vercel Web Analytics]%c [view] http://localhost:3000/accessibility color: rgb(120, 120, 120) color: inherit {o: http://localhost:3000/accessibility, sv: 0.1.3, sdkn: @vercel/analytics/next, sdkv: 1.6.1, ts: 1776153014877} /_vercel/insights/view @ http://localhost:3000/_next/static/chunks/0u09_next_dist_01acjgj._.js:2431
[   17606ms] [LOG] %c[Vercel Speed Insights]%c Debug mode is enabled by default in development. No requests will be sent to the server. color: rgb(120, 120, 120) color: inherit @ http://localhost:3000/_next/static/chunks/0u09_next_dist_01acjgj._.js:2431
[   30304ms] [LOG] %c[Vercel Speed Insights]%c [vitals] color: rgb(120, 120, 120) color: inherit {speed: 4g, metrics: Array(3), scriptVersion: 0.1.3, sdkName: @vercel/speed-insights/next, sdkVersion: 2.0.0} /_vercel/speed-insights/vitals @ http://localhost:3000/_next/static/chunks/0u09_next_dist_01acjgj._.js:2431
[   30304ms] [LOG] %c[Vercel Speed Insights]%c [vitals] color: rgb(120, 120, 120) color: inherit {speed: 4g, metrics: Array(1), scriptVersion: 0.1.3, sdkName: @vercel/speed-insights/next, sdkVersion: 2.0.0} /_vercel/speed-insights/vitals @ http://localhost:3000/_next/static/chunks/0u09_next_dist_01acjgj._.js:2431
[   30325ms] [INFO] %cDownload the React DevTools for a better development experience: https://react.dev/link/react-devtools font-weight:bold @ http://localhost:3000/_next/static/chunks/0u09_next_dist_01acjgj._.js:2431
[   30334ms] [LOG] [HMR] connected @ http://localhost:3000/_next/static/chunks/0u09_next_dist_01acjgj._.js:2431
[   30418ms] [LOG] %c[Vercel Web Analytics]%c Debug mode is enabled by default in development. No requests will be sent to the server. color: rgb(120, 120, 120) color: inherit @ http://localhost:3000/_next/static/chunks/0u09_next_dist_01acjgj._.js:2431
[   30418ms] [LOG] %c[Vercel Web Analytics]%c Running queued event color: rgb(120, 120, 120) color: inherit pageview {route: /financing, path: /financing} @ http://localhost:3000/_next/static/chunks/0u09_next_dist_01acjgj._.js:2431
[   30418ms] [LOG] %c[Vercel Web Analytics]%c [view] http://localhost:3000/financing color: rgb(120, 120, 120) color: inherit {o: http://localhost:3000/financing, sv: 0.1.3, sdkn: @vercel/analytics/next, sdkv: 1.6.1, ts: 1776153027690} /_vercel/insights/view @ http://localhost:3000/_next/static/chunks/0u09_next_dist_01acjgj._.js:2431
[   30418ms] [LOG] %c[Vercel Speed Insights]%c Debug mode is enabled by default in development. No requests will be sent to the server. color: rgb(120, 120, 120) color: inherit @ http://localhost:3000/_next/static/chunks/0u09_next_dist_01acjgj._.js:2431
[   30451ms] [LOG] %c[Vercel Speed Insights]%c [vitals] color: rgb(120, 120, 120) color: inherit {speed: 4g, metrics: Array(3), scriptVersion: 0.1.3, sdkName: @vercel/speed-insights/next, sdkVersion: 2.0.0} /_vercel/speed-insights/vitals @ http://localhost:3000/_next/static/chunks/0u09_next_dist_01acjgj._.js:2431
[   30451ms] [LOG] %c[Vercel Speed Insights]%c [vitals] color: rgb(120, 120, 120) color: inherit {speed: 4g, metrics: Array(1), scriptVersion: 0.1.3, sdkName: @vercel/speed-insights/next, sdkVersion: 2.0.0} /_vercel/speed-insights/vitals @ http://localhost:3000/_next/static/chunks/0u09_next_dist_01acjgj._.js:2431
[   30460ms] [INFO] %cDownload the React DevTools for a better development experience: https://react.dev/link/react-devtools font-weight:bold @ http://localhost:3000/_next/static/chunks/0u09_next_dist_01acjgj._.js:2431
[   30483ms] [LOG] [HMR] connected @ http://localhost:3000/_next/static/chunks/0u09_next_dist_01acjgj._.js:2431
[   30675ms] [INFO] %cDownload the React DevTools for a better development experience: https://react.dev/link/react-devtools font-weight:bold @ http://localhost:3000/_next/static/chunks/0u09_next_dist_01acjgj._.js:2431
[   30685ms] [LOG] [HMR] connected @ http://localhost:3000/_next/static/chunks/0u09_next_dist_01acjgj._.js:2431
[   30766ms] [INFO] %cDownload the React DevTools for a better development experience: https://react.dev/link/react-devtools font-weight:bold @ http://localhost:3000/_next/static/chunks/0u09_next_dist_01acjgj._.js:2431
[   30783ms] [LOG] [HMR] connected @ http://localhost:3000/_next/static/chunks/0u09_next_dist_01acjgj._.js:2431
[   30839ms] [LOG] %c[Vercel Web Analytics]%c Debug mode is enabled by default in development. No requests will be sent to the server. color: rgb(120, 120, 120) color: inherit @ http://localhost:3000/_next/static/chunks/0u09_next_dist_01acjgj._.js:2431
[   30839ms] [LOG] %c[Vercel Web Analytics]%c Running queued event color: rgb(120, 120, 120) color: inherit pageview {route: /how-it-works, path: /how-it-works} @ http://localhost:3000/_next/static/chunks/0u09_next_dist_01acjgj._.js:2431
[   30839ms] [LOG] %c[Vercel Web Analytics]%c [view] http://localhost:3000/how-it-works color: rgb(120, 120, 120) color: inherit {o: http://localhost:3000/how-it-works, sv: 0.1.3, sdkn: @vercel/analytics/next, sdkv: 1.6.1, ts: 1776153028110} /_vercel/insights/view @ http://localhost:3000/_next/static/chunks/0u09_next_dist_01acjgj._.js:2431
[   30839ms] [LOG] %c[Vercel Speed Insights]%c Debug mode is enabled by default in development. No requests will be sent to the server. color: rgb(120, 120, 120) color: inherit @ http://localhost:3000/_next/static/chunks/0u09_next_dist_01acjgj._.js:2431
[   30843ms] [LOG] %c[Vercel Speed Insights]%c [vitals] color: rgb(120, 120, 120) color: inherit {speed: 4g, metrics: Array(3), scriptVersion: 0.1.3, sdkName: @vercel/speed-insights/next, sdkVersion: 2.0.0} /_vercel/speed-insights/vitals @ http://localhost:3000/_next/static/chunks/0u09_next_dist_01acjgj._.js:2431
[   30843ms] [LOG] %c[Vercel Speed Insights]%c [vitals] color: rgb(120, 120, 120) color: inherit {speed: 4g, metrics: Array(1), scriptVersion: 0.1.3, sdkName: @vercel/speed-insights/next, sdkVersion: 2.0.0} /_vercel/speed-insights/vitals @ http://localhost:3000/_next/static/chunks/0u09_next_dist_01acjgj._.js:2431
[   30867ms] [INFO] %cDownload the React DevTools for a better development experience: https://react.dev/link/react-devtools font-weight:bold @ http://localhost:3000/_next/static/chunks/0u09_next_dist_01acjgj._.js:2431
[   30875ms] [LOG] [HMR] connected @ http://localhost:3000/_next/static/chunks/0u09_next_dist_01acjgj._.js:2431
[   30945ms] [INFO] %cDownload the React DevTools for a better development experience: https://react.dev/link/react-devtools font-weight:bold @ http://localhost:3000/_next/static/chunks/0u09_next_dist_01acjgj._.js:2431
[   30958ms] [LOG] [HMR] connected @ http://localhost:3000/_next/static/chunks/0u09_next_dist_01acjgj._.js:2431
[   31036ms] [INFO] %cDownload the React DevTools for a better development experience: https://react.dev/link/react-devtools font-weight:bold @ http://localhost:3000/_next/static/chunks/0u09_next_dist_01acjgj._.js:2431
[   31047ms] [LOG] [HMR] connected @ http://localhost:3000/_next/static/chunks/0u09_next_dist_01acjgj._.js:2431
[   31106ms] [LOG] %c[Vercel Web Analytics]%c Debug mode is enabled by default in development. No requests will be sent to the server. color: rgb(120, 120, 120) color: inherit @ http://localhost:3000/_next/static/chunks/0u09_next_dist_01acjgj._.js:2431
[   31106ms] [LOG] %c[Vercel Web Analytics]%c Running queued event color: rgb(120, 120, 120) color: inherit pageview {route: /about, path: /about} @ http://localhost:3000/_next/static/chunks/0u09_next_dist_01acjgj._.js:2431
[   31107ms] [LOG] %c[Vercel Web Analytics]%c [view] http://localhost:3000/about color: rgb(120, 120, 120) color: inherit {o: http://localhost:3000/about, sv: 0.1.3, sdkn: @vercel/analytics/next, sdkv: 1.6.1, ts: 1776153028378} /_vercel/insights/view @ http://localhost:3000/_next/static/chunks/0u09_next_dist_01acjgj._.js:2431
[   31107ms] [LOG] %c[Vercel Speed Insights]%c Debug mode is enabled by default in development. No requests will be sent to the server. color: rgb(120, 120, 120) color: inherit @ http://localhost:3000/_next/static/chunks/0u09_next_dist_01acjgj._.js:2431
[   31129ms] [LOG] %c[Vercel Speed Insights]%c [vitals] color: rgb(120, 120, 120) color: inherit {speed: 4g, metrics: Array(3), scriptVersion: 0.1.3, sdkName: @vercel/speed-insights/next, sdkVersion: 2.0.0} /_vercel/speed-insights/vitals @ http://localhost:3000/_next/static/chunks/0u09_next_dist_01acjgj._.js:2431
[   31129ms] [LOG] %c[Vercel Speed Insights]%c [vitals] color: rgb(120, 120, 120) color: inherit {speed: 4g, metrics: Array(1), scriptVersion: 0.1.3, sdkName: @vercel/speed-insights/next, sdkVersion: 2.0.0} /_vercel/speed-insights/vitals @ http://localhost:3000/_next/static/chunks/0u09_next_dist_01acjgj._.js:2431
[   31156ms] [INFO] %cDownload the React DevTools for a better development experience: https://react.dev/link/react-devtools font-weight:bold @ http://localhost:3000/_next/static/chunks/0u09_next_dist_01acjgj._.js:2431
[   31166ms] [LOG] [HMR] connected @ http://localhost:3000/_next/static/chunks/0u09_next_dist_01acjgj._.js:2431
[   31256ms] [INFO] %cDownload the React DevTools for a better development experience: https://react.dev/link/react-devtools font-weight:bold @ http://localhost:3000/_next/static/chunks/0u09_next_dist_01acjgj._.js:2431
[   31265ms] [LOG] [HMR] connected @ http://localhost:3000/_next/static/chunks/0u09_next_dist_01acjgj._.js:2431
[   31355ms] [INFO] %cDownload the React DevTools for a better development experience: https://react.dev/link/react-devtools font-weight:bold @ http://localhost:3000/_next/static/chunks/0u09_next_dist_01acjgj._.js:2431
[   31366ms] [LOG] [HMR] connected @ http://localhost:3000/_next/static/chunks/0u09_next_dist_01acjgj._.js:2431
[   31447ms] [INFO] %cDownload the React DevTools for a better development experience: https://react.dev/link/react-devtools font-weight:bold @ http://localhost:3000/_next/static/chunks/0u09_next_dist_01acjgj._.js:2431
[   31455ms] [LOG] [HMR] connected @ http://localhost:3000/_next/static/chunks/0u09_next_dist_01acjgj._.js:2431
[   31503ms] [LOG] %c[Vercel Web Analytics]%c Debug mode is enabled by default in development. No requests will be sent to the server. color: rgb(120, 120, 120) color: inherit @ http://localhost:3000/_next/static/chunks/0u09_next_dist_01acjgj._.js:2431
[   31503ms] [LOG] %c[Vercel Web Analytics]%c Running queued event color: rgb(120, 120, 120) color: inherit pageview {route: /privacy, path: /privacy} @ http://localhost:3000/_next/static/chunks/0u09_next_dist_01acjgj._.js:2431
[   31503ms] [LOG] %c[Vercel Web Analytics]%c [view] http://localhost:3000/privacy color: rgb(120, 120, 120) color: inherit {o: http://localhost:3000/privacy, sv: 0.1.3, sdkn: @vercel/analytics/next, sdkv: 1.6.1, ts: 1776153028774} /_vercel/insights/view @ http://localhost:3000/_next/static/chunks/0u09_next_dist_01acjgj._.js:2431
[   31503ms] [LOG] %c[Vercel Speed Insights]%c Debug mode is enabled by default in development. No requests will be sent to the server. color: rgb(120, 120, 120) color: inherit @ http://localhost:3000/_next/static/chunks/0u09_next_dist_01acjgj._.js:2431
[   31520ms] [LOG] %c[Vercel Speed Insights]%c [vitals] color: rgb(120, 120, 120) color: inherit {speed: 4g, metrics: Array(3), scriptVersion: 0.1.3, sdkName: @vercel/speed-insights/next, sdkVersion: 2.0.0} /_vercel/speed-insights/vitals @ http://localhost:3000/_next/static/chunks/0u09_next_dist_01acjgj._.js:2431
[   31520ms] [LOG] %c[Vercel Speed Insights]%c [vitals] color: rgb(120, 120, 120) color: inherit {speed: 4g, metrics: Array(1), scriptVersion: 0.1.3, sdkName: @vercel/speed-insights/next, sdkVersion: 2.0.0} /_vercel/speed-insights/vitals @ http://localhost:3000/_next/static/chunks/0u09_next_dist_01acjgj._.js:2431
[   31535ms] [INFO] %cDownload the React DevTools for a better development experience: https://react.dev/link/react-devtools font-weight:bold @ http://localhost:3000/_next/static/chunks/0u09_next_dist_01acjgj._.js:2431
[   31543ms] [LOG] [HMR] connected @ http://localhost:3000/_next/static/chunks/0u09_next_dist_01acjgj._.js:2431
[   31590ms] [INFO] %cDownload the React DevTools for a better development experience: https://react.dev/link/react-devtools font-weight:bold @ http://localhost:3000/_next/static/chunks/0u09_next_dist_01acjgj._.js:2431
[   31607ms] [LOG] [HMR] connected @ http://localhost:3000/_next/static/chunks/0u09_next_dist_01acjgj._.js:2431
[   31654ms] [LOG] %c[Vercel Web Analytics]%c Debug mode is enabled by default in development. No requests will be sent to the server. color: rgb(120, 120, 120) color: inherit @ http://localhost:3000/_next/static/chunks/0u09_next_dist_01acjgj._.js:2431
[   31654ms] [LOG] %c[Vercel Web Analytics]%c Running queued event color: rgb(120, 120, 120) color: inherit pageview {route: /accessibility, path: /accessibility} @ http://localhost:3000/_next/static/chunks/0u09_next_dist_01acjgj._.js:2431
[   31654ms] [LOG] %c[Vercel Web Analytics]%c [view] http://localhost:3000/accessibility color: rgb(120, 120, 120) color: inherit {o: http://localhost:3000/accessibility, sv: 0.1.3, sdkn: @vercel/analytics/next, sdkv: 1.6.1, ts: 1776153028926} /_vercel/insights/view @ http://localhost:3000/_next/static/chunks/0u09_next_dist_01acjgj._.js:2431
[   31654ms] [LOG] %c[Vercel Speed Insights]%c Debug mode is enabled by default in development. No requests will be sent to the server. color: rgb(120, 120, 120) color: inherit @ http://localhost:3000/_next/static/chunks/0u09_next_dist_01acjgj._.js:2431
[   31752ms] [LOG] [Fast Refresh] rebuilding @ http://localhost:3000/_next/static/chunks/0u09_next_dist_01acjgj._.js:2431
[   31977ms] [LOG] %c[Vercel Speed Insights]%c [vitals] color: rgb(120, 120, 120) color: inherit {speed: 4g, metrics: Array(3), scriptVersion: 0.1.3, sdkName: @vercel/speed-insights/next, sdkVersion: 2.0.0} /_vercel/speed-insights/vitals @ http://localhost:3000/_next/static/chunks/0u09_next_dist_01acjgj._.js:2431
[   31977ms] [LOG] %c[Vercel Speed Insights]%c [vitals] color: rgb(120, 120, 120) color: inherit {speed: 4g, metrics: Array(1), scriptVersion: 0.1.3, sdkName: @vercel/speed-insights/next, sdkVersion: 2.0.0} /_vercel/speed-insights/vitals @ http://localhost:3000/_next/static/chunks/0u09_next_dist_01acjgj._.js:2431
[   31989ms] [INFO] %cDownload the React DevTools for a better development experience: https://react.dev/link/react-devtools font-weight:bold @ http://localhost:3000/_next/static/chunks/0u09_next_dist_01acjgj._.js:2431
[   31996ms] [LOG] [HMR] connected @ http://localhost:3000/_next/static/chunks/0u09_next_dist_01acjgj._.js:2431
[   32023ms] [LOG] %c[Vercel Web Analytics]%c Debug mode is enabled by default in development. No requests will be sent to the server. color: rgb(120, 120, 120) color: inherit @ http://localhost:3000/_next/static/chunks/0u09_next_dist_01acjgj._.js:2431
[   32023ms] [LOG] %c[Vercel Web Analytics]%c Running queued event color: rgb(120, 120, 120) color: inherit pageview {route: /sell-your-car, path: /sell-your-car} @ http://localhost:3000/_next/static/chunks/0u09_next_dist_01acjgj._.js:2431
[   32023ms] [LOG] %c[Vercel Web Analytics]%c [view] http://localhost:3000/sell-your-car color: rgb(120, 120, 120) color: inherit {o: http://localhost:3000/sell-your-car, sv: 0.1.3, sdkn: @vercel/analytics/next, sdkv: 1.6.1, ts: 1776153029295} /_vercel/insights/view @ http://localhost:3000/_next/static/chunks/0u09_next_dist_01acjgj._.js:2431
[   32023ms] [LOG] %c[Vercel Speed Insights]%c Debug mode is enabled by default in development. No requests will be sent to the server. color: rgb(120, 120, 120) color: inherit @ http://localhost:3000/_next/static/chunks/0u09_next_dist_01acjgj._.js:2431
[   32346ms] [LOG] %c[Vercel Speed Insights]%c [vitals] color: rgb(120, 120, 120) color: inherit {speed: 4g, metrics: Array(3), scriptVersion: 0.1.3, sdkName: @vercel/speed-insights/next, sdkVersion: 2.0.0} /_vercel/speed-insights/vitals @ http://localhost:3000/_next/static/chunks/0u09_next_dist_01acjgj._.js:2431
[   32346ms] [LOG] %c[Vercel Speed Insights]%c [vitals] color: rgb(120, 120, 120) color: inherit {speed: 4g, metrics: Array(1), scriptVersion: 0.1.3, sdkName: @vercel/speed-insights/next, sdkVersion: 2.0.0} /_vercel/speed-insights/vitals @ http://localhost:3000/_next/static/chunks/0u09_next_dist_01acjgj._.js:2431
[   32346ms] [ERROR] Failed to load resource: the server responded with a status of 404 (Not Found) @ http://localhost:3000/service:0
[   32356ms] [INFO] %cDownload the React DevTools for a better development experience: https://react.dev/link/react-devtools font-weight:bold @ http://localhost:3000/_next/static/chunks/0u09_next_dist_01acjgj._.js:2431
[   32364ms] [LOG] [HMR] connected @ http://localhost:3000/_next/static/chunks/0u09_next_dist_01acjgj._.js:2431
[   32386ms] [LOG] %c[Vercel Web Analytics]%c Debug mode is enabled by default in development. No requests will be sent to the server. color: rgb(120, 120, 120) color: inherit @ http://localhost:3000/_next/static/chunks/0u09_next_dist_01acjgj._.js:2431
[   32386ms] [LOG] %c[Vercel Web Analytics]%c Running queued event color: rgb(120, 120, 120) color: inherit pageview {route: /service, path: /service} @ http://localhost:3000/_next/static/chunks/0u09_next_dist_01acjgj._.js:2431
[   32386ms] [LOG] %c[Vercel Web Analytics]%c [view] http://localhost:3000/service color: rgb(120, 120, 120) color: inherit {o: http://localhost:3000/service, sv: 0.1.3, sdkn: @vercel/analytics/next, sdkv: 1.6.1, ts: 1776153029657} /_vercel/insights/view @ http://localhost:3000/_next/static/chunks/0u09_next_dist_01acjgj._.js:2431
[   32386ms] [LOG] %c[Vercel Speed Insights]%c Debug mode is enabled by default in development. No requests will be sent to the server. color: rgb(120, 120, 120) color: inherit @ http://localhost:3000/_next/static/chunks/0u09_next_dist_01acjgj._.js:2431
[   32409ms] [LOG] %c[Vercel Speed Insights]%c [vitals] color: rgb(120, 120, 120) color: inherit {speed: 4g, metrics: Array(3), scriptVersion: 0.1.3, sdkName: @vercel/speed-insights/next, sdkVersion: 2.0.0} /_vercel/speed-insights/vitals @ http://localhost:3000/_next/static/chunks/0u09_next_dist_01acjgj._.js:2431
[   32409ms] [LOG] %c[Vercel Speed Insights]%c [vitals] color: rgb(120, 120, 120) color: inherit {speed: 4g, metrics: Array(1), scriptVersion: 0.1.3, sdkName: @vercel/speed-insights/next, sdkVersion: 2.0.0} /_vercel/speed-insights/vitals @ http://localhost:3000/_next/static/chunks/0u09_next_dist_01acjgj._.js:2431
[   32426ms] [INFO] %cDownload the React DevTools for a better development experience: https://react.dev/link/react-devtools font-weight:bold @ http://localhost:3000/_next/static/chunks/0u09_next_dist_01acjgj._.js:2431
[   32435ms] [LOG] [HMR] connected @ http://localhost:3000/_next/static/chunks/0u09_next_dist_01acjgj._.js:2431
[   32483ms] [LOG] %c[Vercel Web Analytics]%c Debug mode is enabled by default in development. No requests will be sent to the server. color: rgb(120, 120, 120) color: inherit @ http://localhost:3000/_next/static/chunks/0u09_next_dist_01acjgj._.js:2431
[   32483ms] [LOG] %c[Vercel Web Analytics]%c Running queued event color: rgb(120, 120, 120) color: inherit pageview {route: /delivery, path: /delivery} @ http://localhost:3000/_next/static/chunks/0u09_next_dist_01acjgj._.js:2431
[   32483ms] [LOG] %c[Vercel Web Analytics]%c [view] http://localhost:3000/delivery color: rgb(120, 120, 120) color: inherit {o: http://localhost:3000/delivery, sv: 0.1.3, sdkn: @vercel/analytics/next, sdkv: 1.6.1, ts: 1776153029755} /_vercel/insights/view @ http://localhost:3000/_next/static/chunks/0u09_next_dist_01acjgj._.js:2431
[   32483ms] [LOG] %c[Vercel Speed Insights]%c Debug mode is enabled by default in development. No requests will be sent to the server. color: rgb(120, 120, 120) color: inherit @ http://localhost:3000/_next/static/chunks/0u09_next_dist_01acjgj._.js:2431
[   32576ms] [LOG] [Fast Refresh] rebuilding @ http://localhost:3000/_next/static/chunks/0u09_next_dist_01acjgj._.js:2431
[   32725ms] [LOG] [Fast Refresh] done in 250ms @ http://localhost:3000/_next/static/chunks/0u09_next_dist_01acjgj._.js:2431
[   32728ms] [LOG] %c[Vercel Speed Insights]%c [vitals] color: rgb(120, 120, 120) color: inherit {speed: 4g, metrics: Array(3), scriptVersion: 0.1.3, sdkName: @vercel/speed-insights/next, sdkVersion: 2.0.0} /_vercel/speed-insights/vitals @ http://localhost:3000/_next/static/chunks/0u09_next_dist_01acjgj._.js:2431
[   32728ms] [LOG] %c[Vercel Speed Insights]%c [vitals] color: rgb(120, 120, 120) color: inherit {speed: 4g, metrics: Array(1), scriptVersion: 0.1.3, sdkName: @vercel/speed-insights/next, sdkVersion: 2.0.0} /_vercel/speed-insights/vitals @ http://localhost:3000/_next/static/chunks/0u09_next_dist_01acjgj._.js:2431
[   32748ms] [INFO] %cDownload the React DevTools for a better development experience: https://react.dev/link/react-devtools font-weight:bold @ http://localhost:3000/_next/static/chunks/0u09_next_dist_01acjgj._.js:2431
[   32757ms] [LOG] [HMR] connected @ http://localhost:3000/_next/static/chunks/0u09_next_dist_01acjgj._.js:2431
[   32814ms] [LOG] %c[Vercel Web Analytics]%c Debug mode is enabled by default in development. No requests will be sent to the server. color: rgb(120, 120, 120) color: inherit @ http://localhost:3000/_next/static/chunks/0u09_next_dist_01acjgj._.js:2431
[   32814ms] [LOG] %c[Vercel Web Analytics]%c Running queued event color: rgb(120, 120, 120) color: inherit pageview {route: /warranty, path: /warranty} @ http://localhost:3000/_next/static/chunks/0u09_next_dist_01acjgj._.js:2431
[   32814ms] [LOG] %c[Vercel Web Analytics]%c [view] http://localhost:3000/warranty color: rgb(120, 120, 120) color: inherit {o: http://localhost:3000/warranty, sv: 0.1.3, sdkn: @vercel/analytics/next, sdkv: 1.6.1, ts: 1776153030085} /_vercel/insights/view @ http://localhost:3000/_next/static/chunks/0u09_next_dist_01acjgj._.js:2431
[   32814ms] [LOG] %c[Vercel Speed Insights]%c Debug mode is enabled by default in development. No requests will be sent to the server. color: rgb(120, 120, 120) color: inherit @ http://localhost:3000/_next/static/chunks/0u09_next_dist_01acjgj._.js:2431
[   73847ms] [LOG] [Fast Refresh] rebuilding @ http://localhost:3000/_next/static/chunks/0u09_next_dist_01acjgj._.js:2431
[   73888ms] [LOG] [Fast Refresh] done in 66ms @ http://localhost:3000/_next/static/chunks/0u09_next_dist_01acjgj._.js:2431
