[     581ms] [ERROR] Failed to load resource: the server responded with a status of 500 (Internal Server Error) @ http://localhost:3000/:0
[     607ms] [ERROR] Refused to execute script from 'http://localhost:3000/_next/static/development/_clientMiddlewareManifest.js' because its MIME type ('application/json') is not executable, and strict MIME type checking is enabled. @ http://localhost:3000/:0
[     628ms] [INFO] %cDownload the React DevTools for a better development experience: https://react.dev/link/react-devtools font-weight:bold @ http://localhost:3000/_next/static/chunks/0p2h_react-dom_0vsf22y._.js:15305
[     661ms] Error: NEXT_PUBLIC_SUPABASE_URL (or SUPABASE_URL) is required
    at getSupabaseUrl (file:///Applications/v0-newbornplanetm/.next/dev/server/chunks/[root-of-the-server]__0qq-9mf._.js:82:15)
    at updateSession (file:///Applications/v0-newbornplanetm/.next/dev/server/chunks/[root-of-the-server]__0qq-9mf._.js:108:169)
    at proxy (file:///Applications/v0-newbornplanetm/.next/dev/server/chunks/[root-of-the-server]__0qq-9mf._.js:170:185)
    at <unknown> (file:///Applications/v0-newbornplanetm/.next/dev/server/chunks/0u09_next_0x16tpb._.js:19506:26)
    at AsyncLocalStorage.run (node:internal/async_local_storage/async_context_frame:63:14)
    at <unknown> (file:///Applications/v0-newbornplanetm/.next/dev/server/chunks/0u09_next_0x16tpb._.js:7043:633)
    at AsyncLocalStorage.run (node:internal/async_local_storage/async_context_frame:63:14)
    at <unknown> (file:///Applications/v0-newbornplanetm/.next/dev/server/chunks/0u09_next_0x16tpb._.js:7043:314)
    at async adapter (file:///Applications/v0-newbornplanetm/.next/dev/server/chunks/0u09_next_0x16tpb._.js:6998:16)
    at async DevServer.runMiddleware (file:///Applications/v0-newbornplanetm/node_modules/.pnpm/next@16.2.0_@babel+core@7.29.0_@opentelemetry+api@1.9.0_babel-plugin-react-compiler@1.0.0_rea_fyb7mlxbtu5i4xyil6onsxn7aq/node_modules/next/dist/server/next-server.js:1192:26)
    at async DevServer.runMiddleware (file:///Applications/v0-newbornplanetm/node_modules/.pnpm/next@16.2.0_@babel+core@7.29.0_@opentelemetry+api@1.9.0_babel-plugin-react-compiler@1.0.0_rea_fyb7mlxbtu5i4xyil6onsxn7aq/node_modules/next/dist/server/dev/next-dev-server.js:278:28)
    at async NextNodeServer.handleCatchallMiddlewareRequest (file:///Applications/v0-newbornplanetm/node_modules/.pnpm/next@16.2.0_@babel+core@7.29.0_@opentelemetry+api@1.9.0_babel-plugin-react-compiler@1.0.0_rea_fyb7mlxbtu5i4xyil6onsxn7aq/node_modules/next/dist/server/next-server.js:392:26)
    at async DevServer.handleRequestImpl (file:///Applications/v0-newbornplanetm/node_modules/.pnpm/next@16.2.0_@babel+core@7.29.0_@opentelemetry+api@1.9.0_babel-plugin-react-compiler@1.0.0_rea_fyb7mlxbtu5i4xyil6onsxn7aq/node_modules/next/dist/server/base-server.js:940:28)
    at async (file:///Applications/v0-newbornplanetm/node_modules/.pnpm/next@16.2.0_@babel+core@7.29.0_@opentelemetry+api@1.9.0_babel-plugin-react-compiler@1.0.0_rea_fyb7mlxbtu5i4xyil6onsxn7aq/node_modules/next/dist/server/dev/next-dev-server.js:394:20)
    at async Span.traceAsyncFn (file:///Applications/v0-newbornplanetm/node_modules/.pnpm/next@16.2.0_@babel+core@7.29.0_@opentelemetry+api@1.9.0_babel-plugin-react-compiler@1.0.0_rea_fyb7mlxbtu5i4xyil6onsxn7aq/node_modules/next/dist/trace/trace.js:164:20)
    at async DevServer.handleRequest (file:///Applications/v0-newbornplanetm/node_modules/.pnpm/next@16.2.0_@babel+core@7.29.0_@opentelemetry+api@1.9.0_babel-plugin-react-compiler@1.0.0_rea_fyb7mlxbtu5i4xyil6onsxn7aq/node_modules/next/dist/server/dev/next-dev-server.js:390:24)
    at async handleRoute (file:///Applications/v0-newbornplanetm/node_modules/.pnpm/next@16.2.0_@babel+core@7.29.0_@opentelemetry+api@1.9.0_babel-plugin-react-compiler@1.0.0_rea_fyb7mlxbtu5i4xyil6onsxn7aq/node_modules/next/dist/server/lib/router-utils/resolve-routes.js:352:33)
    at async resolveRoutes (file:///Applications/v0-newbornplanetm/node_modules/.pnpm/next@16.2.0_@babel+core@7.29.0_@opentelemetry+api@1.9.0_babel-plugin-react-compiler@1.0.0_rea_fyb7mlxbtu5i4xyil6onsxn7aq/node_modules/next/dist/server/lib/router-utils/resolve-routes.js:608:28)
    at async handleRequest (file:///Applications/v0-newbornplanetm/node_modules/.pnpm/next@16.2.0_@babel+core@7.29.0_@opentelemetry+api@1.9.0_babel-plugin-react-compiler@1.0.0_rea_fyb7mlxbtu5i4xyil6onsxn7aq/node_modules/next/dist/server/lib/router-server.js:301:96)
    at async requestHandlerImpl (file:///Applications/v0-newbornplanetm/node_modules/.pnpm/next@16.2.0_@babel+core@7.29.0_@opentelemetry+api@1.9.0_babel-plugin-react-compiler@1.0.0_rea_fyb7mlxbtu5i4xyil6onsxn7aq/node_modules/next/dist/server/lib/router-server.js:501:13)
    at async Server.requestListener (file:///Applications/v0-newbornplanetm/node_modules/.pnpm/next@16.2.0_@babel+core@7.29.0_@opentelemetry+api@1.9.0_babel-plugin-react-compiler@1.0.0_rea_fyb7mlxbtu5i4xyil6onsxn7aq/node_modules/next/dist/server/lib/start-server.js:225:13)
[     658ms] [LOG] [HMR] connected @ http://localhost:3000/_next/static/chunks/0u09_next_dist_0qnr-ny._.js:1226
[     682ms] [ERROR] Failed to load resource: the server responded with a status of 404 (Not Found) @ http://localhost:3000/favicon.ico:0
