[     105ms] [LOG] %c[Vercel Speed Insights]%c [vitals] color: rgb(120, 120, 120) color: inherit {speed: 4g, metrics: Array(3), scriptVersion: 0.1.3, sdkName: @vercel/speed-insights/next, sdkVersion: 2.0.0} /_vercel/speed-insights/vitals @ http://localhost:3000/_next/static/chunks/0u09_next_dist_01acjgj._.js:2431
[     105ms] [LOG] %c[Vercel Speed Insights]%c [vitals] color: rgb(120, 120, 120) color: inherit {speed: 4g, metrics: Array(1), scriptVersion: 0.1.3, sdkName: @vercel/speed-insights/next, sdkVersion: 2.0.0} /_vercel/speed-insights/vitals @ http://localhost:3000/_next/static/chunks/0u09_next_dist_01acjgj._.js:2431
[     141ms] [INFO] %cDownload the React DevTools for a better development experience: https://react.dev/link/react-devtools font-weight:bold @ http://localhost:3000/_next/static/chunks/0u09_next_dist_01acjgj._.js:2431
[     156ms] [LOG] [HMR] connected @ http://localhost:3000/_next/static/chunks/0u09_next_dist_01acjgj._.js:2431
[     270ms] [LOG] %c[Vercel Web Analytics]%c Debug mode is enabled by default in development. No requests will be sent to the server. color: rgb(120, 120, 120) color: inherit @ http://localhost:3000/_next/static/chunks/0u09_next_dist_01acjgj._.js:2431
[     270ms] [LOG] %c[Vercel Web Analytics]%c Running queued event color: rgb(120, 120, 120) color: inherit pageview {route: /, path: /} @ http://localhost:3000/_next/static/chunks/0u09_next_dist_01acjgj._.js:2431
[     270ms] [LOG] %c[Vercel Web Analytics]%c [view] http://localhost:3000/ color: rgb(120, 120, 120) color: inherit {o: http://localhost:3000/, sv: 0.1.3, sdkn: @vercel/analytics/next, sdkv: 1.6.1, ts: 1776172146097} /_vercel/insights/view @ http://localhost:3000/_next/static/chunks/0u09_next_dist_01acjgj._.js:2431
[     271ms] [LOG] %c[Vercel Speed Insights]%c Debug mode is enabled by default in development. No requests will be sent to the server. color: rgb(120, 120, 120) color: inherit @ http://localhost:3000/_next/static/chunks/0u09_next_dist_01acjgj._.js:2431
[   34025ms] [LOG] %c[Vercel Speed Insights]%c [vitals] color: rgb(120, 120, 120) color: inherit {speed: 4g, metrics: Array(5), scriptVersion: 0.1.3, sdkName: @vercel/speed-insights/next, sdkVersion: 2.0.0} /_vercel/speed-insights/vitals @ http://localhost:3000/_next/static/chunks/0u09_next_dist_01acjgj._.js:2431
[   34025ms] [LOG] %c[Vercel Speed Insights]%c [vitals] color: rgb(120, 120, 120) color: inherit {speed: 4g, metrics: Array(1), scriptVersion: 0.1.3, sdkName: @vercel/speed-insights/next, sdkVersion: 2.0.0} /_vercel/speed-insights/vitals @ http://localhost:3000/_next/static/chunks/0u09_next_dist_01acjgj._.js:2431
[   34067ms] [INFO] %cDownload the React DevTools for a better development experience: https://react.dev/link/react-devtools font-weight:bold @ http://localhost:3000/_next/static/chunks/0u09_next_dist_01acjgj._.js:2431
[   34093ms] [LOG] [HMR] connected @ http://localhost:3000/_next/static/chunks/0u09_next_dist_01acjgj._.js:2431
[   34205ms] [LOG] %c[Vercel Web Analytics]%c Debug mode is enabled by default in development. No requests will be sent to the server. color: rgb(120, 120, 120) color: inherit @ http://localhost:3000/_next/static/chunks/0u09_next_dist_01acjgj._.js:2431
[   34205ms] [LOG] %c[Vercel Web Analytics]%c Running queued event color: rgb(120, 120, 120) color: inherit pageview {route: /, path: /} @ http://localhost:3000/_next/static/chunks/0u09_next_dist_01acjgj._.js:2431
[   34205ms] [LOG] %c[Vercel Web Analytics]%c [view] http://localhost:3000/ color: rgb(120, 120, 120) color: inherit {o: http://localhost:3000/, sv: 0.1.3, sdkn: @vercel/analytics/next, sdkv: 1.6.1, ts: 1776172180031} /_vercel/insights/view @ http://localhost:3000/_next/static/chunks/0u09_next_dist_01acjgj._.js:2431
[   34205ms] [LOG] %c[Vercel Speed Insights]%c Debug mode is enabled by default in development. No requests will be sent to the server. color: rgb(120, 120, 120) color: inherit @ http://localhost:3000/_next/static/chunks/0u09_next_dist_01acjgj._.js:2431
[   34761ms] [LOG] %c[Vercel Speed Insights]%c [vitals] color: rgb(120, 120, 120) color: inherit {speed: 4g, metrics: Array(3), scriptVersion: 0.1.3, sdkName: @vercel/speed-insights/next, sdkVersion: 2.0.0} /_vercel/speed-insights/vitals @ http://localhost:3000/_next/static/chunks/0u09_next_dist_01acjgj._.js:2431
[   34762ms] [LOG] %c[Vercel Speed Insights]%c [vitals] color: rgb(120, 120, 120) color: inherit {speed: 4g, metrics: Array(1), scriptVersion: 0.1.3, sdkName: @vercel/speed-insights/next, sdkVersion: 2.0.0} /_vercel/speed-insights/vitals @ http://localhost:3000/_next/static/chunks/0u09_next_dist_01acjgj._.js:2431
[   34776ms] [INFO] %cDownload the React DevTools for a better development experience: https://react.dev/link/react-devtools font-weight:bold @ http://localhost:3000/_next/static/chunks/0u09_next_dist_01acjgj._.js:2431
[   34784ms] [LOG] [HMR] connected @ http://localhost:3000/_next/static/chunks/0u09_next_dist_01acjgj._.js:2431
[   34846ms] [LOG] %c[Vercel Web Analytics]%c Debug mode is enabled by default in development. No requests will be sent to the server. color: rgb(120, 120, 120) color: inherit @ http://localhost:3000/_next/static/chunks/0u09_next_dist_01acjgj._.js:2431
[   34847ms] [LOG] %c[Vercel Web Analytics]%c Running queued event color: rgb(120, 120, 120) color: inherit pageview {route: /inventory, path: /inventory} @ http://localhost:3000/_next/static/chunks/0u09_next_dist_01acjgj._.js:2431
[   34847ms] [LOG] %c[Vercel Web Analytics]%c [view] http://localhost:3000/inventory color: rgb(120, 120, 120) color: inherit {o: http://localhost:3000/inventory, sv: 0.1.3, sdkn: @vercel/analytics/next, sdkv: 1.6.1, ts: 1776172180673} /_vercel/insights/view @ http://localhost:3000/_next/static/chunks/0u09_next_dist_01acjgj._.js:2431
[   34847ms] [LOG] %c[Vercel Speed Insights]%c Debug mode is enabled by default in development. No requests will be sent to the server. color: rgb(120, 120, 120) color: inherit @ http://localhost:3000/_next/static/chunks/0u09_next_dist_01acjgj._.js:2431
[   35421ms] [LOG] %c[Vercel Speed Insights]%c [vitals] color: rgb(120, 120, 120) color: inherit {speed: 4g, metrics: Array(3), scriptVersion: 0.1.3, sdkName: @vercel/speed-insights/next, sdkVersion: 2.0.0} /_vercel/speed-insights/vitals @ http://localhost:3000/_next/static/chunks/0u09_next_dist_01acjgj._.js:2431
[   35421ms] [LOG] %c[Vercel Speed Insights]%c [vitals] color: rgb(120, 120, 120) color: inherit {speed: 4g, metrics: Array(1), scriptVersion: 0.1.3, sdkName: @vercel/speed-insights/next, sdkVersion: 2.0.0} /_vercel/speed-insights/vitals @ http://localhost:3000/_next/static/chunks/0u09_next_dist_01acjgj._.js:2431
[   35444ms] [INFO] %cDownload the React DevTools for a better development experience: https://react.dev/link/react-devtools font-weight:bold @ http://localhost:3000/_next/static/chunks/0u09_next_dist_01acjgj._.js:2431
[   35455ms] [LOG] [HMR] connected @ http://localhost:3000/_next/static/chunks/0u09_next_dist_01acjgj._.js:2431
[   35532ms] [LOG] %c[Vercel Web Analytics]%c Debug mode is enabled by default in development. No requests will be sent to the server. color: rgb(120, 120, 120) color: inherit @ http://localhost:3000/_next/static/chunks/0u09_next_dist_01acjgj._.js:2431
[   35532ms] [LOG] %c[Vercel Web Analytics]%c Running queued event color: rgb(120, 120, 120) color: inherit pageview {route: /financing, path: /financing} @ http://localhost:3000/_next/static/chunks/0u09_next_dist_01acjgj._.js:2431
[   35532ms] [LOG] %c[Vercel Web Analytics]%c [view] http://localhost:3000/financing color: rgb(120, 120, 120) color: inherit {o: http://localhost:3000/financing, sv: 0.1.3, sdkn: @vercel/analytics/next, sdkv: 1.6.1, ts: 1776172181359} /_vercel/insights/view @ http://localhost:3000/_next/static/chunks/0u09_next_dist_01acjgj._.js:2431
[   35532ms] [LOG] %c[Vercel Speed Insights]%c Debug mode is enabled by default in development. No requests will be sent to the server. color: rgb(120, 120, 120) color: inherit @ http://localhost:3000/_next/static/chunks/0u09_next_dist_01acjgj._.js:2431
[   36098ms] [LOG] %c[Vercel Speed Insights]%c [vitals] color: rgb(120, 120, 120) color: inherit {speed: 4g, metrics: Array(3), scriptVersion: 0.1.3, sdkName: @vercel/speed-insights/next, sdkVersion: 2.0.0} /_vercel/speed-insights/vitals @ http://localhost:3000/_next/static/chunks/0u09_next_dist_01acjgj._.js:2431
[   36098ms] [LOG] %c[Vercel Speed Insights]%c [vitals] color: rgb(120, 120, 120) color: inherit {speed: 4g, metrics: Array(1), scriptVersion: 0.1.3, sdkName: @vercel/speed-insights/next, sdkVersion: 2.0.0} /_vercel/speed-insights/vitals @ http://localhost:3000/_next/static/chunks/0u09_next_dist_01acjgj._.js:2431
[   36109ms] [INFO] %cDownload the React DevTools for a better development experience: https://react.dev/link/react-devtools font-weight:bold @ http://localhost:3000/_next/static/chunks/0u09_next_dist_01acjgj._.js:2431
[   36132ms] [LOG] [HMR] connected @ http://localhost:3000/_next/static/chunks/0u09_next_dist_01acjgj._.js:2431
[   36320ms] [LOG] %c[Vercel Web Analytics]%c Debug mode is enabled by default in development. No requests will be sent to the server. color: rgb(120, 120, 120) color: inherit @ http://localhost:3000/_next/static/chunks/0u09_next_dist_01acjgj._.js:2431
[   36320ms] [LOG] %c[Vercel Web Analytics]%c Running queued event color: rgb(120, 120, 120) color: inherit pageview {route: /trade-in, path: /trade-in} @ http://localhost:3000/_next/static/chunks/0u09_next_dist_01acjgj._.js:2431
[   36320ms] [LOG] %c[Vercel Web Analytics]%c [view] http://localhost:3000/trade-in color: rgb(120, 120, 120) color: inherit {o: http://localhost:3000/trade-in, sv: 0.1.3, sdkn: @vercel/analytics/next, sdkv: 1.6.1, ts: 1776172182147} /_vercel/insights/view @ http://localhost:3000/_next/static/chunks/0u09_next_dist_01acjgj._.js:2431
[   36321ms] [LOG] %c[Vercel Speed Insights]%c Debug mode is enabled by default in development. No requests will be sent to the server. color: rgb(120, 120, 120) color: inherit @ http://localhost:3000/_next/static/chunks/0u09_next_dist_01acjgj._.js:2431
[   36897ms] [LOG] %c[Vercel Speed Insights]%c [vitals] color: rgb(120, 120, 120) color: inherit {speed: 4g, metrics: Array(3), scriptVersion: 0.1.3, sdkName: @vercel/speed-insights/next, sdkVersion: 2.0.0} /_vercel/speed-insights/vitals @ http://localhost:3000/_next/static/chunks/0u09_next_dist_01acjgj._.js:2431
[   36897ms] [LOG] %c[Vercel Speed Insights]%c [vitals] color: rgb(120, 120, 120) color: inherit {speed: 4g, metrics: Array(1), scriptVersion: 0.1.3, sdkName: @vercel/speed-insights/next, sdkVersion: 2.0.0} /_vercel/speed-insights/vitals @ http://localhost:3000/_next/static/chunks/0u09_next_dist_01acjgj._.js:2431
[   36909ms] [INFO] %cDownload the React DevTools for a better development experience: https://react.dev/link/react-devtools font-weight:bold @ http://localhost:3000/_next/static/chunks/0u09_next_dist_01acjgj._.js:2431
[   36933ms] [LOG] [HMR] connected @ http://localhost:3000/_next/static/chunks/0u09_next_dist_01acjgj._.js:2431
[   36993ms] [LOG] %c[Vercel Web Analytics]%c Debug mode is enabled by default in development. No requests will be sent to the server. color: rgb(120, 120, 120) color: inherit @ http://localhost:3000/_next/static/chunks/0u09_next_dist_01acjgj._.js:2431
[   36993ms] [LOG] %c[Vercel Web Analytics]%c Running queued event color: rgb(120, 120, 120) color: inherit pageview {route: /protection-plans, path: /protection-plans} @ http://localhost:3000/_next/static/chunks/0u09_next_dist_01acjgj._.js:2431
[   36993ms] [LOG] %c[Vercel Web Analytics]%c [view] http://localhost:3000/protection-plans color: rgb(120, 120, 120) color: inherit {o: http://localhost:3000/protection-plans, sv: 0.1.3, sdkn: @vercel/analytics/next, sdkv: 1.6.1, ts: 1776172182820} /_vercel/insights/view @ http://localhost:3000/_next/static/chunks/0u09_next_dist_01acjgj._.js:2431
[   36993ms] [LOG] %c[Vercel Speed Insights]%c Debug mode is enabled by default in development. No requests will be sent to the server. color: rgb(120, 120, 120) color: inherit @ http://localhost:3000/_next/static/chunks/0u09_next_dist_01acjgj._.js:2431
[   49761ms] [ERROR] Failed to load resource: the server responded with a status of 404 () @ https://ev.planetmotors.ca/icons/icon-144x144.png:0
[   49761ms] [WARNING] Error while trying to use the following icon from the Manifest: https://ev.planetmotors.ca/icons/icon-144x144.png (Download error or resource isn't a valid image) @ https://ev.planetmotors.ca/inventory:0
[   49971ms] [ERROR] Failed to load resource: the server responded with a status of 404 () @ https://ev.planetmotors.ca/service?_rsc=1jigb:0
[   50840ms] [ERROR] Failed to load resource: the server responded with a status of 404 () @ https://ev.planetmotors.ca/_next/image?url=https%3A%2F%2Fimages.unsplash.com%2Fphoto-1619317554428-47e6db3cd80c%3Fw%3D800%26auto%3Dformat%26fit%3Dcrop%26q%3D80&w=1080&q=75:0
[   50953ms] [ERROR] Failed to load resource: the server responded with a status of 404 () @ https://ev.planetmotors.ca/_next/image?url=https%3A%2F%2Fimages.unsplash.com%2Fphoto-1619317554428-47e6db3cd80c%3Fw%3D800%26auto%3Dformat%26fit%3Dcrop%26q%3D80&w=1080&q=75:0
[   51050ms] [ERROR] Failed to load resource: the server responded with a status of 404 () @ https://ev.planetmotors.ca/_next/image?url=https%3A%2F%2Fimages.unsplash.com%2Fphoto-1619317554428-47e6db3cd80c%3Fw%3D800%26auto%3Dformat%26fit%3Dcrop%26q%3D80&w=1080&q=75:0
[   51182ms] [ERROR] Failed to load resource: the server responded with a status of 404 () @ https://ev.planetmotors.ca/_next/image?url=https%3A%2F%2Fimages.unsplash.com%2Fphoto-1619317554428-47e6db3cd80c%3Fw%3D800%26auto%3Dformat%26fit%3Dcrop%26q%3D80&w=1080&q=75:0
[   51310ms] [ERROR] Failed to load resource: the server responded with a status of 404 () @ https://ev.planetmotors.ca/_next/image?url=https%3A%2F%2Fimages.unsplash.com%2Fphoto-1619317554428-47e6db3cd80c%3Fw%3D800%26auto%3Dformat%26fit%3Dcrop%26q%3D80&w=1080&q=75:0
[   51422ms] [ERROR] Failed to load resource: the server responded with a status of 404 () @ https://ev.planetmotors.ca/_next/image?url=https%3A%2F%2Fimages.unsplash.com%2Fphoto-1619317554428-47e6db3cd80c%3Fw%3D800%26auto%3Dformat%26fit%3Dcrop%26q%3D80&w=1080&q=75:0
[   51568ms] [ERROR] Failed to load resource: the server responded with a status of 404 () @ https://ev.planetmotors.ca/_next/image?url=https%3A%2F%2Fimages.unsplash.com%2Fphoto-1619317554428-47e6db3cd80c%3Fw%3D800%26auto%3Dformat%26fit%3Dcrop%26q%3D80&w=1080&q=75:0
[   51708ms] [ERROR] Failed to load resource: the server responded with a status of 404 () @ https://ev.planetmotors.ca/_next/image?url=https%3A%2F%2Fimages.unsplash.com%2Fphoto-1619317554428-47e6db3cd80c%3Fw%3D800%26auto%3Dformat%26fit%3Dcrop%26q%3D80&w=1080&q=75:0
[   51810ms] [ERROR] Failed to load resource: the server responded with a status of 404 () @ https://ev.planetmotors.ca/_next/image?url=https%3A%2F%2Fimages.unsplash.com%2Fphoto-1619317554428-47e6db3cd80c%3Fw%3D800%26auto%3Dformat%26fit%3Dcrop%26q%3D80&w=1080&q=75:0
[   51921ms] [ERROR] Failed to load resource: the server responded with a status of 404 () @ https://ev.planetmotors.ca/_next/image?url=https%3A%2F%2Fimages.unsplash.com%2Fphoto-1619317554428-47e6db3cd80c%3Fw%3D800%26auto%3Dformat%26fit%3Dcrop%26q%3D80&w=1080&q=75:0
[   52015ms] [ERROR] Failed to load resource: the server responded with a status of 404 () @ https://ev.planetmotors.ca/_next/image?url=https%3A%2F%2Fimages.unsplash.com%2Fphoto-1619317554428-47e6db3cd80c%3Fw%3D800%26auto%3Dformat%26fit%3Dcrop%26q%3D80&w=1080&q=75:0
[   52111ms] [ERROR] Failed to load resource: the server responded with a status of 404 () @ https://ev.planetmotors.ca/_next/image?url=https%3A%2F%2Fimages.unsplash.com%2Fphoto-1619317554428-47e6db3cd80c%3Fw%3D800%26auto%3Dformat%26fit%3Dcrop%26q%3D80&w=1080&q=75:0
[   52208ms] [ERROR] Failed to load resource: the server responded with a status of 404 () @ https://ev.planetmotors.ca/_next/image?url=https%3A%2F%2Fimages.unsplash.com%2Fphoto-1619317554428-47e6db3cd80c%3Fw%3D800%26auto%3Dformat%26fit%3Dcrop%26q%3D80&w=1080&q=75:0
[   52312ms] [ERROR] Failed to load resource: the server responded with a status of 404 () @ https://ev.planetmotors.ca/_next/image?url=https%3A%2F%2Fimages.unsplash.com%2Fphoto-1619317554428-47e6db3cd80c%3Fw%3D800%26auto%3Dformat%26fit%3Dcrop%26q%3D80&w=1080&q=75:0
[   52790ms] [ERROR] Failed to load resource: the server responded with a status of 404 () @ https://ev.planetmotors.ca/_next/image?url=https%3A%2F%2Fimages.unsplash.com%2Fphoto-1619317554428-47e6db3cd80c%3Fw%3D800%26auto%3Dformat%26fit%3Dcrop%26q%3D80&w=1080&q=75:0
[   52896ms] [ERROR] Failed to load resource: the server responded with a status of 404 () @ https://ev.planetmotors.ca/_next/image?url=https%3A%2F%2Fimages.unsplash.com%2Fphoto-1619317554428-47e6db3cd80c%3Fw%3D800%26auto%3Dformat%26fit%3Dcrop%26q%3D80&w=1080&q=75:0
[   53007ms] [ERROR] Failed to load resource: the server responded with a status of 404 () @ https://ev.planetmotors.ca/_next/image?url=https%3A%2F%2Fimages.unsplash.com%2Fphoto-1619317554428-47e6db3cd80c%3Fw%3D800%26auto%3Dformat%26fit%3Dcrop%26q%3D80&w=1080&q=75:0
[   53109ms] [ERROR] Failed to load resource: the server responded with a status of 404 () @ https://ev.planetmotors.ca/_next/image?url=https%3A%2F%2Fimages.unsplash.com%2Fphoto-1619317554428-47e6db3cd80c%3Fw%3D800%26auto%3Dformat%26fit%3Dcrop%26q%3D80&w=1080&q=75:0
[   53204ms] [ERROR] Failed to load resource: the server responded with a status of 404 () @ https://ev.planetmotors.ca/_next/image?url=https%3A%2F%2Fimages.unsplash.com%2Fphoto-1619317554428-47e6db3cd80c%3Fw%3D800%26auto%3Dformat%26fit%3Dcrop%26q%3D80&w=1080&q=75:0
[   53298ms] [ERROR] Failed to load resource: the server responded with a status of 404 () @ https://ev.planetmotors.ca/_next/image?url=https%3A%2F%2Fimages.unsplash.com%2Fphoto-1619317554428-47e6db3cd80c%3Fw%3D800%26auto%3Dformat%26fit%3Dcrop%26q%3D80&w=1080&q=75:0
[   53723ms] [ERROR] Failed to load resource: the server responded with a status of 404 () @ https://ev.planetmotors.ca/_next/image?url=https%3A%2F%2Fimages.unsplash.com%2Fphoto-1619317554428-47e6db3cd80c%3Fw%3D800%26auto%3Dformat%26fit%3Dcrop%26q%3D80&w=1080&q=75:0
[   53821ms] [ERROR] Failed to load resource: the server responded with a status of 404 () @ https://ev.planetmotors.ca/_next/image?url=https%3A%2F%2Fimages.unsplash.com%2Fphoto-1619317554428-47e6db3cd80c%3Fw%3D800%26auto%3Dformat%26fit%3Dcrop%26q%3D80&w=1080&q=75:0
[   53916ms] [ERROR] Failed to load resource: the server responded with a status of 404 () @ https://ev.planetmotors.ca/_next/image?url=https%3A%2F%2Fimages.unsplash.com%2Fphoto-1619317554428-47e6db3cd80c%3Fw%3D800%26auto%3Dformat%26fit%3Dcrop%26q%3D80&w=1080&q=75:0
[   54036ms] [ERROR] Failed to load resource: the server responded with a status of 404 () @ https://ev.planetmotors.ca/_next/image?url=https%3A%2F%2Fimages.unsplash.com%2Fphoto-1619317554428-47e6db3cd80c%3Fw%3D800%26auto%3Dformat%26fit%3Dcrop%26q%3D80&w=1080&q=75:0
[   54136ms] [ERROR] Failed to load resource: the server responded with a status of 404 () @ https://ev.planetmotors.ca/_next/image?url=https%3A%2F%2Fimages.unsplash.com%2Fphoto-1619317554428-47e6db3cd80c%3Fw%3D800%26auto%3Dformat%26fit%3Dcrop%26q%3D80&w=1080&q=75:0
[   54228ms] [ERROR] Failed to load resource: the server responded with a status of 404 () @ https://ev.planetmotors.ca/_next/image?url=https%3A%2F%2Fimages.unsplash.com%2Fphoto-1619317554428-47e6db3cd80c%3Fw%3D800%26auto%3Dformat%26fit%3Dcrop%26q%3D80&w=1080&q=75:0
[   54339ms] [ERROR] Failed to load resource: the server responded with a status of 404 () @ https://ev.planetmotors.ca/_next/image?url=https%3A%2F%2Fimages.unsplash.com%2Fphoto-1619317554428-47e6db3cd80c%3Fw%3D800%26auto%3Dformat%26fit%3Dcrop%26q%3D80&w=1080&q=75:0
[   54461ms] [ERROR] Failed to load resource: the server responded with a status of 404 () @ https://ev.planetmotors.ca/_next/image?url=https%3A%2F%2Fimages.unsplash.com%2Fphoto-1619317554428-47e6db3cd80c%3Fw%3D800%26auto%3Dformat%26fit%3Dcrop%26q%3D80&w=1080&q=75:0
[   54604ms] [ERROR] Failed to load resource: the server responded with a status of 404 () @ https://ev.planetmotors.ca/_next/image?url=https%3A%2F%2Fimages.unsplash.com%2Fphoto-1619317554428-47e6db3cd80c%3Fw%3D800%26auto%3Dformat%26fit%3Dcrop%26q%3D80&w=1080&q=75:0
[   54704ms] [ERROR] Failed to load resource: the server responded with a status of 404 () @ https://ev.planetmotors.ca/_next/image?url=https%3A%2F%2Fimages.unsplash.com%2Fphoto-1619317554428-47e6db3cd80c%3Fw%3D800%26auto%3Dformat%26fit%3Dcrop%26q%3D80&w=1080&q=75:0
[   54795ms] [ERROR] Failed to load resource: the server responded with a status of 404 () @ https://ev.planetmotors.ca/_next/image?url=https%3A%2F%2Fimages.unsplash.com%2Fphoto-1619317554428-47e6db3cd80c%3Fw%3D800%26auto%3Dformat%26fit%3Dcrop%26q%3D80&w=1080&q=75:0
[   54891ms] [ERROR] Failed to load resource: the server responded with a status of 404 () @ https://ev.planetmotors.ca/_next/image?url=https%3A%2F%2Fimages.unsplash.com%2Fphoto-1619317554428-47e6db3cd80c%3Fw%3D800%26auto%3Dformat%26fit%3Dcrop%26q%3D80&w=1080&q=75:0
[   54995ms] [ERROR] Failed to load resource: the server responded with a status of 404 () @ https://ev.planetmotors.ca/_next/image?url=https%3A%2F%2Fimages.unsplash.com%2Fphoto-1619317554428-47e6db3cd80c%3Fw%3D800%26auto%3Dformat%26fit%3Dcrop%26q%3D80&w=1080&q=75:0
[   55102ms] [ERROR] Failed to load resource: the server responded with a status of 404 () @ https://ev.planetmotors.ca/_next/image?url=https%3A%2F%2Fimages.unsplash.com%2Fphoto-1619317554428-47e6db3cd80c%3Fw%3D800%26auto%3Dformat%26fit%3Dcrop%26q%3D80&w=1080&q=75:0
[   55204ms] [ERROR] Failed to load resource: the server responded with a status of 404 () @ https://ev.planetmotors.ca/_next/image?url=https%3A%2F%2Fimages.unsplash.com%2Fphoto-1619317554428-47e6db3cd80c%3Fw%3D800%26auto%3Dformat%26fit%3Dcrop%26q%3D80&w=1080&q=75:0
[   55294ms] [ERROR] Failed to load resource: the server responded with a status of 404 () @ https://ev.planetmotors.ca/_next/image?url=https%3A%2F%2Fimages.unsplash.com%2Fphoto-1619317554428-47e6db3cd80c%3Fw%3D800%26auto%3Dformat%26fit%3Dcrop%26q%3D80&w=1080&q=75:0
[   55421ms] [ERROR] Failed to load resource: the server responded with a status of 404 () @ https://ev.planetmotors.ca/_next/image?url=https%3A%2F%2Fimages.unsplash.com%2Fphoto-1619317554428-47e6db3cd80c%3Fw%3D800%26auto%3Dformat%26fit%3Dcrop%26q%3D80&w=1080&q=75:0
[   55513ms] [ERROR] Failed to load resource: the server responded with a status of 404 () @ https://ev.planetmotors.ca/_next/image?url=https%3A%2F%2Fimages.unsplash.com%2Fphoto-1619317554428-47e6db3cd80c%3Fw%3D800%26auto%3Dformat%26fit%3Dcrop%26q%3D80&w=1080&q=75:0
[   55621ms] [ERROR] Failed to load resource: the server responded with a status of 404 () @ https://ev.planetmotors.ca/_next/image?url=https%3A%2F%2Fimages.unsplash.com%2Fphoto-1619317554428-47e6db3cd80c%3Fw%3D800%26auto%3Dformat%26fit%3Dcrop%26q%3D80&w=1080&q=75:0
[   55744ms] [ERROR] Failed to load resource: the server responded with a status of 404 () @ https://ev.planetmotors.ca/_next/image?url=https%3A%2F%2Fimages.unsplash.com%2Fphoto-1619317554428-47e6db3cd80c%3Fw%3D800%26auto%3Dformat%26fit%3Dcrop%26q%3D80&w=1080&q=75:0
[   55845ms] [ERROR] Failed to load resource: the server responded with a status of 404 () @ https://ev.planetmotors.ca/_next/image?url=https%3A%2F%2Fimages.unsplash.com%2Fphoto-1619317554428-47e6db3cd80c%3Fw%3D800%26auto%3Dformat%26fit%3Dcrop%26q%3D80&w=1080&q=75:0
[   55963ms] [ERROR] Failed to load resource: the server responded with a status of 404 () @ https://ev.planetmotors.ca/_next/image?url=https%3A%2F%2Fimages.unsplash.com%2Fphoto-1619317554428-47e6db3cd80c%3Fw%3D800%26auto%3Dformat%26fit%3Dcrop%26q%3D80&w=1080&q=75:0
[   56074ms] [ERROR] Failed to load resource: the server responded with a status of 404 () @ https://ev.planetmotors.ca/_next/image?url=https%3A%2F%2Fimages.unsplash.com%2Fphoto-1619317554428-47e6db3cd80c%3Fw%3D800%26auto%3Dformat%26fit%3Dcrop%26q%3D80&w=1080&q=75:0
[   56182ms] [ERROR] Failed to load resource: the server responded with a status of 404 () @ https://ev.planetmotors.ca/_next/image?url=https%3A%2F%2Fimages.unsplash.com%2Fphoto-1619317554428-47e6db3cd80c%3Fw%3D800%26auto%3Dformat%26fit%3Dcrop%26q%3D80&w=1080&q=75:0
[   56280ms] [ERROR] Failed to load resource: the server responded with a status of 404 () @ https://ev.planetmotors.ca/_next/image?url=https%3A%2F%2Fimages.unsplash.com%2Fphoto-1619317554428-47e6db3cd80c%3Fw%3D800%26auto%3Dformat%26fit%3Dcrop%26q%3D80&w=1080&q=75:0
[   56371ms] [ERROR] Failed to load resource: the server responded with a status of 404 () @ https://ev.planetmotors.ca/_next/image?url=https%3A%2F%2Fimages.unsplash.com%2Fphoto-1619317554428-47e6db3cd80c%3Fw%3D800%26auto%3Dformat%26fit%3Dcrop%26q%3D80&w=1080&q=75:0
[   56477ms] [ERROR] Failed to load resource: the server responded with a status of 404 () @ https://ev.planetmotors.ca/_next/image?url=https%3A%2F%2Fimages.unsplash.com%2Fphoto-1619317554428-47e6db3cd80c%3Fw%3D800%26auto%3Dformat%26fit%3Dcrop%26q%3D80&w=1080&q=75:0
[   56586ms] [ERROR] Failed to load resource: the server responded with a status of 404 () @ https://ev.planetmotors.ca/_next/image?url=https%3A%2F%2Fimages.unsplash.com%2Fphoto-1619317554428-47e6db3cd80c%3Fw%3D800%26auto%3Dformat%26fit%3Dcrop%26q%3D80&w=1080&q=75:0
[   56710ms] [ERROR] Failed to load resource: the server responded with a status of 404 () @ https://ev.planetmotors.ca/_next/image?url=https%3A%2F%2Fimages.unsplash.com%2Fphoto-1619317554428-47e6db3cd80c%3Fw%3D800%26auto%3Dformat%26fit%3Dcrop%26q%3D80&w=1080&q=75:0
[   56810ms] [ERROR] Failed to load resource: the server responded with a status of 404 () @ https://ev.planetmotors.ca/_next/image?url=https%3A%2F%2Fimages.unsplash.com%2Fphoto-1619317554428-47e6db3cd80c%3Fw%3D800%26auto%3Dformat%26fit%3Dcrop%26q%3D80&w=1080&q=75:0
[   56910ms] [ERROR] Failed to load resource: the server responded with a status of 404 () @ https://ev.planetmotors.ca/_next/image?url=https%3A%2F%2Fimages.unsplash.com%2Fphoto-1619317554428-47e6db3cd80c%3Fw%3D800%26auto%3Dformat%26fit%3Dcrop%26q%3D80&w=1080&q=75:0
[   56996ms] [ERROR] Failed to load resource: the server responded with a status of 404 () @ https://ev.planetmotors.ca/_next/image?url=https%3A%2F%2Fimages.unsplash.com%2Fphoto-1619317554428-47e6db3cd80c%3Fw%3D800%26auto%3Dformat%26fit%3Dcrop%26q%3D80&w=1080&q=75:0
[   57089ms] [ERROR] Failed to load resource: the server responded with a status of 404 () @ https://ev.planetmotors.ca/_next/image?url=https%3A%2F%2Fimages.unsplash.com%2Fphoto-1619317554428-47e6db3cd80c%3Fw%3D800%26auto%3Dformat%26fit%3Dcrop%26q%3D80&w=1080&q=75:0
[   57191ms] [ERROR] Failed to load resource: the server responded with a status of 404 () @ https://ev.planetmotors.ca/_next/image?url=https%3A%2F%2Fimages.unsplash.com%2Fphoto-1619317554428-47e6db3cd80c%3Fw%3D800%26auto%3Dformat%26fit%3Dcrop%26q%3D80&w=1080&q=75:0
[   57302ms] [ERROR] Failed to load resource: the server responded with a status of 404 () @ https://ev.planetmotors.ca/_next/image?url=https%3A%2F%2Fimages.unsplash.com%2Fphoto-1619317554428-47e6db3cd80c%3Fw%3D800%26auto%3Dformat%26fit%3Dcrop%26q%3D80&w=1080&q=75:0
[   57404ms] [ERROR] Failed to load resource: the server responded with a status of 404 () @ https://ev.planetmotors.ca/_next/image?url=https%3A%2F%2Fimages.unsplash.com%2Fphoto-1619317554428-47e6db3cd80c%3Fw%3D800%26auto%3Dformat%26fit%3Dcrop%26q%3D80&w=1080&q=75:0
[   57497ms] [ERROR] Failed to load resource: the server responded with a status of 404 () @ https://ev.planetmotors.ca/_next/image?url=https%3A%2F%2Fimages.unsplash.com%2Fphoto-1619317554428-47e6db3cd80c%3Fw%3D800%26auto%3Dformat%26fit%3Dcrop%26q%3D80&w=1080&q=75:0
[   57609ms] [ERROR] Failed to load resource: the server responded with a status of 404 () @ https://ev.planetmotors.ca/_next/image?url=https%3A%2F%2Fimages.unsplash.com%2Fphoto-1619317554428-47e6db3cd80c%3Fw%3D800%26auto%3Dformat%26fit%3Dcrop%26q%3D80&w=1080&q=75:0
[   57799ms] [ERROR] Failed to load resource: the server responded with a status of 404 () @ https://ev.planetmotors.ca/_next/image?url=https%3A%2F%2Fimages.unsplash.com%2Fphoto-1619317554428-47e6db3cd80c%3Fw%3D800%26auto%3Dformat%26fit%3Dcrop%26q%3D80&w=1080&q=75:0
[   57889ms] [ERROR] Failed to load resource: the server responded with a status of 404 () @ https://ev.planetmotors.ca/_next/image?url=https%3A%2F%2Fimages.unsplash.com%2Fphoto-1619317554428-47e6db3cd80c%3Fw%3D800%26auto%3Dformat%26fit%3Dcrop%26q%3D80&w=1080&q=75:0
[   57975ms] [ERROR] Failed to load resource: the server responded with a status of 404 () @ https://ev.planetmotors.ca/_next/image?url=https%3A%2F%2Fimages.unsplash.com%2Fphoto-1619317554428-47e6db3cd80c%3Fw%3D800%26auto%3Dformat%26fit%3Dcrop%26q%3D80&w=1080&q=75:0
[   58076ms] [ERROR] Failed to load resource: the server responded with a status of 404 () @ https://ev.planetmotors.ca/_next/image?url=https%3A%2F%2Fimages.unsplash.com%2Fphoto-1619317554428-47e6db3cd80c%3Fw%3D800%26auto%3Dformat%26fit%3Dcrop%26q%3D80&w=1080&q=75:0
[   58180ms] [ERROR] Failed to load resource: the server responded with a status of 404 () @ https://ev.planetmotors.ca/_next/image?url=https%3A%2F%2Fimages.unsplash.com%2Fphoto-1619317554428-47e6db3cd80c%3Fw%3D800%26auto%3Dformat%26fit%3Dcrop%26q%3D80&w=1080&q=75:0
[   58296ms] [ERROR] Failed to load resource: the server responded with a status of 404 () @ https://ev.planetmotors.ca/_next/image?url=https%3A%2F%2Fimages.unsplash.com%2Fphoto-1619317554428-47e6db3cd80c%3Fw%3D800%26auto%3Dformat%26fit%3Dcrop%26q%3D80&w=1080&q=75:0
[   58414ms] [ERROR] Failed to load resource: the server responded with a status of 404 () @ https://ev.planetmotors.ca/_next/image?url=https%3A%2F%2Fimages.unsplash.com%2Fphoto-1619317554428-47e6db3cd80c%3Fw%3D800%26auto%3Dformat%26fit%3Dcrop%26q%3D80&w=1080&q=75:0
[   58515ms] [ERROR] Failed to load resource: the server responded with a status of 404 () @ https://ev.planetmotors.ca/_next/image?url=https%3A%2F%2Fimages.unsplash.com%2Fphoto-1619317554428-47e6db3cd80c%3Fw%3D800%26auto%3Dformat%26fit%3Dcrop%26q%3D80&w=1080&q=75:0
[   58617ms] [ERROR] Failed to load resource: the server responded with a status of 404 () @ https://ev.planetmotors.ca/_next/image?url=https%3A%2F%2Fimages.unsplash.com%2Fphoto-1619317554428-47e6db3cd80c%3Fw%3D800%26auto%3Dformat%26fit%3Dcrop%26q%3D80&w=1080&q=75:0
[   58711ms] [ERROR] Failed to load resource: the server responded with a status of 404 () @ https://ev.planetmotors.ca/_next/image?url=https%3A%2F%2Fimages.unsplash.com%2Fphoto-1619317554428-47e6db3cd80c%3Fw%3D800%26auto%3Dformat%26fit%3Dcrop%26q%3D80&w=1080&q=75:0
[   58797ms] [ERROR] Failed to load resource: the server responded with a status of 404 () @ https://ev.planetmotors.ca/_next/image?url=https%3A%2F%2Fimages.unsplash.com%2Fphoto-1619317554428-47e6db3cd80c%3Fw%3D800%26auto%3Dformat%26fit%3Dcrop%26q%3D80&w=1080&q=75:0
[   58898ms] [ERROR] Failed to load resource: the server responded with a status of 404 () @ https://ev.planetmotors.ca/_next/image?url=https%3A%2F%2Fimages.unsplash.com%2Fphoto-1619317554428-47e6db3cd80c%3Fw%3D800%26auto%3Dformat%26fit%3Dcrop%26q%3D80&w=1080&q=75:0
[   58988ms] [ERROR] Failed to load resource: the server responded with a status of 404 () @ https://ev.planetmotors.ca/_next/image?url=https%3A%2F%2Fimages.unsplash.com%2Fphoto-1619317554428-47e6db3cd80c%3Fw%3D800%26auto%3Dformat%26fit%3Dcrop%26q%3D80&w=1080&q=75:0
[   59087ms] [ERROR] Failed to load resource: the server responded with a status of 404 () @ https://ev.planetmotors.ca/_next/image?url=https%3A%2F%2Fimages.unsplash.com%2Fphoto-1619317554428-47e6db3cd80c%3Fw%3D800%26auto%3Dformat%26fit%3Dcrop%26q%3D80&w=1080&q=75:0
[   59179ms] [ERROR] Failed to load resource: the server responded with a status of 404 () @ https://ev.planetmotors.ca/_next/image?url=https%3A%2F%2Fimages.unsplash.com%2Fphoto-1619317554428-47e6db3cd80c%3Fw%3D800%26auto%3Dformat%26fit%3Dcrop%26q%3D80&w=1080&q=75:0
[   59315ms] [ERROR] Failed to load resource: the server responded with a status of 404 () @ https://ev.planetmotors.ca/_next/image?url=https%3A%2F%2Fimages.unsplash.com%2Fphoto-1619317554428-47e6db3cd80c%3Fw%3D800%26auto%3Dformat%26fit%3Dcrop%26q%3D80&w=1080&q=75:0
[   59423ms] [ERROR] Failed to load resource: the server responded with a status of 404 () @ https://ev.planetmotors.ca/_next/image?url=https%3A%2F%2Fimages.unsplash.com%2Fphoto-1619317554428-47e6db3cd80c%3Fw%3D800%26auto%3Dformat%26fit%3Dcrop%26q%3D80&w=1080&q=75:0
[   59520ms] [ERROR] Failed to load resource: the server responded with a status of 404 () @ https://ev.planetmotors.ca/_next/image?url=https%3A%2F%2Fimages.unsplash.com%2Fphoto-1619317554428-47e6db3cd80c%3Fw%3D800%26auto%3Dformat%26fit%3Dcrop%26q%3D80&w=1080&q=75:0
[   59620ms] [ERROR] Failed to load resource: the server responded with a status of 404 () @ https://ev.planetmotors.ca/_next/image?url=https%3A%2F%2Fimages.unsplash.com%2Fphoto-1619317554428-47e6db3cd80c%3Fw%3D800%26auto%3Dformat%26fit%3Dcrop%26q%3D80&w=1080&q=75:0
[   59725ms] [ERROR] Failed to load resource: the server responded with a status of 404 () @ https://ev.planetmotors.ca/_next/image?url=https%3A%2F%2Fimages.unsplash.com%2Fphoto-1619317554428-47e6db3cd80c%3Fw%3D800%26auto%3Dformat%26fit%3Dcrop%26q%3D80&w=1080&q=75:0
[   59820ms] [ERROR] Failed to load resource: the server responded with a status of 404 () @ https://ev.planetmotors.ca/_next/image?url=https%3A%2F%2Fimages.unsplash.com%2Fphoto-1619317554428-47e6db3cd80c%3Fw%3D800%26auto%3Dformat%26fit%3Dcrop%26q%3D80&w=1080&q=75:0
[   59919ms] [ERROR] Failed to load resource: the server responded with a status of 404 () @ https://ev.planetmotors.ca/_next/image?url=https%3A%2F%2Fimages.unsplash.com%2Fphoto-1619317554428-47e6db3cd80c%3Fw%3D800%26auto%3Dformat%26fit%3Dcrop%26q%3D80&w=1080&q=75:0
[   60031ms] [ERROR] Failed to load resource: the server responded with a status of 404 () @ https://ev.planetmotors.ca/_next/image?url=https%3A%2F%2Fimages.unsplash.com%2Fphoto-1619317554428-47e6db3cd80c%3Fw%3D800%26auto%3Dformat%26fit%3Dcrop%26q%3D80&w=1080&q=75:0
[   60131ms] [ERROR] Failed to load resource: the server responded with a status of 404 () @ https://ev.planetmotors.ca/_next/image?url=https%3A%2F%2Fimages.unsplash.com%2Fphoto-1619317554428-47e6db3cd80c%3Fw%3D800%26auto%3Dformat%26fit%3Dcrop%26q%3D80&w=1080&q=75:0
[   60232ms] [ERROR] Failed to load resource: the server responded with a status of 404 () @ https://ev.planetmotors.ca/_next/image?url=https%3A%2F%2Fimages.unsplash.com%2Fphoto-1619317554428-47e6db3cd80c%3Fw%3D800%26auto%3Dformat%26fit%3Dcrop%26q%3D80&w=1080&q=75:0
[   60325ms] [ERROR] Failed to load resource: the server responded with a status of 404 () @ https://ev.planetmotors.ca/_next/image?url=https%3A%2F%2Fimages.unsplash.com%2Fphoto-1619317554428-47e6db3cd80c%3Fw%3D800%26auto%3Dformat%26fit%3Dcrop%26q%3D80&w=1080&q=75:0
[   60427ms] [ERROR] Failed to load resource: the server responded with a status of 404 () @ https://ev.planetmotors.ca/_next/image?url=https%3A%2F%2Fimages.unsplash.com%2Fphoto-1619317554428-47e6db3cd80c%3Fw%3D800%26auto%3Dformat%26fit%3Dcrop%26q%3D80&w=1080&q=75:0
[   60525ms] [ERROR] Failed to load resource: the server responded with a status of 404 () @ https://ev.planetmotors.ca/_next/image?url=https%3A%2F%2Fimages.unsplash.com%2Fphoto-1619317554428-47e6db3cd80c%3Fw%3D800%26auto%3Dformat%26fit%3Dcrop%26q%3D80&w=1080&q=75:0
[   60625ms] [ERROR] Failed to load resource: the server responded with a status of 404 () @ https://ev.planetmotors.ca/_next/image?url=https%3A%2F%2Fimages.unsplash.com%2Fphoto-1619317554428-47e6db3cd80c%3Fw%3D800%26auto%3Dformat%26fit%3Dcrop%26q%3D80&w=1080&q=75:0
[   60720ms] [ERROR] Failed to load resource: the server responded with a status of 404 () @ https://ev.planetmotors.ca/_next/image?url=https%3A%2F%2Fimages.unsplash.com%2Fphoto-1619317554428-47e6db3cd80c%3Fw%3D800%26auto%3Dformat%26fit%3Dcrop%26q%3D80&w=1080&q=75:0
[   60817ms] [ERROR] Failed to load resource: the server responded with a status of 404 () @ https://ev.planetmotors.ca/_next/image?url=https%3A%2F%2Fimages.unsplash.com%2Fphoto-1619317554428-47e6db3cd80c%3Fw%3D800%26auto%3Dformat%26fit%3Dcrop%26q%3D80&w=1080&q=75:0
[   60923ms] [ERROR] Failed to load resource: the server responded with a status of 404 () @ https://ev.planetmotors.ca/_next/image?url=https%3A%2F%2Fimages.unsplash.com%2Fphoto-1619317554428-47e6db3cd80c%3Fw%3D800%26auto%3Dformat%26fit%3Dcrop%26q%3D80&w=1080&q=75:0
[   61085ms] [ERROR] Failed to load resource: the server responded with a status of 404 () @ https://ev.planetmotors.ca/_next/image?url=https%3A%2F%2Fimages.unsplash.com%2Fphoto-1619317554428-47e6db3cd80c%3Fw%3D800%26auto%3Dformat%26fit%3Dcrop%26q%3D80&w=1080&q=75:0
[   61179ms] [ERROR] Failed to load resource: the server responded with a status of 404 () @ https://ev.planetmotors.ca/_next/image?url=https%3A%2F%2Fimages.unsplash.com%2Fphoto-1619317554428-47e6db3cd80c%3Fw%3D800%26auto%3Dformat%26fit%3Dcrop%26q%3D80&w=1080&q=75:0
[   61273ms] [ERROR] Failed to load resource: the server responded with a status of 404 () @ https://ev.planetmotors.ca/_next/image?url=https%3A%2F%2Fimages.unsplash.com%2Fphoto-1619317554428-47e6db3cd80c%3Fw%3D800%26auto%3Dformat%26fit%3Dcrop%26q%3D80&w=1080&q=75:0
[   61355ms] [ERROR] Failed to load resource: the server responded with a status of 404 () @ https://ev.planetmotors.ca/_next/image?url=https%3A%2F%2Fimages.unsplash.com%2Fphoto-1619317554428-47e6db3cd80c%3Fw%3D800%26auto%3Dformat%26fit%3Dcrop%26q%3D80&w=1080&q=75:0
[   61457ms] [ERROR] Failed to load resource: the server responded with a status of 404 () @ https://ev.planetmotors.ca/_next/image?url=https%3A%2F%2Fimages.unsplash.com%2Fphoto-1619317554428-47e6db3cd80c%3Fw%3D800%26auto%3Dformat%26fit%3Dcrop%26q%3D80&w=1080&q=75:0
[   61559ms] [ERROR] Failed to load resource: the server responded with a status of 404 () @ https://ev.planetmotors.ca/_next/image?url=https%3A%2F%2Fimages.unsplash.com%2Fphoto-1619317554428-47e6db3cd80c%3Fw%3D800%26auto%3Dformat%26fit%3Dcrop%26q%3D80&w=1080&q=75:0
[   61693ms] [ERROR] Failed to load resource: the server responded with a status of 404 () @ https://ev.planetmotors.ca/_next/image?url=https%3A%2F%2Fimages.unsplash.com%2Fphoto-1619317554428-47e6db3cd80c%3Fw%3D800%26auto%3Dformat%26fit%3Dcrop%26q%3D80&w=1080&q=75:0
[   61788ms] [ERROR] Failed to load resource: the server responded with a status of 404 () @ https://ev.planetmotors.ca/_next/image?url=https%3A%2F%2Fimages.unsplash.com%2Fphoto-1619317554428-47e6db3cd80c%3Fw%3D800%26auto%3Dformat%26fit%3Dcrop%26q%3D80&w=1080&q=75:0
[   61877ms] [ERROR] Failed to load resource: the server responded with a status of 404 () @ https://ev.planetmotors.ca/_next/image?url=https%3A%2F%2Fimages.unsplash.com%2Fphoto-1619317554428-47e6db3cd80c%3Fw%3D800%26auto%3Dformat%26fit%3Dcrop%26q%3D80&w=1080&q=75:0
[   61999ms] [ERROR] Failed to load resource: the server responded with a status of 404 () @ https://ev.planetmotors.ca/_next/image?url=https%3A%2F%2Fimages.unsplash.com%2Fphoto-1619317554428-47e6db3cd80c%3Fw%3D800%26auto%3Dformat%26fit%3Dcrop%26q%3D80&w=1080&q=75:0
[   62112ms] [ERROR] Failed to load resource: the server responded with a status of 404 () @ https://ev.planetmotors.ca/_next/image?url=https%3A%2F%2Fimages.unsplash.com%2Fphoto-1619317554428-47e6db3cd80c%3Fw%3D800%26auto%3Dformat%26fit%3Dcrop%26q%3D80&w=1080&q=75:0
[   62204ms] [ERROR] Failed to load resource: the server responded with a status of 404 () @ https://ev.planetmotors.ca/_next/image?url=https%3A%2F%2Fimages.unsplash.com%2Fphoto-1619317554428-47e6db3cd80c%3Fw%3D800%26auto%3Dformat%26fit%3Dcrop%26q%3D80&w=1080&q=75:0
[   62298ms] [ERROR] Failed to load resource: the server responded with a status of 404 () @ https://ev.planetmotors.ca/_next/image?url=https%3A%2F%2Fimages.unsplash.com%2Fphoto-1619317554428-47e6db3cd80c%3Fw%3D800%26auto%3Dformat%26fit%3Dcrop%26q%3D80&w=1080&q=75:0
[   62417ms] [ERROR] Failed to load resource: the server responded with a status of 404 () @ https://ev.planetmotors.ca/_next/image?url=https%3A%2F%2Fimages.unsplash.com%2Fphoto-1619317554428-47e6db3cd80c%3Fw%3D800%26auto%3Dformat%26fit%3Dcrop%26q%3D80&w=1080&q=75:0
[   62521ms] [ERROR] Failed to load resource: the server responded with a status of 404 () @ https://ev.planetmotors.ca/_next/image?url=https%3A%2F%2Fimages.unsplash.com%2Fphoto-1619317554428-47e6db3cd80c%3Fw%3D800%26auto%3Dformat%26fit%3Dcrop%26q%3D80&w=1080&q=75:0
[   62624ms] [ERROR] Failed to load resource: the server responded with a status of 404 () @ https://ev.planetmotors.ca/_next/image?url=https%3A%2F%2Fimages.unsplash.com%2Fphoto-1619317554428-47e6db3cd80c%3Fw%3D800%26auto%3Dformat%26fit%3Dcrop%26q%3D80&w=1080&q=75:0
[   62716ms] [ERROR] Failed to load resource: the server responded with a status of 404 () @ https://ev.planetmotors.ca/_next/image?url=https%3A%2F%2Fimages.unsplash.com%2Fphoto-1619317554428-47e6db3cd80c%3Fw%3D800%26auto%3Dformat%26fit%3Dcrop%26q%3D80&w=1080&q=75:0
[   62821ms] [ERROR] Failed to load resource: the server responded with a status of 404 () @ https://ev.planetmotors.ca/_next/image?url=https%3A%2F%2Fimages.unsplash.com%2Fphoto-1619317554428-47e6db3cd80c%3Fw%3D800%26auto%3Dformat%26fit%3Dcrop%26q%3D80&w=1080&q=75:0
[   62917ms] [ERROR] Failed to load resource: the server responded with a status of 404 () @ https://ev.planetmotors.ca/_next/image?url=https%3A%2F%2Fimages.unsplash.com%2Fphoto-1619317554428-47e6db3cd80c%3Fw%3D800%26auto%3Dformat%26fit%3Dcrop%26q%3D80&w=1080&q=75:0
[   63030ms] [ERROR] Failed to load resource: the server responded with a status of 404 () @ https://ev.planetmotors.ca/_next/image?url=https%3A%2F%2Fimages.unsplash.com%2Fphoto-1619317554428-47e6db3cd80c%3Fw%3D800%26auto%3Dformat%26fit%3Dcrop%26q%3D80&w=1080&q=75:0
[   63124ms] [ERROR] Failed to load resource: the server responded with a status of 404 () @ https://ev.planetmotors.ca/_next/image?url=https%3A%2F%2Fimages.unsplash.com%2Fphoto-1619317554428-47e6db3cd80c%3Fw%3D800%26auto%3Dformat%26fit%3Dcrop%26q%3D80&w=1080&q=75:0
[   63223ms] [ERROR] Failed to load resource: the server responded with a status of 404 () @ https://ev.planetmotors.ca/_next/image?url=https%3A%2F%2Fimages.unsplash.com%2Fphoto-1619317554428-47e6db3cd80c%3Fw%3D800%26auto%3Dformat%26fit%3Dcrop%26q%3D80&w=1080&q=75:0
[   63328ms] [ERROR] Failed to load resource: the server responded with a status of 404 () @ https://ev.planetmotors.ca/_next/image?url=https%3A%2F%2Fimages.unsplash.com%2Fphoto-1619317554428-47e6db3cd80c%3Fw%3D800%26auto%3Dformat%26fit%3Dcrop%26q%3D80&w=1080&q=75:0
[   63436ms] [ERROR] Failed to load resource: the server responded with a status of 404 () @ https://ev.planetmotors.ca/_next/image?url=https%3A%2F%2Fimages.unsplash.com%2Fphoto-1619317554428-47e6db3cd80c%3Fw%3D800%26auto%3Dformat%26fit%3Dcrop%26q%3D80&w=1080&q=75:0
[   63556ms] [ERROR] Failed to load resource: the server responded with a status of 404 () @ https://ev.planetmotors.ca/_next/image?url=https%3A%2F%2Fimages.unsplash.com%2Fphoto-1619317554428-47e6db3cd80c%3Fw%3D800%26auto%3Dformat%26fit%3Dcrop%26q%3D80&w=1080&q=75:0
[   63661ms] [ERROR] Failed to load resource: the server responded with a status of 404 () @ https://ev.planetmotors.ca/_next/image?url=https%3A%2F%2Fimages.unsplash.com%2Fphoto-1619317554428-47e6db3cd80c%3Fw%3D800%26auto%3Dformat%26fit%3Dcrop%26q%3D80&w=1080&q=75:0
[   63777ms] [ERROR] Failed to load resource: the server responded with a status of 404 () @ https://ev.planetmotors.ca/_next/image?url=https%3A%2F%2Fimages.unsplash.com%2Fphoto-1619317554428-47e6db3cd80c%3Fw%3D800%26auto%3Dformat%26fit%3Dcrop%26q%3D80&w=1080&q=75:0
[   63944ms] [ERROR] Failed to load resource: the server responded with a status of 404 () @ https://ev.planetmotors.ca/_next/image?url=https%3A%2F%2Fimages.unsplash.com%2Fphoto-1619317554428-47e6db3cd80c%3Fw%3D800%26auto%3Dformat%26fit%3Dcrop%26q%3D80&w=1080&q=75:0
[   64060ms] [ERROR] Failed to load resource: the server responded with a status of 404 () @ https://ev.planetmotors.ca/_next/image?url=https%3A%2F%2Fimages.unsplash.com%2Fphoto-1619317554428-47e6db3cd80c%3Fw%3D800%26auto%3Dformat%26fit%3Dcrop%26q%3D80&w=1080&q=75:0
[   64162ms] [ERROR] Failed to load resource: the server responded with a status of 404 () @ https://ev.planetmotors.ca/_next/image?url=https%3A%2F%2Fimages.unsplash.com%2Fphoto-1619317554428-47e6db3cd80c%3Fw%3D800%26auto%3Dformat%26fit%3Dcrop%26q%3D80&w=1080&q=75:0
[   64295ms] [ERROR] Failed to load resource: the server responded with a status of 404 () @ https://ev.planetmotors.ca/_next/image?url=https%3A%2F%2Fimages.unsplash.com%2Fphoto-1619317554428-47e6db3cd80c%3Fw%3D800%26auto%3Dformat%26fit%3Dcrop%26q%3D80&w=1080&q=75:0
[   64394ms] [ERROR] Failed to load resource: the server responded with a status of 404 () @ https://ev.planetmotors.ca/_next/image?url=https%3A%2F%2Fimages.unsplash.com%2Fphoto-1619317554428-47e6db3cd80c%3Fw%3D800%26auto%3Dformat%26fit%3Dcrop%26q%3D80&w=1080&q=75:0
[   64504ms] [ERROR] Failed to load resource: the server responded with a status of 404 () @ https://ev.planetmotors.ca/_next/image?url=https%3A%2F%2Fimages.unsplash.com%2Fphoto-1619317554428-47e6db3cd80c%3Fw%3D800%26auto%3Dformat%26fit%3Dcrop%26q%3D80&w=1080&q=75:0
[   64597ms] [ERROR] Failed to load resource: the server responded with a status of 404 () @ https://ev.planetmotors.ca/_next/image?url=https%3A%2F%2Fimages.unsplash.com%2Fphoto-1619317554428-47e6db3cd80c%3Fw%3D800%26auto%3Dformat%26fit%3Dcrop%26q%3D80&w=1080&q=75:0
[   64698ms] [ERROR] Failed to load resource: the server responded with a status of 404 () @ https://ev.planetmotors.ca/_next/image?url=https%3A%2F%2Fimages.unsplash.com%2Fphoto-1619317554428-47e6db3cd80c%3Fw%3D800%26auto%3Dformat%26fit%3Dcrop%26q%3D80&w=1080&q=75:0
[   64800ms] [ERROR] Failed to load resource: the server responded with a status of 404 () @ https://ev.planetmotors.ca/_next/image?url=https%3A%2F%2Fimages.unsplash.com%2Fphoto-1619317554428-47e6db3cd80c%3Fw%3D800%26auto%3Dformat%26fit%3Dcrop%26q%3D80&w=1080&q=75:0
[   64966ms] [ERROR] Failed to load resource: the server responded with a status of 404 () @ https://ev.planetmotors.ca/_next/image?url=https%3A%2F%2Fimages.unsplash.com%2Fphoto-1619317554428-47e6db3cd80c%3Fw%3D800%26auto%3Dformat%26fit%3Dcrop%26q%3D80&w=1080&q=75:0
[   65077ms] [ERROR] Failed to load resource: the server responded with a status of 404 () @ https://ev.planetmotors.ca/_next/image?url=https%3A%2F%2Fimages.unsplash.com%2Fphoto-1619317554428-47e6db3cd80c%3Fw%3D800%26auto%3Dformat%26fit%3Dcrop%26q%3D80&w=1080&q=75:0
[   65191ms] [ERROR] Failed to load resource: the server responded with a status of 404 () @ https://ev.planetmotors.ca/_next/image?url=https%3A%2F%2Fimages.unsplash.com%2Fphoto-1619317554428-47e6db3cd80c%3Fw%3D800%26auto%3Dformat%26fit%3Dcrop%26q%3D80&w=1080&q=75:0
[   65306ms] [ERROR] Failed to load resource: the server responded with a status of 404 () @ https://ev.planetmotors.ca/_next/image?url=https%3A%2F%2Fimages.unsplash.com%2Fphoto-1619317554428-47e6db3cd80c%3Fw%3D800%26auto%3Dformat%26fit%3Dcrop%26q%3D80&w=1080&q=75:0
[   65402ms] [ERROR] Failed to load resource: the server responded with a status of 404 () @ https://ev.planetmotors.ca/_next/image?url=https%3A%2F%2Fimages.unsplash.com%2Fphoto-1619317554428-47e6db3cd80c%3Fw%3D800%26auto%3Dformat%26fit%3Dcrop%26q%3D80&w=1080&q=75:0
